<?xml version="1.0" encoding="UTF-8"?>
<robot generator="Rebot 4.0.3 (Python 3.9.5 on darwin)" generated="20210901 00:28:31.021" rpa="false" schemaversion="2">
<suite id="s1" name="Brf-6652" source="/Users/at/Desktop/AT-auto/robotFramework/auto_py/QC-WEB-MX/testCases/brf-6652.robot">
<kw name="Iniciar configuracion suitetest" library="sharedkeywords" type="SETUP">
<kw name="run charles and record" library="sharedkeywords">
<kw name="Start Charles Proxy In Headless Mode" library="charles_library">
<status status="PASS" starttime="20210901 00:28:16.316" endtime="20210901 00:28:20.321"/>
</kw>
<kw name="Start Charles Proxy Session Recording" library="charles_library">
<status status="PASS" starttime="20210901 00:28:20.322" endtime="20210901 00:28:20.356"/>
</kw>
<status status="PASS" starttime="20210901 00:28:16.316" endtime="20210901 00:28:20.356"/>
</kw>
<status status="PASS" starttime="20210901 00:28:16.315" endtime="20210901 00:28:20.357"/>
</kw>
<test id="s1-t1" name="cv-anonymo">
<kw name="Iniciar configuracion test" library="sharedkeywords" type="SETUP">
<kw name="Configurar Directorio screenshots" library="sharedkeywords">
<kw name="Set Screenshot Directory" library="SeleniumLibrary">
<arg>${screenshots}</arg>
<doc>Sets the directory for captured screenshots.</doc>
<status status="PASS" starttime="20210901 00:28:20.358" endtime="20210901 00:28:20.359"/>
</kw>
<status status="PASS" starttime="20210901 00:28:20.358" endtime="20210901 00:28:20.359"/>
</kw>
<status status="PASS" starttime="20210901 00:28:20.358" endtime="20210901 00:28:20.359"/>
</kw>
<kw name="Abrir landing page" library="sharedkeywords">
<kw name="Open Browser" library="SeleniumLibrary">
<arg>https://www.clarovideo.com/mexico/landing</arg>
<arg>${browser}</arg>
<doc>Opens a new browser instance to the optional ``url``.</doc>
<msg timestamp="20210901 00:28:20.360" level="INFO">Opening browser 'chrome' to base url 'https://www.clarovideo.com/mexico/landing'.</msg>
<status status="PASS" starttime="20210901 00:28:20.360" endtime="20210901 00:28:26.660"/>
</kw>
<status status="PASS" starttime="20210901 00:28:20.359" endtime="20210901 00:28:26.661"/>
</kw>
<kw name="Validar textos y elementos" library="sharedkeywords">
<arg>${elementos_landing_anonimo}</arg>
<arg>${textos_landing_anonimo}</arg>
<for flavor="IN">
<var>${element}</var>
<value>@{e1}</value>
<iter>
<var name="${element}">as_t1</var>
<kw name="Run Keyword And Continue On Failure" library="BuiltIn">
<arg>Wait Until Element is Visible</arg>
<arg>${e1['${element}']}</arg>
<doc>Runs the keyword and continues execution even if a failure occurs.</doc>
<kw name="Wait Until Element Is Visible" library="SeleniumLibrary">
<arg>${e1['${element}']}</arg>
<doc>Waits until the element ``locator`` is visible.</doc>
<status status="PASS" starttime="20210901 00:28:26.665" endtime="20210901 00:28:26.701"/>
</kw>
<status status="PASS" starttime="20210901 00:28:26.664" endtime="20210901 00:28:26.701"/>
</kw>
<kw name="Run Keyword And Continue On Failure" library="BuiltIn">
<arg>element text should be</arg>
<arg>${e1['${element}']}</arg>
<arg>${e2['${element}']}</arg>
<doc>Runs the keyword and continues execution even if a failure occurs.</doc>
<kw name="Element Text Should Be" library="SeleniumLibrary">
<arg>${e1['${element}']}</arg>
<arg>${e2['${element}']}</arg>
<doc>Verifies that element ``locator`` contains exact the text ``expected``.</doc>
<msg timestamp="20210901 00:28:26.703" level="INFO">Verifying element 'xpath=/html/body/div[2]/div/div[1]/div/div[2]/div/div/div[2]' contains exact text '¡Todo lo que te gusta en un sólo lugar!'.</msg>
<status status="PASS" starttime="20210901 00:28:26.702" endtime="20210901 00:28:26.720"/>
</kw>
<status status="PASS" starttime="20210901 00:28:26.702" endtime="20210901 00:28:26.720"/>
</kw>
<kw name="Run Keyword And Continue On Failure" library="BuiltIn">
<arg>capture element screenshot</arg>
<arg>${e1['${element}']}</arg>
<doc>Runs the keyword and continues execution even if a failure occurs.</doc>
<kw name="Capture Element Screenshot" library="SeleniumLibrary">
<arg>${e1['${element}']}</arg>
<doc>Captures a screenshot from the element identified by ``locator`` and embeds it into log file.</doc>
<msg timestamp="20210901 00:28:26.793" level="INFO" html="true">&lt;/td&gt;&lt;/tr&gt;&lt;tr&gt;&lt;td colspan="3"&gt;&lt;a href="../screenshots/selenium-element-screenshot-476.png"&gt;&lt;img src="../screenshots/selenium-element-screenshot-476.png" width="400px"&gt;&lt;/a&gt;</msg>
<status status="PASS" starttime="20210901 00:28:26.721" endtime="20210901 00:28:26.794"/>
</kw>
<status status="PASS" starttime="20210901 00:28:26.721" endtime="20210901 00:28:26.794"/>
</kw>
<status status="PASS" starttime="20210901 00:28:26.664" endtime="20210901 00:28:26.794"/>
</iter>
<iter>
<var name="${element}">as_t2</var>
<kw name="Run Keyword And Continue On Failure" library="BuiltIn">
<arg>Wait Until Element is Visible</arg>
<arg>${e1['${element}']}</arg>
<doc>Runs the keyword and continues execution even if a failure occurs.</doc>
<kw name="Wait Until Element Is Visible" library="SeleniumLibrary">
<arg>${e1['${element}']}</arg>
<doc>Waits until the element ``locator`` is visible.</doc>
<status status="PASS" starttime="20210901 00:28:26.795" endtime="20210901 00:28:26.818"/>
</kw>
<status status="PASS" starttime="20210901 00:28:26.795" endtime="20210901 00:28:26.818"/>
</kw>
<kw name="Run Keyword And Continue On Failure" library="BuiltIn">
<arg>element text should be</arg>
<arg>${e1['${element}']}</arg>
<arg>${e2['${element}']}</arg>
<doc>Runs the keyword and continues execution even if a failure occurs.</doc>
<kw name="Element Text Should Be" library="SeleniumLibrary">
<arg>${e1['${element}']}</arg>
<arg>${e2['${element}']}</arg>
<doc>Verifies that element ``locator`` contains exact the text ``expected``.</doc>
<msg timestamp="20210901 00:28:26.821" level="INFO">Verifying element 'xpath=/html/body/div[2]/div/div[1]/div/div[2]/div/div/div[3]' contains exact text 'El mejor contenido, canales de TV, películas y series.'.</msg>
<status status="PASS" starttime="20210901 00:28:26.819" endtime="20210901 00:28:26.837"/>
</kw>
<status status="PASS" starttime="20210901 00:28:26.819" endtime="20210901 00:28:26.837"/>
</kw>
<kw name="Run Keyword And Continue On Failure" library="BuiltIn">
<arg>capture element screenshot</arg>
<arg>${e1['${element}']}</arg>
<doc>Runs the keyword and continues execution even if a failure occurs.</doc>
<kw name="Capture Element Screenshot" library="SeleniumLibrary">
<arg>${e1['${element}']}</arg>
<doc>Captures a screenshot from the element identified by ``locator`` and embeds it into log file.</doc>
<msg timestamp="20210901 00:28:26.912" level="INFO" html="true">&lt;/td&gt;&lt;/tr&gt;&lt;tr&gt;&lt;td colspan="3"&gt;&lt;a href="../screenshots/selenium-element-screenshot-477.png"&gt;&lt;img src="../screenshots/selenium-element-screenshot-477.png" width="400px"&gt;&lt;/a&gt;</msg>
<status status="PASS" starttime="20210901 00:28:26.838" endtime="20210901 00:28:26.912"/>
</kw>
<status status="PASS" starttime="20210901 00:28:26.838" endtime="20210901 00:28:26.912"/>
</kw>
<status status="PASS" starttime="20210901 00:28:26.794" endtime="20210901 00:28:26.912"/>
</iter>
<iter>
<var name="${element}">as_reg</var>
<kw name="Run Keyword And Continue On Failure" library="BuiltIn">
<arg>Wait Until Element is Visible</arg>
<arg>${e1['${element}']}</arg>
<doc>Runs the keyword and continues execution even if a failure occurs.</doc>
<kw name="Wait Until Element Is Visible" library="SeleniumLibrary">
<arg>${e1['${element}']}</arg>
<doc>Waits until the element ``locator`` is visible.</doc>
<status status="PASS" starttime="20210901 00:28:26.913" endtime="20210901 00:28:26.930"/>
</kw>
<status status="PASS" starttime="20210901 00:28:26.913" endtime="20210901 00:28:26.930"/>
</kw>
<kw name="Run Keyword And Continue On Failure" library="BuiltIn">
<arg>element text should be</arg>
<arg>${e1['${element}']}</arg>
<arg>${e2['${element}']}</arg>
<doc>Runs the keyword and continues execution even if a failure occurs.</doc>
<kw name="Element Text Should Be" library="SeleniumLibrary">
<arg>${e1['${element}']}</arg>
<arg>${e2['${element}']}</arg>
<doc>Verifies that element ``locator`` contains exact the text ``expected``.</doc>
<msg timestamp="20210901 00:28:26.932" level="INFO">Verifying element 'xpath=/html/body/div[2]/div/div[1]/div/div[2]/div/div/div[4]/div/button' contains exact text 'REGÍSTRATE'.</msg>
<status status="PASS" starttime="20210901 00:28:26.931" endtime="20210901 00:28:26.947"/>
</kw>
<status status="PASS" starttime="20210901 00:28:26.930" endtime="20210901 00:28:26.947"/>
</kw>
<kw name="Run Keyword And Continue On Failure" library="BuiltIn">
<arg>capture element screenshot</arg>
<arg>${e1['${element}']}</arg>
<doc>Runs the keyword and continues execution even if a failure occurs.</doc>
<kw name="Capture Element Screenshot" library="SeleniumLibrary">
<arg>${e1['${element}']}</arg>
<doc>Captures a screenshot from the element identified by ``locator`` and embeds it into log file.</doc>
<msg timestamp="20210901 00:28:27.012" level="INFO" html="true">&lt;/td&gt;&lt;/tr&gt;&lt;tr&gt;&lt;td colspan="3"&gt;&lt;a href="../screenshots/selenium-element-screenshot-478.png"&gt;&lt;img src="../screenshots/selenium-element-screenshot-478.png" width="400px"&gt;&lt;/a&gt;</msg>
<status status="PASS" starttime="20210901 00:28:26.948" endtime="20210901 00:28:27.012"/>
</kw>
<status status="PASS" starttime="20210901 00:28:26.948" endtime="20210901 00:28:27.013"/>
</kw>
<status status="PASS" starttime="20210901 00:28:26.912" endtime="20210901 00:28:27.013"/>
</iter>
<iter>
<var name="${element}">as_sesion</var>
<kw name="Run Keyword And Continue On Failure" library="BuiltIn">
<arg>Wait Until Element is Visible</arg>
<arg>${e1['${element}']}</arg>
<doc>Runs the keyword and continues execution even if a failure occurs.</doc>
<kw name="Wait Until Element Is Visible" library="SeleniumLibrary">
<arg>${e1['${element}']}</arg>
<doc>Waits until the element ``locator`` is visible.</doc>
<status status="PASS" starttime="20210901 00:28:27.014" endtime="20210901 00:28:27.034"/>
</kw>
<status status="PASS" starttime="20210901 00:28:27.013" endtime="20210901 00:28:27.034"/>
</kw>
<kw name="Run Keyword And Continue On Failure" library="BuiltIn">
<arg>element text should be</arg>
<arg>${e1['${element}']}</arg>
<arg>${e2['${element}']}</arg>
<doc>Runs the keyword and continues execution even if a failure occurs.</doc>
<kw name="Element Text Should Be" library="SeleniumLibrary">
<arg>${e1['${element}']}</arg>
<arg>${e2['${element}']}</arg>
<doc>Verifies that element ``locator`` contains exact the text ``expected``.</doc>
<msg timestamp="20210901 00:28:27.036" level="INFO">Verifying element 'xpath=/html/body/div[2]/div/div[1]/div/div[2]/div/div/div[5]/div/button' contains exact text 'INICIA SESIÓN'.</msg>
<status status="PASS" starttime="20210901 00:28:27.034" endtime="20210901 00:28:27.052"/>
</kw>
<status status="PASS" starttime="20210901 00:28:27.034" endtime="20210901 00:28:27.052"/>
</kw>
<kw name="Run Keyword And Continue On Failure" library="BuiltIn">
<arg>capture element screenshot</arg>
<arg>${e1['${element}']}</arg>
<doc>Runs the keyword and continues execution even if a failure occurs.</doc>
<kw name="Capture Element Screenshot" library="SeleniumLibrary">
<arg>${e1['${element}']}</arg>
<doc>Captures a screenshot from the element identified by ``locator`` and embeds it into log file.</doc>
<msg timestamp="20210901 00:28:27.111" level="INFO" html="true">&lt;/td&gt;&lt;/tr&gt;&lt;tr&gt;&lt;td colspan="3"&gt;&lt;a href="../screenshots/selenium-element-screenshot-479.png"&gt;&lt;img src="../screenshots/selenium-element-screenshot-479.png" width="400px"&gt;&lt;/a&gt;</msg>
<status status="PASS" starttime="20210901 00:28:27.053" endtime="20210901 00:28:27.111"/>
</kw>
<status status="PASS" starttime="20210901 00:28:27.052" endtime="20210901 00:28:27.111"/>
</kw>
<status status="PASS" starttime="20210901 00:28:27.013" endtime="20210901 00:28:27.112"/>
</iter>
<iter>
<var name="${element}">as_gratis</var>
<kw name="Run Keyword And Continue On Failure" library="BuiltIn">
<arg>Wait Until Element is Visible</arg>
<arg>${e1['${element}']}</arg>
<doc>Runs the keyword and continues execution even if a failure occurs.</doc>
<kw name="Wait Until Element Is Visible" library="SeleniumLibrary">
<arg>${e1['${element}']}</arg>
<doc>Waits until the element ``locator`` is visible.</doc>
<status status="PASS" starttime="20210901 00:28:27.113" endtime="20210901 00:28:27.135"/>
</kw>
<status status="PASS" starttime="20210901 00:28:27.112" endtime="20210901 00:28:27.135"/>
</kw>
<kw name="Run Keyword And Continue On Failure" library="BuiltIn">
<arg>element text should be</arg>
<arg>${e1['${element}']}</arg>
<arg>${e2['${element}']}</arg>
<doc>Runs the keyword and continues execution even if a failure occurs.</doc>
<kw name="Element Text Should Be" library="SeleniumLibrary">
<arg>${e1['${element}']}</arg>
<arg>${e2['${element}']}</arg>
<doc>Verifies that element ``locator`` contains exact the text ``expected``.</doc>
<msg timestamp="20210901 00:28:27.137" level="INFO">Verifying element 'xpath=/html/body/div[2]/div/div[1]/div/div[2]/div/div/div[6]/div/button' contains exact text 'VER GRATIS'.</msg>
<status status="PASS" starttime="20210901 00:28:27.135" endtime="20210901 00:28:27.152"/>
</kw>
<status status="PASS" starttime="20210901 00:28:27.135" endtime="20210901 00:28:27.153"/>
</kw>
<kw name="Run Keyword And Continue On Failure" library="BuiltIn">
<arg>capture element screenshot</arg>
<arg>${e1['${element}']}</arg>
<doc>Runs the keyword and continues execution even if a failure occurs.</doc>
<kw name="Capture Element Screenshot" library="SeleniumLibrary">
<arg>${e1['${element}']}</arg>
<doc>Captures a screenshot from the element identified by ``locator`` and embeds it into log file.</doc>
<msg timestamp="20210901 00:28:27.275" level="INFO" html="true">&lt;/td&gt;&lt;/tr&gt;&lt;tr&gt;&lt;td colspan="3"&gt;&lt;a href="../screenshots/selenium-element-screenshot-480.png"&gt;&lt;img src="../screenshots/selenium-element-screenshot-480.png" width="400px"&gt;&lt;/a&gt;</msg>
<status status="PASS" starttime="20210901 00:28:27.153" endtime="20210901 00:28:27.276"/>
</kw>
<status status="PASS" starttime="20210901 00:28:27.153" endtime="20210901 00:28:27.276"/>
</kw>
<status status="PASS" starttime="20210901 00:28:27.112" endtime="20210901 00:28:27.276"/>
</iter>
<status status="PASS" starttime="20210901 00:28:26.663" endtime="20210901 00:28:27.276"/>
</for>
<status status="PASS" starttime="20210901 00:28:26.662" endtime="20210901 00:28:27.277"/>
</kw>
<kw name="Abrir login page" library="sharedkeywords">
<kw name="Open Browser" library="SeleniumLibrary">
<arg>https://www.clarovideo.com/mexico/login</arg>
<arg>${browser}</arg>
<doc>Opens a new browser instance to the optional ``url``.</doc>
<msg timestamp="20210901 00:28:27.279" level="INFO">Opening browser 'chrome' to base url 'https://www.clarovideo.com/mexico/login'.</msg>
<status status="PASS" starttime="20210901 00:28:27.279" endtime="20210901 00:28:30.440"/>
</kw>
<status status="PASS" starttime="20210901 00:28:27.278" endtime="20210901 00:28:30.441"/>
</kw>
<kw name="Terminar configuracion test" library="sharedkeywords" type="TEARDOWN">
<kw name="Capture Page Screenshot" library="SeleniumLibrary">
<doc>Takes a screenshot of the current page and embeds it into a log file.</doc>
<kw name="Capture Page Screenshot" library="SeleniumLibrary">
<doc>Takes a screenshot of the current page and embeds it into a log file.</doc>
<msg timestamp="20210901 00:28:30.450" level="FAIL">NoSuchWindowException: Message: no such window: target window already closed
from unknown error: web view not found
  (Session info: chrome=93.0.4577.63)
</msg>
<status status="FAIL" starttime="20210901 00:28:30.445" endtime="20210901 00:28:30.450"/>
</kw>
<msg timestamp="20210901 00:28:30.450" level="WARN">Keyword 'Capture Page Screenshot' could not be run on failure: NoSuchWindowException: Message: no such window: target window already closed
from unknown error: web view not found
  (Session info: chrome=93.0.4577.63)
</msg>
<msg timestamp="20210901 00:28:30.450" level="INFO">Traceback (most recent call last):
    ~~~~~~~~~~~~~~~~~~~~~~~~~~~~~~~~~~~~~~~~~~~~~~~~~~~~~~~~~~~~~~~~~~~~~~~~~~
    File  /Users/at/Desktop/AT-auto/robotFramework/auto_py/QC-WEB-MX/testCases/brf-6652.robot:12
    T:  cv-anonymo    
    ~~~~~~~~~~~~~~~~~~~~~~~~~~~~~~~~~~~~~~~~~~~~~~~~~~~~~~~~~~~~~~~~~~~~~~~~~~
    File  /Users/at/Desktop/AT-auto/robotFramework/auto_py/QC-WEB-MX/testCases/brf-6652.robot:5
      Terminar configuracion test    
    ~~~~~~~~~~~~~~~~~~~~~~~~~~~~~~~~~~~~~~~~~~~~~~~~~~~~~~~~~~~~~~~~~~~~~~~~~~
    File  /Users/at/Desktop/AT-auto/robotFramework/auto_py/QC-WEB-MX/resources/keywords/sharedkeywords.robot:169
      Capture Page Screenshot    
    ~~~~~~~~~~~~~~~~~~~~~~~~~~~~~~~~~~~~~~~~~~~~~~~~~~~~~~~~~~~~~~~~~~~~~~~~~~
    File  None:0
      Capture Page Screenshot    
______________________________________________________________________________</msg>
<msg timestamp="20210901 00:28:30.451" level="FAIL">NoSuchWindowException: Message: no such window: target window already closed
from unknown error: web view not found
  (Session info: chrome=93.0.4577.63)
</msg>
<status status="FAIL" starttime="20210901 00:28:30.442" endtime="20210901 00:28:30.451"/>
</kw>
<kw name="Cerrar Browser" library="sharedkeywords">
<kw name="Close Browser" library="SeleniumLibrary">
<doc>Closes the current browser.</doc>
<status status="PASS" starttime="20210901 00:28:30.453" endtime="20210901 00:28:30.524"/>
</kw>
<status status="PASS" starttime="20210901 00:28:30.451" endtime="20210901 00:28:30.524"/>
</kw>
<status status="FAIL" starttime="20210901 00:28:30.441" endtime="20210901 00:28:30.524">NoSuchWindowException: Message: no such window: target window already closed
from unknown error: web view not found
  (Session info: chrome=93.0.4577.63)
</status>
</kw>
<status status="FAIL" starttime="20210901 00:28:20.357" endtime="20210901 00:28:30.525">Teardown failed:
NoSuchWindowException: Message: no such window: target window already closed
from unknown error: web view not found
  (Session info: chrome=93.0.4577.63)
</status>
</test>
<kw name="Terminar configuracion suitetest" library="sharedkeywords" type="TEARDOWN">
<kw name="download charles .chls and close it" library="sharedkeywords">
<kw name="Stop Charles Proxy Session Recording" library="charles_library">
<status status="PASS" starttime="20210901 00:28:30.527" endtime="20210901 00:28:30.535"/>
</kw>
<kw name="Download Charles Proxy Session Recording" library="charles_library">
<status status="PASS" starttime="20210901 00:28:30.535" endtime="20210901 00:28:30.544"/>
</kw>
<kw name="Terminate All Charles Proxy Sessions" library="charles_library">
<status status="PASS" starttime="20210901 00:28:30.544" endtime="20210901 00:28:30.680"/>
</kw>
<status status="PASS" starttime="20210901 00:28:30.527" endtime="20210901 00:28:30.681"/>
</kw>
<kw name="Cerrar todos los navegadores" library="sharedkeywords">
<kw name="Close All Browsers" library="SeleniumLibrary">
<doc>Closes all open browsers and resets the browser cache.</doc>
<status status="PASS" starttime="20210901 00:28:30.681" endtime="20210901 00:28:30.737"/>
</kw>
<status status="PASS" starttime="20210901 00:28:30.681" endtime="20210901 00:28:30.737"/>
</kw>
<status status="PASS" starttime="20210901 00:28:30.526" endtime="20210901 00:28:30.737"/>
</kw>
<doc>validar presencia de elementos y textos de cada elemento en LANDING PAGE, LOGIN PAGE, ANONYMOUS PAGE</doc>
<status status="FAIL" starttime="20210901 00:28:15.944" endtime="20210901 00:28:30.738"/>
</suite>
<statistics>
<total>
<stat pass="0" fail="1" skip="0">All Tests</stat>
</total>
<tag>
</tag>
<suite>
<stat pass="0" fail="1" skip="0" id="s1" name="Brf-6652">Brf-6652</stat>
</suite>
</statistics>
<errors>
<msg timestamp="20210901 00:28:15.969" level="ERROR">Error in resource file '/Users/at/Desktop/AT-auto/robotFramework/auto_py/QC-WEB-MX/resources/keywords/sharedkeywords.robot': Creating keyword 'validador de texto con txt' failed: Invalid argument specification: Invalid argument syntax '${e1['${element}']'.</msg>
<msg timestamp="20210901 00:28:30.450" level="WARN">Keyword 'Capture Page Screenshot' could not be run on failure: NoSuchWindowException: Message: no such window: target window already closed
from unknown error: web view not found
  (Session info: chrome=93.0.4577.63)
</msg>
</errors>
</robot>
