<?xml version="1.0" encoding="UTF-8"?>
<robot generator="Robot 4.0.3 (Python 3.9.5 on darwin)" generated="20210831 18:20:51.323" rpa="false" schemaversion="2">
<suite id="s1" name="Suites">
<suite id="s1-s1" name="CV-MX-WEB-LOGIN PAGES" source="/Users/at/Desktop/AT-auto/robotFramework/auto_py/QC-WEB-MX/testCases/CV-MX-WEB-LOGIN_PAGES.robot">
<kw name="Iniciar configuracion suitetest" library="sharedkeywords" type="SETUP">
<kw name="run charles and record" library="sharedkeywords">
<kw name="Start Charles Proxy In Headless Mode" library="charles_library">
<status status="PASS" starttime="20210831 18:20:51.707" endtime="20210831 18:20:55.715"/>
</kw>
<kw name="Start Charles Proxy Session Recording" library="charles_library">
<status status="PASS" starttime="20210831 18:20:55.716" endtime="20210831 18:20:55.748"/>
</kw>
<status status="PASS" starttime="20210831 18:20:51.707" endtime="20210831 18:20:55.749"/>
</kw>
<status status="PASS" starttime="20210831 18:20:51.706" endtime="20210831 18:20:55.749"/>
</kw>
<test id="s1-s1-t1" name="CV-WEB-MX- VALIDAR ELEMENTOS Y TEXTOS LOGIN PAGE-EMAIL PAGE">
<kw name="Iniciar configuracion test" library="sharedkeywords" type="SETUP">
<kw name="Configurar Directorio screenshots" library="sharedkeywords">
<kw name="Set Screenshot Directory" library="SeleniumLibrary">
<arg>${screenshots}</arg>
<doc>Sets the directory for captured screenshots.</doc>
<status status="PASS" starttime="20210831 18:20:55.751" endtime="20210831 18:20:55.751"/>
</kw>
<status status="PASS" starttime="20210831 18:20:55.750" endtime="20210831 18:20:55.752"/>
</kw>
<status status="PASS" starttime="20210831 18:20:55.750" endtime="20210831 18:20:55.752"/>
</kw>
<kw name="Abrir login page" library="sharedkeywords">
<kw name="Open Browser" library="SeleniumLibrary">
<arg>https://www.clarovideo.com/mexico/login</arg>
<arg>${browser}</arg>
<doc>Opens a new browser instance to the optional ``url``.</doc>
<msg timestamp="20210831 18:20:55.753" level="INFO">Opening browser 'chrome' to base url 'https://www.clarovideo.com/mexico/login'.</msg>
<kw name="Capture Page Screenshot" library="SeleniumLibrary">
<doc>Takes a screenshot of the current page and embeds it into a log file.</doc>
<msg timestamp="20210831 18:20:58.757" level="INFO">Cannot capture screenshot because no browser is open.</msg>
<status status="PASS" starttime="20210831 18:20:58.756" endtime="20210831 18:20:58.757"/>
</kw>
<msg timestamp="20210831 18:20:58.765" level="FAIL">SessionNotCreatedException: Message: session not created: This version of ChromeDriver only supports Chrome version 91
Current browser version is 93.0.4577.63 with binary path /Applications/Google Chrome.app/Contents/MacOS/Google Chrome
</msg>
<status status="FAIL" starttime="20210831 18:20:55.752" endtime="20210831 18:20:58.765"/>
</kw>
<status status="FAIL" starttime="20210831 18:20:55.752" endtime="20210831 18:20:58.766"/>
</kw>
<kw name="Validar textos y elementos" library="sharedkeywords">
<arg>${elementos_login_email}</arg>
<arg>${textos_elementos_login_email}</arg>
<status status="NOT RUN" starttime="20210831 18:20:58.767" endtime="20210831 18:20:58.767"/>
</kw>
<kw name="Terminar configuracion test" library="sharedkeywords" type="TEARDOWN">
<kw name="Capture Page Screenshot" library="SeleniumLibrary">
<doc>Takes a screenshot of the current page and embeds it into a log file.</doc>
<msg timestamp="20210831 18:20:58.769" level="INFO">Cannot capture screenshot because no browser is open.</msg>
<status status="PASS" starttime="20210831 18:20:58.768" endtime="20210831 18:20:58.769"/>
</kw>
<kw name="Cerrar Browser" library="sharedkeywords">
<kw name="Close Browser" library="SeleniumLibrary">
<doc>Closes the current browser.</doc>
<status status="PASS" starttime="20210831 18:20:58.770" endtime="20210831 18:20:58.770"/>
</kw>
<status status="PASS" starttime="20210831 18:20:58.769" endtime="20210831 18:20:58.771"/>
</kw>
<status status="PASS" starttime="20210831 18:20:58.768" endtime="20210831 18:20:58.771"/>
</kw>
<status status="FAIL" starttime="20210831 18:20:55.749" endtime="20210831 18:20:58.771">SessionNotCreatedException: Message: session not created: This version of ChromeDriver only supports Chrome version 91
Current browser version is 93.0.4577.63 with binary path /Applications/Google Chrome.app/Contents/MacOS/Google Chrome
</status>
</test>
<test id="s1-s1-t2" name="CV-WEB-MX- VALIDAR ELEMENTOS Y TEXTOS LOGIN PAGE-PASSWORD PAGE">
<kw name="Iniciar configuracion test" library="sharedkeywords" type="SETUP">
<kw name="Configurar Directorio screenshots" library="sharedkeywords">
<kw name="Set Screenshot Directory" library="SeleniumLibrary">
<arg>${screenshots}</arg>
<doc>Sets the directory for captured screenshots.</doc>
<status status="PASS" starttime="20210831 18:20:58.775" endtime="20210831 18:20:58.776"/>
</kw>
<status status="PASS" starttime="20210831 18:20:58.774" endtime="20210831 18:20:58.776"/>
</kw>
<status status="PASS" starttime="20210831 18:20:58.773" endtime="20210831 18:20:58.776"/>
</kw>
<kw name="Abrir login page" library="sharedkeywords">
<kw name="Open Browser" library="SeleniumLibrary">
<arg>https://www.clarovideo.com/mexico/login</arg>
<arg>${browser}</arg>
<doc>Opens a new browser instance to the optional ``url``.</doc>
<msg timestamp="20210831 18:20:58.777" level="INFO">Opening browser 'chrome' to base url 'https://www.clarovideo.com/mexico/login'.</msg>
<kw name="Capture Page Screenshot" library="SeleniumLibrary">
<doc>Takes a screenshot of the current page and embeds it into a log file.</doc>
<msg timestamp="20210831 18:21:01.058" level="INFO">Cannot capture screenshot because no browser is open.</msg>
<status status="PASS" starttime="20210831 18:21:01.057" endtime="20210831 18:21:01.058"/>
</kw>
<msg timestamp="20210831 18:21:01.058" level="FAIL">SessionNotCreatedException: Message: session not created: This version of ChromeDriver only supports Chrome version 91
Current browser version is 93.0.4577.63 with binary path /Applications/Google Chrome.app/Contents/MacOS/Google Chrome
</msg>
<status status="FAIL" starttime="20210831 18:20:58.777" endtime="20210831 18:21:01.059"/>
</kw>
<status status="FAIL" starttime="20210831 18:20:58.776" endtime="20210831 18:21:01.059"/>
</kw>
<kw name="Ingresar email para login" library="sharedkeywords">
<arg>testqc01_990@gmail.com</arg>
<status status="NOT RUN" starttime="20210831 18:21:01.059" endtime="20210831 18:21:01.059"/>
</kw>
<kw name="Validar textos y elementos" library="sharedkeywords">
<arg>${elementos_login_pass}</arg>
<arg>${textos_elementos_login_pass}</arg>
<status status="NOT RUN" starttime="20210831 18:21:01.059" endtime="20210831 18:21:01.060"/>
</kw>
<kw name="Terminar configuracion test" library="sharedkeywords" type="TEARDOWN">
<kw name="Capture Page Screenshot" library="SeleniumLibrary">
<doc>Takes a screenshot of the current page and embeds it into a log file.</doc>
<msg timestamp="20210831 18:21:01.061" level="INFO">Cannot capture screenshot because no browser is open.</msg>
<status status="PASS" starttime="20210831 18:21:01.060" endtime="20210831 18:21:01.061"/>
</kw>
<kw name="Cerrar Browser" library="sharedkeywords">
<kw name="Close Browser" library="SeleniumLibrary">
<doc>Closes the current browser.</doc>
<status status="PASS" starttime="20210831 18:21:01.061" endtime="20210831 18:21:01.061"/>
</kw>
<status status="PASS" starttime="20210831 18:21:01.061" endtime="20210831 18:21:01.062"/>
</kw>
<status status="PASS" starttime="20210831 18:21:01.060" endtime="20210831 18:21:01.062"/>
</kw>
<status status="FAIL" starttime="20210831 18:20:58.772" endtime="20210831 18:21:01.062">SessionNotCreatedException: Message: session not created: This version of ChromeDriver only supports Chrome version 91
Current browser version is 93.0.4577.63 with binary path /Applications/Google Chrome.app/Contents/MacOS/Google Chrome
</status>
</test>
<test id="s1-s1-t3" name="CV-WEB-MX- VALIDAR FUNCION LOGIN">
<kw name="Iniciar configuracion test" library="sharedkeywords" type="SETUP">
<kw name="Configurar Directorio screenshots" library="sharedkeywords">
<kw name="Set Screenshot Directory" library="SeleniumLibrary">
<arg>${screenshots}</arg>
<doc>Sets the directory for captured screenshots.</doc>
<status status="PASS" starttime="20210831 18:21:01.064" endtime="20210831 18:21:01.065"/>
</kw>
<status status="PASS" starttime="20210831 18:21:01.064" endtime="20210831 18:21:01.065"/>
</kw>
<status status="PASS" starttime="20210831 18:21:01.063" endtime="20210831 18:21:01.065"/>
</kw>
<kw name="Abrir login page" library="sharedkeywords">
<kw name="Open Browser" library="SeleniumLibrary">
<arg>https://www.clarovideo.com/mexico/login</arg>
<arg>${browser}</arg>
<doc>Opens a new browser instance to the optional ``url``.</doc>
<msg timestamp="20210831 18:21:01.066" level="INFO">Opening browser 'chrome' to base url 'https://www.clarovideo.com/mexico/login'.</msg>
<kw name="Capture Page Screenshot" library="SeleniumLibrary">
<doc>Takes a screenshot of the current page and embeds it into a log file.</doc>
<msg timestamp="20210831 18:21:03.352" level="INFO">Cannot capture screenshot because no browser is open.</msg>
<status status="PASS" starttime="20210831 18:21:03.351" endtime="20210831 18:21:03.352"/>
</kw>
<msg timestamp="20210831 18:21:03.353" level="FAIL">SessionNotCreatedException: Message: session not created: This version of ChromeDriver only supports Chrome version 91
Current browser version is 93.0.4577.63 with binary path /Applications/Google Chrome.app/Contents/MacOS/Google Chrome
</msg>
<status status="FAIL" starttime="20210831 18:21:01.066" endtime="20210831 18:21:03.353"/>
</kw>
<status status="FAIL" starttime="20210831 18:21:01.065" endtime="20210831 18:21:03.353"/>
</kw>
<kw name="login CV mx" library="sharedkeywords">
<arg>testqc01_990@gmail.com</arg>
<arg>Claro123</arg>
<status status="NOT RUN" starttime="20210831 18:21:03.354" endtime="20210831 18:21:03.354"/>
</kw>
<kw name="click imagen perfil ir a Home page cv" library="sharedkeywords">
<status status="NOT RUN" starttime="20210831 18:21:03.354" endtime="20210831 18:21:03.354"/>
</kw>
<kw name="Terminar configuracion test" library="sharedkeywords" type="TEARDOWN">
<kw name="Capture Page Screenshot" library="SeleniumLibrary">
<doc>Takes a screenshot of the current page and embeds it into a log file.</doc>
<msg timestamp="20210831 18:21:03.355" level="INFO">Cannot capture screenshot because no browser is open.</msg>
<status status="PASS" starttime="20210831 18:21:03.355" endtime="20210831 18:21:03.355"/>
</kw>
<kw name="Cerrar Browser" library="sharedkeywords">
<kw name="Close Browser" library="SeleniumLibrary">
<doc>Closes the current browser.</doc>
<status status="PASS" starttime="20210831 18:21:03.356" endtime="20210831 18:21:03.357"/>
</kw>
<status status="PASS" starttime="20210831 18:21:03.356" endtime="20210831 18:21:03.357"/>
</kw>
<status status="PASS" starttime="20210831 18:21:03.355" endtime="20210831 18:21:03.357"/>
</kw>
<status status="FAIL" starttime="20210831 18:21:01.063" endtime="20210831 18:21:03.357">SessionNotCreatedException: Message: session not created: This version of ChromeDriver only supports Chrome version 91
Current browser version is 93.0.4577.63 with binary path /Applications/Google Chrome.app/Contents/MacOS/Google Chrome
</status>
</test>
<test id="s1-s1-t4" name="CV-WEB-MX- VALIDAR ELEMENTOS Y TEXTOS LOGIN PAGE-ANONYMOUS PAGE">
<kw name="Iniciar configuracion test" library="sharedkeywords" type="SETUP">
<kw name="Configurar Directorio screenshots" library="sharedkeywords">
<kw name="Set Screenshot Directory" library="SeleniumLibrary">
<arg>${screenshots}</arg>
<doc>Sets the directory for captured screenshots.</doc>
<status status="PASS" starttime="20210831 18:21:03.360" endtime="20210831 18:21:03.360"/>
</kw>
<status status="PASS" starttime="20210831 18:21:03.359" endtime="20210831 18:21:03.360"/>
</kw>
<status status="PASS" starttime="20210831 18:21:03.359" endtime="20210831 18:21:03.360"/>
</kw>
<kw name="Abrir landing page" library="sharedkeywords">
<kw name="Open Browser" library="SeleniumLibrary">
<arg>https://www.clarovideo.com/mexico/landing</arg>
<arg>${browser}</arg>
<doc>Opens a new browser instance to the optional ``url``.</doc>
<msg timestamp="20210831 18:21:03.362" level="INFO">Opening browser 'chrome' to base url 'https://www.clarovideo.com/mexico/landing'.</msg>
<kw name="Capture Page Screenshot" library="SeleniumLibrary">
<doc>Takes a screenshot of the current page and embeds it into a log file.</doc>
<msg timestamp="20210831 18:21:05.645" level="INFO">Cannot capture screenshot because no browser is open.</msg>
<status status="PASS" starttime="20210831 18:21:05.644" endtime="20210831 18:21:05.645"/>
</kw>
<msg timestamp="20210831 18:21:05.646" level="FAIL">SessionNotCreatedException: Message: session not created: This version of ChromeDriver only supports Chrome version 91
Current browser version is 93.0.4577.63 with binary path /Applications/Google Chrome.app/Contents/MacOS/Google Chrome
</msg>
<status status="FAIL" starttime="20210831 18:21:03.361" endtime="20210831 18:21:05.646"/>
</kw>
<status status="FAIL" starttime="20210831 18:21:03.361" endtime="20210831 18:21:05.646"/>
</kw>
<kw name="Validar textos y elementos" library="sharedkeywords">
<arg>${elementos_landing_anonimo}</arg>
<arg>${textos_landing_anonimo}</arg>
<status status="NOT RUN" starttime="20210831 18:21:05.646" endtime="20210831 18:21:05.647"/>
</kw>
<kw name="Terminar configuracion test" library="sharedkeywords" type="TEARDOWN">
<kw name="Capture Page Screenshot" library="SeleniumLibrary">
<doc>Takes a screenshot of the current page and embeds it into a log file.</doc>
<msg timestamp="20210831 18:21:05.648" level="INFO">Cannot capture screenshot because no browser is open.</msg>
<status status="PASS" starttime="20210831 18:21:05.647" endtime="20210831 18:21:05.648"/>
</kw>
<kw name="Cerrar Browser" library="sharedkeywords">
<kw name="Close Browser" library="SeleniumLibrary">
<doc>Closes the current browser.</doc>
<status status="PASS" starttime="20210831 18:21:05.648" endtime="20210831 18:21:05.648"/>
</kw>
<status status="PASS" starttime="20210831 18:21:05.648" endtime="20210831 18:21:05.649"/>
</kw>
<status status="PASS" starttime="20210831 18:21:05.647" endtime="20210831 18:21:05.649"/>
</kw>
<status status="FAIL" starttime="20210831 18:21:03.358" endtime="20210831 18:21:05.649">SessionNotCreatedException: Message: session not created: This version of ChromeDriver only supports Chrome version 91
Current browser version is 93.0.4577.63 with binary path /Applications/Google Chrome.app/Contents/MacOS/Google Chrome
</status>
</test>
<kw name="Terminar configuracion suitetest" library="sharedkeywords" type="TEARDOWN">
<kw name="download charles .chls and close it" library="sharedkeywords">
<kw name="Stop Charles Proxy Session Recording" library="charles_library">
<status status="PASS" starttime="20210831 18:21:05.651" endtime="20210831 18:21:05.659"/>
</kw>
<kw name="Download Charles Proxy Session Recording" library="charles_library">
<status status="PASS" starttime="20210831 18:21:05.660" endtime="20210831 18:21:05.668"/>
</kw>
<kw name="Terminate All Charles Proxy Sessions" library="charles_library">
<status status="PASS" starttime="20210831 18:21:05.668" endtime="20210831 18:21:05.818"/>
</kw>
<status status="PASS" starttime="20210831 18:21:05.650" endtime="20210831 18:21:05.818"/>
</kw>
<kw name="Cerrar todos los navegadores" library="sharedkeywords">
<kw name="Close All Browsers" library="SeleniumLibrary">
<doc>Closes all open browsers and resets the browser cache.</doc>
<status status="PASS" starttime="20210831 18:21:05.819" endtime="20210831 18:21:05.819"/>
</kw>
<status status="PASS" starttime="20210831 18:21:05.818" endtime="20210831 18:21:05.820"/>
</kw>
<status status="PASS" starttime="20210831 18:21:05.650" endtime="20210831 18:21:05.820"/>
</kw>
<doc>validar presencia de elementos y textos de cada elemento en LANDING PAGE, LOGIN PAGE, ANONYMOUS PAGE</doc>
<status status="FAIL" starttime="20210831 18:20:51.348" endtime="20210831 18:21:05.820"/>
</suite>
<status status="FAIL" starttime="20210831 18:20:51.329" endtime="20210831 18:21:05.826"/>
</suite>
<statistics>
<total>
<stat pass="0" fail="4" skip="0">All Tests</stat>
</total>
<tag>
</tag>
<suite>
<stat pass="0" fail="4" skip="0" id="s1" name="Suites">Suites</stat>
<stat pass="0" fail="4" skip="0" id="s1-s1" name="CV-MX-WEB-LOGIN PAGES">Suites.CV-MX-WEB-LOGIN PAGES</stat>
</suite>
</statistics>
<errors>
<msg timestamp="20210831 18:20:51.357" level="ERROR">Error in resource file '/Users/at/Desktop/AT-auto/robotFramework/auto_py/QC-WEB-MX/resources/keywords/sharedkeywords.robot': Creating keyword 'validador de texto con txt' failed: Invalid argument specification: Invalid argument syntax '${e1['${element}']'.</msg>
<msg timestamp="20210831 18:20:51.705" level="ERROR">Error in file '/Users/at/Desktop/AT-auto/robotFramework/auto_py/QC-WEB-MX/resources/keywords/sharedkeywords.robot' on line 25: Variable file '/Users/at/Desktop/AT-auto/robotFramework/auto_py/QC-WEB-MX/resources/CV-POM/EC-brf-6744/Licencia_usuario_final.py' does not exist.</msg>
<msg timestamp="20210831 18:20:51.705" level="ERROR">Error in file '/Users/at/Desktop/AT-auto/robotFramework/auto_py/QC-WEB-MX/resources/keywords/sharedkeywords.robot' on line 26: Variable file '/Users/at/Desktop/AT-auto/robotFramework/auto_py/QC-WEB-MX/resources/CV-POM/EC-brf-6744/politicas_de_privacidad.py' does not exist.</msg>
</errors>
</robot>
