<?xml version="1.0" encoding="UTF-8"?>
<robot generator="Robot 4.0.3 (Python 3.9.5 on darwin)" generated="20210831 18:43:02.224" rpa="false" schemaversion="2">
<suite id="s1" name="Suites">
<suite id="s1-s1" name="CV-MX-WEB-REGISTER &amp; PROMOS PAGES" source="/Users/at/Desktop/AT-auto/robotFramework/auto_py/QC-WEB-MX/testCases/CV-MX-WEB-REGISTER_&amp;_PROMOS_PAGES.robot">
<kw name="Iniciar configuracion suitetest" library="sharedkeywords" type="SETUP">
<kw name="run charles and record" library="sharedkeywords">
<kw name="Start Charles Proxy In Headless Mode" library="charles_library">
<status status="PASS" starttime="20210831 18:43:02.458" endtime="20210831 18:43:06.465"/>
</kw>
<kw name="Start Charles Proxy Session Recording" library="charles_library">
<status status="PASS" starttime="20210831 18:43:06.465" endtime="20210831 18:43:06.490"/>
</kw>
<status status="PASS" starttime="20210831 18:43:02.458" endtime="20210831 18:43:06.490"/>
</kw>
<status status="PASS" starttime="20210831 18:43:02.457" endtime="20210831 18:43:06.491"/>
</kw>
<test id="s1-s1-t1" name="CV-WEB-MX- VALIDAR ELEMENTOS Y TEXTOS REGISTER PAGE">
<kw name="Iniciar configuracion test" library="sharedkeywords" type="SETUP">
<kw name="Configurar Directorio screenshots" library="sharedkeywords">
<kw name="Set Screenshot Directory" library="SeleniumLibrary">
<arg>${screenshots}</arg>
<doc>Sets the directory for captured screenshots.</doc>
<status status="PASS" starttime="20210831 18:43:06.492" endtime="20210831 18:43:06.493"/>
</kw>
<status status="PASS" starttime="20210831 18:43:06.492" endtime="20210831 18:43:06.493"/>
</kw>
<status status="PASS" starttime="20210831 18:43:06.491" endtime="20210831 18:43:06.493"/>
</kw>
<kw name="Abrir register page" library="sharedkeywords">
<kw name="Open Browser" library="SeleniumLibrary">
<arg>https://www.clarovideo.com/mexico/register</arg>
<arg>${browser}</arg>
<doc>Opens a new browser instance to the optional ``url``.</doc>
<msg timestamp="20210831 18:43:06.494" level="INFO">Opening browser 'chrome' to base url 'https://www.clarovideo.com/mexico/register'.</msg>
<kw name="Capture Page Screenshot" library="SeleniumLibrary">
<doc>Takes a screenshot of the current page and embeds it into a log file.</doc>
<msg timestamp="20210831 18:43:08.799" level="INFO">Cannot capture screenshot because no browser is open.</msg>
<status status="PASS" starttime="20210831 18:43:08.798" endtime="20210831 18:43:08.799"/>
</kw>
<msg timestamp="20210831 18:43:08.801" level="FAIL">SessionNotCreatedException: Message: session not created: This version of ChromeDriver only supports Chrome version 91
Current browser version is 93.0.4577.63 with binary path /Applications/Google Chrome.app/Contents/MacOS/Google Chrome
</msg>
<status status="FAIL" starttime="20210831 18:43:06.494" endtime="20210831 18:43:08.802"/>
</kw>
<status status="FAIL" starttime="20210831 18:43:06.493" endtime="20210831 18:43:08.802"/>
</kw>
<kw name="Validar textos y elementos" library="sharedkeywords">
<arg>${elementos_register_page}</arg>
<arg>${textos_register_page}</arg>
<status status="NOT RUN" starttime="20210831 18:43:08.802" endtime="20210831 18:43:08.803"/>
</kw>
<kw name="Terminar configuracion test" library="sharedkeywords" type="TEARDOWN">
<kw name="Capture Page Screenshot" library="SeleniumLibrary">
<doc>Takes a screenshot of the current page and embeds it into a log file.</doc>
<msg timestamp="20210831 18:43:08.804" level="INFO">Cannot capture screenshot because no browser is open.</msg>
<status status="PASS" starttime="20210831 18:43:08.803" endtime="20210831 18:43:08.804"/>
</kw>
<kw name="Cerrar Browser" library="sharedkeywords">
<kw name="Close Browser" library="SeleniumLibrary">
<doc>Closes the current browser.</doc>
<status status="PASS" starttime="20210831 18:43:08.804" endtime="20210831 18:43:08.805"/>
</kw>
<status status="PASS" starttime="20210831 18:43:08.804" endtime="20210831 18:43:08.805"/>
</kw>
<status status="PASS" starttime="20210831 18:43:08.803" endtime="20210831 18:43:08.805"/>
</kw>
<status status="FAIL" starttime="20210831 18:43:06.491" endtime="20210831 18:43:08.805">SessionNotCreatedException: Message: session not created: This version of ChromeDriver only supports Chrome version 91
Current browser version is 93.0.4577.63 with binary path /Applications/Google Chrome.app/Contents/MacOS/Google Chrome
</status>
</test>
<test id="s1-s1-t2" name="CV-WEB-MX- VALIDAR ELEMENTOS Y TEXTOS REGISTER PAGE-T&amp;C FRAME">
<kw name="Iniciar configuracion test" library="sharedkeywords" type="SETUP">
<kw name="Configurar Directorio screenshots" library="sharedkeywords">
<kw name="Set Screenshot Directory" library="SeleniumLibrary">
<arg>${screenshots}</arg>
<doc>Sets the directory for captured screenshots.</doc>
<status status="PASS" starttime="20210831 18:43:08.808" endtime="20210831 18:43:08.808"/>
</kw>
<status status="PASS" starttime="20210831 18:43:08.807" endtime="20210831 18:43:08.808"/>
</kw>
<status status="PASS" starttime="20210831 18:43:08.807" endtime="20210831 18:43:08.809"/>
</kw>
<kw name="Abrir register page" library="sharedkeywords">
<kw name="Open Browser" library="SeleniumLibrary">
<arg>https://www.clarovideo.com/mexico/register</arg>
<arg>${browser}</arg>
<doc>Opens a new browser instance to the optional ``url``.</doc>
<msg timestamp="20210831 18:43:08.809" level="INFO">Opening browser 'chrome' to base url 'https://www.clarovideo.com/mexico/register'.</msg>
<kw name="Capture Page Screenshot" library="SeleniumLibrary">
<doc>Takes a screenshot of the current page and embeds it into a log file.</doc>
<msg timestamp="20210831 18:43:11.036" level="INFO">Cannot capture screenshot because no browser is open.</msg>
<status status="PASS" starttime="20210831 18:43:11.035" endtime="20210831 18:43:11.036"/>
</kw>
<msg timestamp="20210831 18:43:11.037" level="FAIL">SessionNotCreatedException: Message: session not created: This version of ChromeDriver only supports Chrome version 91
Current browser version is 93.0.4577.63 with binary path /Applications/Google Chrome.app/Contents/MacOS/Google Chrome
</msg>
<status status="FAIL" starttime="20210831 18:43:08.809" endtime="20210831 18:43:11.037"/>
</kw>
<status status="FAIL" starttime="20210831 18:43:08.809" endtime="20210831 18:43:11.037"/>
</kw>
<kw name="Click Element" library="SeleniumLibrary">
<arg>${elementos_register_page['reg_terms_link']}</arg>
<doc>Click the element identified by ``locator``.</doc>
<status status="NOT RUN" starttime="20210831 18:43:11.038" endtime="20210831 18:43:11.038"/>
</kw>
<kw name="Wait Until Element Is Visible" library="SeleniumLibrary">
<arg>${elementos_terminosycondiciones['texto_terminos']}</arg>
<doc>Waits until the element ``locator`` is visible.</doc>
<status status="NOT RUN" starttime="20210831 18:43:11.038" endtime="20210831 18:43:11.038"/>
</kw>
<kw name="Get Text" library="SeleniumLibrary">
<var>${textoterminos}</var>
<arg>${elementos_terminosycondiciones['texto_terminos']}</arg>
<doc>Returns the text value of the element identified by ``locator``.</doc>
<status status="NOT RUN" starttime="20210831 18:43:11.038" endtime="20210831 18:43:11.038"/>
</kw>
<kw name="Get File" library="OperatingSystem">
<var>${textoficialterminos}</var>
<arg>/Users/at/Desktop/AT-auto/robotFramework/auto_py/QC-WEB-MX/resources/CV-POM/terminosyCondicionesPage/terminosycondicionesMX2021.txt</arg>
<arg>encoding=UTF-8</arg>
<arg>encoding_errors=strict</arg>
<doc>Returns the contents of a specified file.</doc>
<status status="NOT RUN" starttime="20210831 18:43:11.039" endtime="20210831 18:43:11.039"/>
</kw>
<kw name="Should Be Equal As Strings" library="BuiltIn">
<arg>${textoterminos}</arg>
<arg>${textoficialterminos}</arg>
<doc>Fails if objects are unequal after converting them to strings.</doc>
<status status="NOT RUN" starttime="20210831 18:43:11.039" endtime="20210831 18:43:11.039"/>
</kw>
<kw name="Log" library="BuiltIn">
<arg>${textoterminos}</arg>
<doc>Logs the given message with the given level.</doc>
<status status="NOT RUN" starttime="20210831 18:43:11.039" endtime="20210831 18:43:11.039"/>
</kw>
<kw name="Log" library="BuiltIn">
<arg>${textoficialterminos}</arg>
<doc>Logs the given message with the given level.</doc>
<status status="NOT RUN" starttime="20210831 18:43:11.039" endtime="20210831 18:43:11.040"/>
</kw>
<kw name="Terminar configuracion test" library="sharedkeywords" type="TEARDOWN">
<kw name="Capture Page Screenshot" library="SeleniumLibrary">
<doc>Takes a screenshot of the current page and embeds it into a log file.</doc>
<msg timestamp="20210831 18:43:11.041" level="INFO">Cannot capture screenshot because no browser is open.</msg>
<status status="PASS" starttime="20210831 18:43:11.040" endtime="20210831 18:43:11.041"/>
</kw>
<kw name="Cerrar Browser" library="sharedkeywords">
<kw name="Close Browser" library="SeleniumLibrary">
<doc>Closes the current browser.</doc>
<status status="PASS" starttime="20210831 18:43:11.041" endtime="20210831 18:43:11.041"/>
</kw>
<status status="PASS" starttime="20210831 18:43:11.041" endtime="20210831 18:43:11.042"/>
</kw>
<status status="PASS" starttime="20210831 18:43:11.040" endtime="20210831 18:43:11.042"/>
</kw>
<status status="FAIL" starttime="20210831 18:43:08.806" endtime="20210831 18:43:11.042">SessionNotCreatedException: Message: session not created: This version of ChromeDriver only supports Chrome version 91
Current browser version is 93.0.4577.63 with binary path /Applications/Google Chrome.app/Contents/MacOS/Google Chrome
</status>
</test>
<test id="s1-s1-t3" name="CV-WEB-MX- VALIDAR ELEMENTOS Y TEXTOS REGISTER PAGE-TELMEX FRAME">
<kw name="Iniciar configuracion test" library="sharedkeywords" type="SETUP">
<kw name="Configurar Directorio screenshots" library="sharedkeywords">
<kw name="Set Screenshot Directory" library="SeleniumLibrary">
<arg>${screenshots}</arg>
<doc>Sets the directory for captured screenshots.</doc>
<status status="PASS" starttime="20210831 18:43:11.044" endtime="20210831 18:43:11.045"/>
</kw>
<status status="PASS" starttime="20210831 18:43:11.043" endtime="20210831 18:43:11.045"/>
</kw>
<status status="PASS" starttime="20210831 18:43:11.043" endtime="20210831 18:43:11.045"/>
</kw>
<kw name="Abrir register page" library="sharedkeywords">
<kw name="Open Browser" library="SeleniumLibrary">
<arg>https://www.clarovideo.com/mexico/register</arg>
<arg>${browser}</arg>
<doc>Opens a new browser instance to the optional ``url``.</doc>
<msg timestamp="20210831 18:43:11.046" level="INFO">Opening browser 'chrome' to base url 'https://www.clarovideo.com/mexico/register'.</msg>
<kw name="Capture Page Screenshot" library="SeleniumLibrary">
<doc>Takes a screenshot of the current page and embeds it into a log file.</doc>
<msg timestamp="20210831 18:43:13.271" level="INFO">Cannot capture screenshot because no browser is open.</msg>
<status status="PASS" starttime="20210831 18:43:13.269" endtime="20210831 18:43:13.271"/>
</kw>
<msg timestamp="20210831 18:43:13.272" level="FAIL">SessionNotCreatedException: Message: session not created: This version of ChromeDriver only supports Chrome version 91
Current browser version is 93.0.4577.63 with binary path /Applications/Google Chrome.app/Contents/MacOS/Google Chrome
</msg>
<status status="FAIL" starttime="20210831 18:43:11.046" endtime="20210831 18:43:13.272"/>
</kw>
<status status="FAIL" starttime="20210831 18:43:11.045" endtime="20210831 18:43:13.273"/>
</kw>
<kw name="Wait Until Element Is Visible" library="SeleniumLibrary">
<arg>${elementos_register_page['reg_terms_promo']}</arg>
<doc>Waits until the element ``locator`` is visible.</doc>
<status status="NOT RUN" starttime="20210831 18:43:13.273" endtime="20210831 18:43:13.274"/>
</kw>
<kw name="Click Element" library="SeleniumLibrary">
<arg>${elementos_register_page['reg_terms_promo']}</arg>
<doc>Click the element identified by ``locator``.</doc>
<status status="NOT RUN" starttime="20210831 18:43:13.274" endtime="20210831 18:43:13.274"/>
</kw>
<kw name="Wait Until Element Is Visible" library="SeleniumLibrary">
<arg>${elementos_conocePromos['telmex_texto_promos']}</arg>
<doc>Waits until the element ``locator`` is visible.</doc>
<status status="NOT RUN" starttime="20210831 18:43:13.274" endtime="20210831 18:43:13.275"/>
</kw>
<kw name="Get Text" library="SeleniumLibrary">
<var>${textotelmex_promos}</var>
<arg>${elementos_conocePromos['telmex_texto_promos']}</arg>
<doc>Returns the text value of the element identified by ``locator``.</doc>
<status status="NOT RUN" starttime="20210831 18:43:13.275" endtime="20210831 18:43:13.275"/>
</kw>
<kw name="Get File" library="OperatingSystem">
<var>${textooficialtelmex_promos}</var>
<arg>/Users/at/Desktop/AT-auto/robotFramework/auto_py/QC-WEB-MX/resources/CV-POM/conocelaspromocionesPage/textopromocionesTELMEX.txt</arg>
<arg>encoding=UTF-8</arg>
<arg>encoding_errors=strict</arg>
<doc>Returns the contents of a specified file.</doc>
<status status="NOT RUN" starttime="20210831 18:43:13.276" endtime="20210831 18:43:13.276"/>
</kw>
<kw name="Should Be Equal As Strings" library="BuiltIn">
<arg>${textotelmex_promos}</arg>
<arg>${textooficialtelmex_promos}</arg>
<doc>Fails if objects are unequal after converting them to strings.</doc>
<status status="NOT RUN" starttime="20210831 18:43:13.276" endtime="20210831 18:43:13.276"/>
</kw>
<kw name="Log" library="BuiltIn">
<arg>${textotelmex_promos}</arg>
<doc>Logs the given message with the given level.</doc>
<status status="NOT RUN" starttime="20210831 18:43:13.277" endtime="20210831 18:43:13.277"/>
</kw>
<kw name="Log" library="BuiltIn">
<arg>${textooficialtelmex_promos}</arg>
<doc>Logs the given message with the given level.</doc>
<status status="NOT RUN" starttime="20210831 18:43:13.277" endtime="20210831 18:43:13.277"/>
</kw>
<kw name="Terminar configuracion test" library="sharedkeywords" type="TEARDOWN">
<kw name="Capture Page Screenshot" library="SeleniumLibrary">
<doc>Takes a screenshot of the current page and embeds it into a log file.</doc>
<msg timestamp="20210831 18:43:13.279" level="INFO">Cannot capture screenshot because no browser is open.</msg>
<status status="PASS" starttime="20210831 18:43:13.278" endtime="20210831 18:43:13.279"/>
</kw>
<kw name="Cerrar Browser" library="sharedkeywords">
<kw name="Close Browser" library="SeleniumLibrary">
<doc>Closes the current browser.</doc>
<status status="PASS" starttime="20210831 18:43:13.280" endtime="20210831 18:43:13.280"/>
</kw>
<status status="PASS" starttime="20210831 18:43:13.279" endtime="20210831 18:43:13.281"/>
</kw>
<status status="PASS" starttime="20210831 18:43:13.278" endtime="20210831 18:43:13.281"/>
</kw>
<status status="FAIL" starttime="20210831 18:43:11.042" endtime="20210831 18:43:13.281">SessionNotCreatedException: Message: session not created: This version of ChromeDriver only supports Chrome version 91
Current browser version is 93.0.4577.63 with binary path /Applications/Google Chrome.app/Contents/MacOS/Google Chrome
</status>
</test>
<test id="s1-s1-t4" name="CV-WEB-MX- VALIDAR ELEMENTOS Y TEXTOS REGISTER PAGE-TELCEL FRAME">
<kw name="Iniciar configuracion test" library="sharedkeywords" type="SETUP">
<kw name="Configurar Directorio screenshots" library="sharedkeywords">
<kw name="Set Screenshot Directory" library="SeleniumLibrary">
<arg>${screenshots}</arg>
<doc>Sets the directory for captured screenshots.</doc>
<status status="PASS" starttime="20210831 18:43:13.284" endtime="20210831 18:43:13.285"/>
</kw>
<status status="PASS" starttime="20210831 18:43:13.284" endtime="20210831 18:43:13.285"/>
</kw>
<status status="PASS" starttime="20210831 18:43:13.283" endtime="20210831 18:43:13.286"/>
</kw>
<kw name="Abrir register page" library="sharedkeywords">
<kw name="Open Browser" library="SeleniumLibrary">
<arg>https://www.clarovideo.com/mexico/register</arg>
<arg>${browser}</arg>
<doc>Opens a new browser instance to the optional ``url``.</doc>
<msg timestamp="20210831 18:43:13.287" level="INFO">Opening browser 'chrome' to base url 'https://www.clarovideo.com/mexico/register'.</msg>
<kw name="Capture Page Screenshot" library="SeleniumLibrary">
<doc>Takes a screenshot of the current page and embeds it into a log file.</doc>
<msg timestamp="20210831 18:43:15.549" level="INFO">Cannot capture screenshot because no browser is open.</msg>
<status status="PASS" starttime="20210831 18:43:15.548" endtime="20210831 18:43:15.549"/>
</kw>
<msg timestamp="20210831 18:43:15.550" level="FAIL">SessionNotCreatedException: Message: session not created: This version of ChromeDriver only supports Chrome version 91
Current browser version is 93.0.4577.63 with binary path /Applications/Google Chrome.app/Contents/MacOS/Google Chrome
</msg>
<status status="FAIL" starttime="20210831 18:43:13.287" endtime="20210831 18:43:15.550"/>
</kw>
<status status="FAIL" starttime="20210831 18:43:13.286" endtime="20210831 18:43:15.550"/>
</kw>
<kw name="Wait Until Element Is Visible" library="SeleniumLibrary">
<arg>${elementos_register_page['reg_terms_promo']}</arg>
<doc>Waits until the element ``locator`` is visible.</doc>
<status status="NOT RUN" starttime="20210831 18:43:15.551" endtime="20210831 18:43:15.551"/>
</kw>
<kw name="Click Element" library="SeleniumLibrary">
<arg>${elementos_register_page['reg_terms_promo']}</arg>
<doc>Click the element identified by ``locator``.</doc>
<status status="NOT RUN" starttime="20210831 18:43:15.551" endtime="20210831 18:43:15.551"/>
</kw>
<kw name="Wait Until Element Is Visible" library="SeleniumLibrary">
<arg>${elementos_conocePromos['telcel_texto_promos']}</arg>
<doc>Waits until the element ``locator`` is visible.</doc>
<status status="NOT RUN" starttime="20210831 18:43:15.551" endtime="20210831 18:43:15.551"/>
</kw>
<kw name="Get Text" library="SeleniumLibrary">
<var>${textotelcel_promos}</var>
<arg>${elementos_conocePromos['telcel_texto_promos']}</arg>
<doc>Returns the text value of the element identified by ``locator``.</doc>
<status status="NOT RUN" starttime="20210831 18:43:15.552" endtime="20210831 18:43:15.552"/>
</kw>
<kw name="Get File" library="OperatingSystem">
<var>${textooficialtelcel_promos}</var>
<arg>/Users/at/Desktop/AT-auto/robotFramework/auto_py/QC-WEB-MX/resources/CV-POM/conocelaspromocionesPage/textopromocionesTELCEL.txt</arg>
<arg>encoding=UTF-8</arg>
<arg>encoding_errors=strict</arg>
<doc>Returns the contents of a specified file.</doc>
<status status="NOT RUN" starttime="20210831 18:43:15.552" endtime="20210831 18:43:15.552"/>
</kw>
<kw name="Should Be Equal As Strings" library="BuiltIn">
<arg>${textotelcel_promos}</arg>
<arg>${textooficialtelcel_promos}</arg>
<doc>Fails if objects are unequal after converting them to strings.</doc>
<status status="NOT RUN" starttime="20210831 18:43:15.552" endtime="20210831 18:43:15.552"/>
</kw>
<kw name="Log" library="BuiltIn">
<arg>${textotelcel_promos}</arg>
<doc>Logs the given message with the given level.</doc>
<status status="NOT RUN" starttime="20210831 18:43:15.553" endtime="20210831 18:43:15.553"/>
</kw>
<kw name="Log" library="BuiltIn">
<arg>${textooficialtelcel_promos}</arg>
<doc>Logs the given message with the given level.</doc>
<status status="NOT RUN" starttime="20210831 18:43:15.553" endtime="20210831 18:43:15.553"/>
</kw>
<kw name="Terminar configuracion test" library="sharedkeywords" type="TEARDOWN">
<kw name="Capture Page Screenshot" library="SeleniumLibrary">
<doc>Takes a screenshot of the current page and embeds it into a log file.</doc>
<msg timestamp="20210831 18:43:15.555" level="INFO">Cannot capture screenshot because no browser is open.</msg>
<status status="PASS" starttime="20210831 18:43:15.554" endtime="20210831 18:43:15.555"/>
</kw>
<kw name="Cerrar Browser" library="sharedkeywords">
<kw name="Close Browser" library="SeleniumLibrary">
<doc>Closes the current browser.</doc>
<status status="PASS" starttime="20210831 18:43:15.555" endtime="20210831 18:43:15.556"/>
</kw>
<status status="PASS" starttime="20210831 18:43:15.555" endtime="20210831 18:43:15.556"/>
</kw>
<status status="PASS" starttime="20210831 18:43:15.554" endtime="20210831 18:43:15.556"/>
</kw>
<status status="FAIL" starttime="20210831 18:43:13.282" endtime="20210831 18:43:15.556">SessionNotCreatedException: Message: session not created: This version of ChromeDriver only supports Chrome version 91
Current browser version is 93.0.4577.63 with binary path /Applications/Google Chrome.app/Contents/MacOS/Google Chrome
</status>
</test>
<kw name="Terminar configuracion suitetest" library="sharedkeywords" type="TEARDOWN">
<kw name="download charles .chls and close it" library="sharedkeywords">
<kw name="Stop Charles Proxy Session Recording" library="charles_library">
<status status="PASS" starttime="20210831 18:43:15.558" endtime="20210831 18:43:15.567"/>
</kw>
<kw name="Download Charles Proxy Session Recording" library="charles_library">
<status status="PASS" starttime="20210831 18:43:15.567" endtime="20210831 18:43:15.580"/>
</kw>
<kw name="Terminate All Charles Proxy Sessions" library="charles_library">
<status status="PASS" starttime="20210831 18:43:15.581" endtime="20210831 18:43:15.706"/>
</kw>
<status status="PASS" starttime="20210831 18:43:15.558" endtime="20210831 18:43:15.707"/>
</kw>
<kw name="Cerrar todos los navegadores" library="sharedkeywords">
<kw name="Close All Browsers" library="SeleniumLibrary">
<doc>Closes all open browsers and resets the browser cache.</doc>
<status status="PASS" starttime="20210831 18:43:15.707" endtime="20210831 18:43:15.708"/>
</kw>
<status status="PASS" starttime="20210831 18:43:15.707" endtime="20210831 18:43:15.708"/>
</kw>
<status status="PASS" starttime="20210831 18:43:15.558" endtime="20210831 18:43:15.708"/>
</kw>
<doc>validar presencia de elementos y textos de cada elemento en REGISTER PAGE, T&amp;C PAGE, PROMOTIONS_TELMEX, PROMOTIONS_TELCEL</doc>
<status status="FAIL" starttime="20210831 18:43:02.253" endtime="20210831 18:43:15.708"/>
</suite>
<status status="FAIL" starttime="20210831 18:43:02.235" endtime="20210831 18:43:15.714"/>
</suite>
<statistics>
<total>
<stat pass="0" fail="4" skip="0">All Tests</stat>
</total>
<tag>
</tag>
<suite>
<stat pass="0" fail="4" skip="0" id="s1" name="Suites">Suites</stat>
<stat pass="0" fail="4" skip="0" id="s1-s1" name="CV-MX-WEB-REGISTER &amp; PROMOS PAGES">Suites.CV-MX-WEB-REGISTER &amp; PROMOS PAGES</stat>
</suite>
</statistics>
<errors>
<msg timestamp="20210831 18:43:02.261" level="ERROR">Error in resource file '/Users/at/Desktop/AT-auto/robotFramework/auto_py/QC-WEB-MX/resources/keywords/sharedkeywords.robot': Creating keyword 'validador de texto con txt' failed: Invalid argument specification: Invalid argument syntax '${e1['${element}']'.</msg>
<msg timestamp="20210831 18:43:02.456" level="ERROR">Error in file '/Users/at/Desktop/AT-auto/robotFramework/auto_py/QC-WEB-MX/resources/keywords/sharedkeywords.robot' on line 25: Variable file '/Users/at/Desktop/AT-auto/robotFramework/auto_py/QC-WEB-MX/resources/CV-POM/EC-brf-6744/Licencia_usuario_final.py' does not exist.</msg>
<msg timestamp="20210831 18:43:02.456" level="ERROR">Error in file '/Users/at/Desktop/AT-auto/robotFramework/auto_py/QC-WEB-MX/resources/keywords/sharedkeywords.robot' on line 26: Variable file '/Users/at/Desktop/AT-auto/robotFramework/auto_py/QC-WEB-MX/resources/CV-POM/EC-brf-6744/politicas_de_privacidad.py' does not exist.</msg>
</errors>
</robot>
