<?xml version="1.0" encoding="UTF-8"?>
<robot generator="Robot 4.0.3 (Python 3.9.5 on darwin)" generated="20210831 18:25:06.710" rpa="false" schemaversion="2">
<suite id="s1" name="Suites">
<suite id="s1-s1" name="CV-MX-WEB-LOGIN PAGES" source="/Users/at/Desktop/AT-auto/robotFramework/auto_py/QC-WEB-MX/testCases/CV-MX-WEB-LOGIN_PAGES.robot">
<kw name="Iniciar configuracion suitetest" library="sharedkeywords" type="SETUP">
<kw name="run charles and record" library="sharedkeywords">
<kw name="Start Charles Proxy In Headless Mode" library="charles_library">
<status status="PASS" starttime="20210831 18:25:06.931" endtime="20210831 18:25:10.934"/>
</kw>
<kw name="Start Charles Proxy Session Recording" library="charles_library">
<status status="PASS" starttime="20210831 18:25:10.935" endtime="20210831 18:25:10.959"/>
</kw>
<status status="PASS" starttime="20210831 18:25:06.931" endtime="20210831 18:25:10.959"/>
</kw>
<status status="PASS" starttime="20210831 18:25:06.930" endtime="20210831 18:25:10.959"/>
</kw>
<test id="s1-s1-t1" name="CV-WEB-MX- VALIDAR ELEMENTOS Y TEXTOS LOGIN PAGE-EMAIL PAGE">
<kw name="Iniciar configuracion test" library="sharedkeywords" type="SETUP">
<kw name="Configurar Directorio screenshots" library="sharedkeywords">
<kw name="Set Screenshot Directory" library="SeleniumLibrary">
<arg>${screenshots}</arg>
<doc>Sets the directory for captured screenshots.</doc>
<status status="PASS" starttime="20210831 18:25:10.961" endtime="20210831 18:25:10.962"/>
</kw>
<status status="PASS" starttime="20210831 18:25:10.961" endtime="20210831 18:25:10.962"/>
</kw>
<status status="PASS" starttime="20210831 18:25:10.960" endtime="20210831 18:25:10.962"/>
</kw>
<kw name="Abrir login page" library="sharedkeywords">
<kw name="Open Browser" library="SeleniumLibrary">
<arg>https://www.clarovideo.com/mexico/login</arg>
<arg>${browser}</arg>
<doc>Opens a new browser instance to the optional ``url``.</doc>
<msg timestamp="20210831 18:25:10.963" level="INFO">Opening browser 'chrome' to base url 'https://www.clarovideo.com/mexico/login'.</msg>
<kw name="Capture Page Screenshot" library="SeleniumLibrary">
<doc>Takes a screenshot of the current page and embeds it into a log file.</doc>
<msg timestamp="20210831 18:25:15.010" level="INFO">Cannot capture screenshot because no browser is open.</msg>
<status status="PASS" starttime="20210831 18:25:15.009" endtime="20210831 18:25:15.010"/>
</kw>
<msg timestamp="20210831 18:25:15.013" level="FAIL">SessionNotCreatedException: Message: session not created: This version of ChromeDriver only supports Chrome version 91
Current browser version is 93.0.4577.63 with binary path /Applications/Google Chrome.app/Contents/MacOS/Google Chrome
</msg>
<status status="FAIL" starttime="20210831 18:25:10.963" endtime="20210831 18:25:15.013"/>
</kw>
<status status="FAIL" starttime="20210831 18:25:10.962" endtime="20210831 18:25:15.013"/>
</kw>
<kw name="Validar textos y elementos" library="sharedkeywords">
<arg>${elementos_login_email}</arg>
<arg>${textos_elementos_login_email}</arg>
<status status="NOT RUN" starttime="20210831 18:25:15.014" endtime="20210831 18:25:15.014"/>
</kw>
<kw name="Terminar configuracion test" library="sharedkeywords" type="TEARDOWN">
<kw name="Capture Page Screenshot" library="SeleniumLibrary">
<doc>Takes a screenshot of the current page and embeds it into a log file.</doc>
<msg timestamp="20210831 18:25:15.015" level="INFO">Cannot capture screenshot because no browser is open.</msg>
<status status="PASS" starttime="20210831 18:25:15.015" endtime="20210831 18:25:15.015"/>
</kw>
<kw name="Cerrar Browser" library="sharedkeywords">
<kw name="Close Browser" library="SeleniumLibrary">
<doc>Closes the current browser.</doc>
<status status="PASS" starttime="20210831 18:25:15.016" endtime="20210831 18:25:15.016"/>
</kw>
<status status="PASS" starttime="20210831 18:25:15.015" endtime="20210831 18:25:15.016"/>
</kw>
<status status="PASS" starttime="20210831 18:25:15.014" endtime="20210831 18:25:15.017"/>
</kw>
<status status="FAIL" starttime="20210831 18:25:10.960" endtime="20210831 18:25:15.017">SessionNotCreatedException: Message: session not created: This version of ChromeDriver only supports Chrome version 91
Current browser version is 93.0.4577.63 with binary path /Applications/Google Chrome.app/Contents/MacOS/Google Chrome
</status>
</test>
<test id="s1-s1-t2" name="CV-WEB-MX- VALIDAR ELEMENTOS Y TEXTOS LOGIN PAGE-PASSWORD PAGE">
<kw name="Iniciar configuracion test" library="sharedkeywords" type="SETUP">
<kw name="Configurar Directorio screenshots" library="sharedkeywords">
<kw name="Set Screenshot Directory" library="SeleniumLibrary">
<arg>${screenshots}</arg>
<doc>Sets the directory for captured screenshots.</doc>
<status status="PASS" starttime="20210831 18:25:15.019" endtime="20210831 18:25:15.020"/>
</kw>
<status status="PASS" starttime="20210831 18:25:15.019" endtime="20210831 18:25:15.020"/>
</kw>
<status status="PASS" starttime="20210831 18:25:15.018" endtime="20210831 18:25:15.020"/>
</kw>
<kw name="Abrir login page" library="sharedkeywords">
<kw name="Open Browser" library="SeleniumLibrary">
<arg>https://www.clarovideo.com/mexico/login</arg>
<arg>${browser}</arg>
<doc>Opens a new browser instance to the optional ``url``.</doc>
<msg timestamp="20210831 18:25:15.021" level="INFO">Opening browser 'chrome' to base url 'https://www.clarovideo.com/mexico/login'.</msg>
<kw name="Capture Page Screenshot" library="SeleniumLibrary">
<doc>Takes a screenshot of the current page and embeds it into a log file.</doc>
<msg timestamp="20210831 18:25:17.216" level="INFO">Cannot capture screenshot because no browser is open.</msg>
<status status="PASS" starttime="20210831 18:25:17.215" endtime="20210831 18:25:17.216"/>
</kw>
<msg timestamp="20210831 18:25:17.218" level="FAIL">SessionNotCreatedException: Message: session not created: This version of ChromeDriver only supports Chrome version 91
Current browser version is 93.0.4577.63 with binary path /Applications/Google Chrome.app/Contents/MacOS/Google Chrome
</msg>
<status status="FAIL" starttime="20210831 18:25:15.021" endtime="20210831 18:25:17.218"/>
</kw>
<status status="FAIL" starttime="20210831 18:25:15.020" endtime="20210831 18:25:17.218"/>
</kw>
<kw name="Ingresar email para login" library="sharedkeywords">
<arg>testqc01_990@gmail.com</arg>
<status status="NOT RUN" starttime="20210831 18:25:17.219" endtime="20210831 18:25:17.219"/>
</kw>
<kw name="Validar textos y elementos" library="sharedkeywords">
<arg>${elementos_login_pass}</arg>
<arg>${textos_elementos_login_pass}</arg>
<status status="NOT RUN" starttime="20210831 18:25:17.219" endtime="20210831 18:25:17.220"/>
</kw>
<kw name="Terminar configuracion test" library="sharedkeywords" type="TEARDOWN">
<kw name="Capture Page Screenshot" library="SeleniumLibrary">
<doc>Takes a screenshot of the current page and embeds it into a log file.</doc>
<msg timestamp="20210831 18:25:17.221" level="INFO">Cannot capture screenshot because no browser is open.</msg>
<status status="PASS" starttime="20210831 18:25:17.220" endtime="20210831 18:25:17.221"/>
</kw>
<kw name="Cerrar Browser" library="sharedkeywords">
<kw name="Close Browser" library="SeleniumLibrary">
<doc>Closes the current browser.</doc>
<status status="PASS" starttime="20210831 18:25:17.221" endtime="20210831 18:25:17.221"/>
</kw>
<status status="PASS" starttime="20210831 18:25:17.221" endtime="20210831 18:25:17.222"/>
</kw>
<status status="PASS" starttime="20210831 18:25:17.220" endtime="20210831 18:25:17.222"/>
</kw>
<status status="FAIL" starttime="20210831 18:25:15.017" endtime="20210831 18:25:17.222">SessionNotCreatedException: Message: session not created: This version of ChromeDriver only supports Chrome version 91
Current browser version is 93.0.4577.63 with binary path /Applications/Google Chrome.app/Contents/MacOS/Google Chrome
</status>
</test>
<test id="s1-s1-t3" name="CV-WEB-MX- VALIDAR FUNCION LOGIN">
<kw name="Iniciar configuracion test" library="sharedkeywords" type="SETUP">
<kw name="Configurar Directorio screenshots" library="sharedkeywords">
<kw name="Set Screenshot Directory" library="SeleniumLibrary">
<arg>${screenshots}</arg>
<doc>Sets the directory for captured screenshots.</doc>
<status status="PASS" starttime="20210831 18:25:17.224" endtime="20210831 18:25:17.224"/>
</kw>
<status status="PASS" starttime="20210831 18:25:17.223" endtime="20210831 18:25:17.224"/>
</kw>
<status status="PASS" starttime="20210831 18:25:17.223" endtime="20210831 18:25:17.225"/>
</kw>
<kw name="Abrir login page" library="sharedkeywords">
<kw name="Open Browser" library="SeleniumLibrary">
<arg>https://www.clarovideo.com/mexico/login</arg>
<arg>${browser}</arg>
<doc>Opens a new browser instance to the optional ``url``.</doc>
<msg timestamp="20210831 18:25:17.226" level="INFO">Opening browser 'chrome' to base url 'https://www.clarovideo.com/mexico/login'.</msg>
<kw name="Capture Page Screenshot" library="SeleniumLibrary">
<doc>Takes a screenshot of the current page and embeds it into a log file.</doc>
<msg timestamp="20210831 18:25:19.413" level="INFO">Cannot capture screenshot because no browser is open.</msg>
<status status="PASS" starttime="20210831 18:25:19.413" endtime="20210831 18:25:19.414"/>
</kw>
<msg timestamp="20210831 18:25:19.414" level="FAIL">SessionNotCreatedException: Message: session not created: This version of ChromeDriver only supports Chrome version 91
Current browser version is 93.0.4577.63 with binary path /Applications/Google Chrome.app/Contents/MacOS/Google Chrome
</msg>
<status status="FAIL" starttime="20210831 18:25:17.225" endtime="20210831 18:25:19.414"/>
</kw>
<status status="FAIL" starttime="20210831 18:25:17.225" endtime="20210831 18:25:19.415"/>
</kw>
<kw name="login CV mx" library="sharedkeywords">
<arg>testqc01_990@gmail.com</arg>
<arg>Claro123</arg>
<status status="NOT RUN" starttime="20210831 18:25:19.415" endtime="20210831 18:25:19.415"/>
</kw>
<kw name="click imagen perfil ir a Home page cv" library="sharedkeywords">
<status status="NOT RUN" starttime="20210831 18:25:19.415" endtime="20210831 18:25:19.416"/>
</kw>
<kw name="Terminar configuracion test" library="sharedkeywords" type="TEARDOWN">
<kw name="Capture Page Screenshot" library="SeleniumLibrary">
<doc>Takes a screenshot of the current page and embeds it into a log file.</doc>
<msg timestamp="20210831 18:25:19.419" level="INFO">Cannot capture screenshot because no browser is open.</msg>
<status status="PASS" starttime="20210831 18:25:19.418" endtime="20210831 18:25:19.419"/>
</kw>
<kw name="Cerrar Browser" library="sharedkeywords">
<kw name="Close Browser" library="SeleniumLibrary">
<doc>Closes the current browser.</doc>
<status status="PASS" starttime="20210831 18:25:19.420" endtime="20210831 18:25:19.420"/>
</kw>
<status status="PASS" starttime="20210831 18:25:19.419" endtime="20210831 18:25:19.421"/>
</kw>
<status status="PASS" starttime="20210831 18:25:19.416" endtime="20210831 18:25:19.421"/>
</kw>
<status status="FAIL" starttime="20210831 18:25:17.223" endtime="20210831 18:25:19.421">SessionNotCreatedException: Message: session not created: This version of ChromeDriver only supports Chrome version 91
Current browser version is 93.0.4577.63 with binary path /Applications/Google Chrome.app/Contents/MacOS/Google Chrome
</status>
</test>
<test id="s1-s1-t4" name="CV-WEB-MX- VALIDAR ELEMENTOS Y TEXTOS LOGIN PAGE-ANONYMOUS PAGE">
<kw name="Iniciar configuracion test" library="sharedkeywords" type="SETUP">
<kw name="Configurar Directorio screenshots" library="sharedkeywords">
<kw name="Set Screenshot Directory" library="SeleniumLibrary">
<arg>${screenshots}</arg>
<doc>Sets the directory for captured screenshots.</doc>
<status status="PASS" starttime="20210831 18:25:19.424" endtime="20210831 18:25:19.425"/>
</kw>
<status status="PASS" starttime="20210831 18:25:19.423" endtime="20210831 18:25:19.425"/>
</kw>
<status status="PASS" starttime="20210831 18:25:19.423" endtime="20210831 18:25:19.425"/>
</kw>
<kw name="Abrir landing page" library="sharedkeywords">
<kw name="Open Browser" library="SeleniumLibrary">
<arg>https://www.clarovideo.com/mexico/landing</arg>
<arg>${browser}</arg>
<doc>Opens a new browser instance to the optional ``url``.</doc>
<msg timestamp="20210831 18:25:19.426" level="INFO">Opening browser 'chrome' to base url 'https://www.clarovideo.com/mexico/landing'.</msg>
<kw name="Capture Page Screenshot" library="SeleniumLibrary">
<doc>Takes a screenshot of the current page and embeds it into a log file.</doc>
<msg timestamp="20210831 18:25:21.752" level="INFO">Cannot capture screenshot because no browser is open.</msg>
<status status="PASS" starttime="20210831 18:25:21.751" endtime="20210831 18:25:21.752"/>
</kw>
<msg timestamp="20210831 18:25:21.753" level="FAIL">SessionNotCreatedException: Message: session not created: This version of ChromeDriver only supports Chrome version 91
Current browser version is 93.0.4577.63 with binary path /Applications/Google Chrome.app/Contents/MacOS/Google Chrome
</msg>
<status status="FAIL" starttime="20210831 18:25:19.426" endtime="20210831 18:25:21.753"/>
</kw>
<status status="FAIL" starttime="20210831 18:25:19.425" endtime="20210831 18:25:21.753"/>
</kw>
<kw name="Validar textos y elementos" library="sharedkeywords">
<arg>${elementos_landing_anonimo}</arg>
<arg>${textos_landing_anonimo}</arg>
<status status="NOT RUN" starttime="20210831 18:25:21.754" endtime="20210831 18:25:21.754"/>
</kw>
<kw name="Terminar configuracion test" library="sharedkeywords" type="TEARDOWN">
<kw name="Capture Page Screenshot" library="SeleniumLibrary">
<doc>Takes a screenshot of the current page and embeds it into a log file.</doc>
<msg timestamp="20210831 18:25:21.755" level="INFO">Cannot capture screenshot because no browser is open.</msg>
<status status="PASS" starttime="20210831 18:25:21.755" endtime="20210831 18:25:21.755"/>
</kw>
<kw name="Cerrar Browser" library="sharedkeywords">
<kw name="Close Browser" library="SeleniumLibrary">
<doc>Closes the current browser.</doc>
<status status="PASS" starttime="20210831 18:25:21.755" endtime="20210831 18:25:21.756"/>
</kw>
<status status="PASS" starttime="20210831 18:25:21.755" endtime="20210831 18:25:21.756"/>
</kw>
<status status="PASS" starttime="20210831 18:25:21.754" endtime="20210831 18:25:21.756"/>
</kw>
<status status="FAIL" starttime="20210831 18:25:19.422" endtime="20210831 18:25:21.756">SessionNotCreatedException: Message: session not created: This version of ChromeDriver only supports Chrome version 91
Current browser version is 93.0.4577.63 with binary path /Applications/Google Chrome.app/Contents/MacOS/Google Chrome
</status>
</test>
<kw name="Terminar configuracion suitetest" library="sharedkeywords" type="TEARDOWN">
<kw name="download charles .chls and close it" library="sharedkeywords">
<kw name="Stop Charles Proxy Session Recording" library="charles_library">
<status status="PASS" starttime="20210831 18:25:21.758" endtime="20210831 18:25:21.766"/>
</kw>
<kw name="Download Charles Proxy Session Recording" library="charles_library">
<status status="PASS" starttime="20210831 18:25:21.766" endtime="20210831 18:25:21.775"/>
</kw>
<kw name="Terminate All Charles Proxy Sessions" library="charles_library">
<status status="PASS" starttime="20210831 18:25:21.776" endtime="20210831 18:25:21.916"/>
</kw>
<status status="PASS" starttime="20210831 18:25:21.758" endtime="20210831 18:25:21.917"/>
</kw>
<kw name="Cerrar todos los navegadores" library="sharedkeywords">
<kw name="Close All Browsers" library="SeleniumLibrary">
<doc>Closes all open browsers and resets the browser cache.</doc>
<status status="PASS" starttime="20210831 18:25:21.918" endtime="20210831 18:25:21.918"/>
</kw>
<status status="PASS" starttime="20210831 18:25:21.917" endtime="20210831 18:25:21.918"/>
</kw>
<status status="PASS" starttime="20210831 18:25:21.757" endtime="20210831 18:25:21.919"/>
</kw>
<doc>validar presencia de elementos y textos de cada elemento en LANDING PAGE, LOGIN PAGE, ANONYMOUS PAGE</doc>
<status status="FAIL" starttime="20210831 18:25:06.741" endtime="20210831 18:25:21.919"/>
</suite>
<status status="FAIL" starttime="20210831 18:25:06.721" endtime="20210831 18:25:21.924"/>
</suite>
<statistics>
<total>
<stat pass="0" fail="4" skip="0">All Tests</stat>
</total>
<tag>
</tag>
<suite>
<stat pass="0" fail="4" skip="0" id="s1" name="Suites">Suites</stat>
<stat pass="0" fail="4" skip="0" id="s1-s1" name="CV-MX-WEB-LOGIN PAGES">Suites.CV-MX-WEB-LOGIN PAGES</stat>
</suite>
</statistics>
<errors>
<msg timestamp="20210831 18:25:06.749" level="ERROR">Error in resource file '/Users/at/Desktop/AT-auto/robotFramework/auto_py/QC-WEB-MX/resources/keywords/sharedkeywords.robot': Creating keyword 'validador de texto con txt' failed: Invalid argument specification: Invalid argument syntax '${e1['${element}']'.</msg>
<msg timestamp="20210831 18:25:06.929" level="ERROR">Error in file '/Users/at/Desktop/AT-auto/robotFramework/auto_py/QC-WEB-MX/resources/keywords/sharedkeywords.robot' on line 25: Variable file '/Users/at/Desktop/AT-auto/robotFramework/auto_py/QC-WEB-MX/resources/CV-POM/EC-brf-6744/Licencia_usuario_final.py' does not exist.</msg>
<msg timestamp="20210831 18:25:06.929" level="ERROR">Error in file '/Users/at/Desktop/AT-auto/robotFramework/auto_py/QC-WEB-MX/resources/keywords/sharedkeywords.robot' on line 26: Variable file '/Users/at/Desktop/AT-auto/robotFramework/auto_py/QC-WEB-MX/resources/CV-POM/EC-brf-6744/politicas_de_privacidad.py' does not exist.</msg>
</errors>
</robot>
