<?xml version="1.0" encoding="UTF-8"?>
<robot generator="Robot 4.1.3 (Python 3.9.9 on darwin)" generated="20220118 20:57:31.622" rpa="false" schemaversion="2">
<suite id="s1" name="Tester" source="/Users/at/Desktop/AT-auto/robotFramework/auto_py/QC-WEB-MX/QC-WEB-MX/testCases/tester.robot">
<test id="s1-t1" name="CV-MX-WEB-ACCESO-VALIDAR LOGIN CON USUARIO CORRECTO">
<kw name="-LOGIN HOME CV-" library="common_functionalities">
<arg>${email_valido}</arg>
<arg>${pass_valido}</arg>
<kw name="-ABRIR LOGIN PAGE-" library="common_functionalities">
<kw name="Open Browser" library="Selenium2Library">
<arg>${url_login_page}</arg>
<arg>${browser}</arg>
<doc>Opens a new browser instance to the optional ``url``.</doc>
<msg timestamp="20220118 20:57:31.861" level="INFO">Opening browser 'chrome' to base url 'https://www.clarovideo.com/mexico/login'.</msg>
<status status="PASS" starttime="20220118 20:57:31.861" endtime="20220118 20:57:37.842"/>
</kw>
<status status="PASS" starttime="20220118 20:57:31.861" endtime="20220118 20:57:37.843"/>
</kw>
<kw name="-INGRESAR EMAIL PARA LOGIN-" library="common_functionalities">
<arg>${email}</arg>
<kw name="Wait Until Element Is Visible" library="Selenium2Library">
<arg>${elementos_login_email['reg_emailtextbox']}</arg>
<doc>Waits until the element ``locator`` is visible.</doc>
<msg timestamp="20220118 20:57:46.448" level="WARN">Keyword 'Capture Page Screenshot' could not be run on failure: Message: no such window: target window already closed
from unknown error: web view not found
  (Session info: chrome=97.0.4692.71)
Stacktrace:
0   chromedriver                        0x000000010be30e69 chromedriver + 5160553
1   chromedriver                        0x000000010bdbb593 chromedriver + 4679059
2   chromedriver                        0x000000010b96f2c8 chromedriver + 172744
3   chromedriver                        0x000000010b9500be chromedriver + 45246
4   chromedriver                        0x000000010b9c5c3c chromedriver + 527420
5   chromedriver                        0x000000010b9d470f chromedriver + 587535
6   chromedriver                        0x000000010b9c2623 chromedriver + 513571
7   chromedriver                        0x000000010b997dce chromedriver + 339406
8   chromedriver                        0x000000010b999105 chromedriver + 344325
9   chromedriver                        0x000000010bdec23e chromedriver + 4878910
10  chromedriver                        0x000000010be03d17 chromedriver + 4975895
11  chromedriver                        0x000000010be09a3f chromedriver + 4999743
12  chromedriver                        0x000000010be0461a chromedriver + 4978202
13  chromedriver                        0x000000010bde0bb1 chromedriver + 4832177
14  chromedriver                        0x000000010be20fd8 chromedriver + 5095384
15  chromedriver                        0x000000010be21161 chromedriver + 5095777
16  chromedriver                        0x000000010be382a8 chromedriver + 5190312
17  libsystem_pthread.dylib             0x00007fff208f48fc _pthread_start + 224
18  libsystem_pthread.dylib             0x00007fff208f0443 thread_start + 15
</msg>
<msg timestamp="20220118 20:57:46.450" level="FAIL">Element 'xpath=//*[@id="emailLogin"]' not visible after 5 seconds.</msg>
<status status="FAIL" starttime="20220118 20:57:37.844" endtime="20220118 20:57:46.450"/>
</kw>
<kw name="Input Text" library="Selenium2Library">
<arg>${elementos_login_email['reg_emailtextbox']}</arg>
<arg>${email}</arg>
<doc>Types the given ``text`` into the text field identified by ``locator``.</doc>
<status status="NOT RUN" starttime="20220118 20:57:46.450" endtime="20220118 20:57:46.450"/>
</kw>
<kw name="Click Button" library="Selenium2Library">
<arg>${elementos_login_email['log_siguiente']}</arg>
<doc>Clicks the button identified by ``locator``.</doc>
<status status="NOT RUN" starttime="20220118 20:57:46.450" endtime="20220118 20:57:46.450"/>
</kw>
<status status="FAIL" starttime="20220118 20:57:37.843" endtime="20220118 20:57:46.451"/>
</kw>
<kw name="-INGRESAR PASSWORD PARA LOGIN-" library="common_functionalities">
<arg>${password}</arg>
<status status="NOT RUN" starttime="20220118 20:57:46.451" endtime="20220118 20:57:46.451"/>
</kw>
<kw name="-CLICK IMAGEN DE PERFIL-" library="common_functionalities">
<status status="NOT RUN" starttime="20220118 20:57:46.451" endtime="20220118 20:57:46.451"/>
</kw>
<kw name="Sleep" library="BuiltIn">
<arg>10</arg>
<doc>Pauses the test executed for the given time.</doc>
<status status="NOT RUN" starttime="20220118 20:57:46.451" endtime="20220118 20:57:46.451"/>
</kw>
<kw name="Wait Until Page Contains Element" library="Selenium2Library">
<arg>xpath=//i[@name='search']</arg>
<doc>Waits until the element ``locator`` appears on the current page.</doc>
<status status="NOT RUN" starttime="20220118 20:57:46.451" endtime="20220118 20:57:46.451"/>
</kw>
<status status="FAIL" starttime="20220118 20:57:31.860" endtime="20220118 20:57:46.452"/>
</kw>
<kw name="-TERMINAR CONFIGURACIÃ“N TESTCASE-" library="common_functionalities" type="TEARDOWN">
<kw name="Capture Page Screenshot" library="Selenium2Library">
<doc>Takes a screenshot of the current page and embeds it into a log file.</doc>
<msg timestamp="20220118 20:57:46.455" level="WARN">Keyword 'Capture Page Screenshot' could not be run on failure: Message: no such window: target window already closed
from unknown error: web view not found
  (Session info: chrome=97.0.4692.71)
Stacktrace:
0   chromedriver                        0x000000010be30e69 chromedriver + 5160553
1   chromedriver                        0x000000010bdbb593 chromedriver + 4679059
2   chromedriver                        0x000000010b96f2c8 chromedriver + 172744
3   chromedriver                        0x000000010b9500be chromedriver + 45246
4   chromedriver                        0x000000010b9c5c3c chromedriver + 527420
5   chromedriver                        0x000000010b9d470f chromedriver + 587535
6   chromedriver                        0x000000010b9c2623 chromedriver + 513571
7   chromedriver                        0x000000010b997dce chromedriver + 339406
8   chromedriver                        0x000000010b999105 chromedriver + 344325
9   chromedriver                        0x000000010bdec23e chromedriver + 4878910
10  chromedriver                        0x000000010be03d17 chromedriver + 4975895
11  chromedriver                        0x000000010be09a3f chromedriver + 4999743
12  chromedriver                        0x000000010be0461a chromedriver + 4978202
13  chromedriver                        0x000000010bde0bb1 chromedriver + 4832177
14  chromedriver                        0x000000010be20fd8 chromedriver + 5095384
15  chromedriver                        0x000000010be21161 chromedriver + 5095777
16  chromedriver                        0x000000010be382a8 chromedriver + 5190312
17  libsystem_pthread.dylib             0x00007fff208f48fc _pthread_start + 224
18  libsystem_pthread.dylib             0x00007fff208f0443 thread_start + 15
</msg>
<msg timestamp="20220118 20:57:46.457" level="FAIL">NoSuchWindowException: Message: no such window: target window already closed
from unknown error: web view not found
  (Session info: chrome=97.0.4692.71)
Stacktrace:
0   chromedriver                        0x000000010be30e69 chromedriver + 5160553
1   chromedriver                        0x000000010bdbb593 chromedriver + 4679059
2   chromedriver                        0x000000010b96f2c8 chromedriver + 172744
3   chromedriver                        0x000000010b9500be chromedriver + 45246
4   chromedriver                        0x000000010b9c5c3c chromedriver + 527420
5   chromedriver                        0x000000010b9d470f chromedriver + 587535
6   chromedriver                        0x000000010b9c2623 chromedriver + 513571
7   chromedriver                        0x000000010b997dce chromedriver + 339406
8   chromedriver                        0x000000010b999105 chromedriver + 344325
9   chromedriver                        0x000000010bdec23e chromedriver + 4878910
10  chromedriver                        0x000000010be03d17 chromedriver + 4975895
11  chromedriver                        0x000000010be09a3f chromedriver + 4999743
12  chromedriver                        0x000000010be0461a chromedriver + 4978202
13  chromedriver                        0x000000010bde0bb1 chromedriver + 4832177
14  chromedriver                        0x000000010be20fd8 chromedriver + 5095384
15  chromedriver                        0x000000010be21161 chromedriver + 5095777
16  chromedriver                        0x000000010be382a8 chromedriver + 5190312
17  libsystem_pthread.dylib             0x00007fff208f48fc _pthread_start + 224
18  libsystem_pthread.dylib             0x00007fff208f0443 thread_start + 15
</msg>
<status status="FAIL" starttime="20220118 20:57:46.453" endtime="20220118 20:57:46.457"/>
</kw>
<status status="FAIL" starttime="20220118 20:57:46.452" endtime="20220118 20:57:46.457">NoSuchWindowException: Message: no such window: target window already closed
from unknown error: web view not found
  (Session info: chrome=97.0.4692.71)
Stacktrace:
0   chromedriver                        0x000000010be30e69 chromedriver + 5160553
1   chromedriver                        0x000000010bdbb593 chromedriver + 4679059
2   chromedriver                        0x000000010b96f2c8 chromedriver + 172744
3   chromedriver                        0x000000010b9500be chromedriver + 45246
4   chromedriver                        0x000000010b9c5c3c chromedriver + 527420
5   chromedriver                        0x000000010b9d470f chromedriver + 587535
6   chromedriver                        0x000000010b9c2623 chromedriver + 513571
7   chromedriver                        0x000000010b997dce chromedriver + 339406
    [ Message content over the limit has been removed. ]
...hromedriver                        0x000000010b999105 chromedriver + 344325
9   chromedriver                        0x000000010bdec23e chromedriver + 4878910
10  chromedriver                        0x000000010be03d17 chromedriver + 4975895
11  chromedriver                        0x000000010be09a3f chromedriver + 4999743
12  chromedriver                        0x000000010be0461a chromedriver + 4978202
13  chromedriver                        0x000000010bde0bb1 chromedriver + 4832177
14  chromedriver                        0x000000010be20fd8 chromedriver + 5095384
15  chromedriver                        0x000000010be21161 chromedriver + 5095777
16  chromedriver                        0x000000010be382a8 chromedriver + 5190312
17  libsystem_pthread.dylib             0x00007fff208f48fc _pthread_start + 224
18  libsystem_pthread.dylib             0x00007fff208f0443 thread_start + 15</status>
</kw>
<status status="FAIL" starttime="20220118 20:57:31.860" endtime="20220118 20:57:46.457">Element 'xpath=//*[@id="emailLogin"]' not visible after 5 seconds.

Also teardown failed:
NoSuchWindowException: Message: no such window: target window already closed
from unknown error: web view not found
  (Session info: chrome=97.0.4692.71)
Stacktrace:
0   chromedriver                        0x000000010be30e69 chromedriver + 5160553
1   chromedriver                        0x000000010bdbb593 chromedriver + 4679059
2   chromedriver                        0x000000010b96f2c8 chromedriver + 172744
3   chromedriver                        0x000000010b9500be chromedriver + 45246
4   chromedriver                        0x000000010b9c5c3c chromedriver + 527420
5   chromedriver                        0x000000010b9d470f chromedriver + 587535
6   chromedriver                        0x000000010b9c2623 chromedriver + 513571
7   chromedriver                        0x000000010b997dce chromedriver + 339406
    [ Message content over the limit has been removed. ]
...hromedriver                        0x000000010b999105 chromedriver + 344325
9   chromedriver                        0x000000010bdec23e chromedriver + 4878910
10  chromedriver                        0x000000010be03d17 chromedriver + 4975895
11  chromedriver                        0x000000010be09a3f chromedriver + 4999743
12  chromedriver                        0x000000010be0461a chromedriver + 4978202
13  chromedriver                        0x000000010bde0bb1 chromedriver + 4832177
14  chromedriver                        0x000000010be20fd8 chromedriver + 5095384
15  chromedriver                        0x000000010be21161 chromedriver + 5095777
16  chromedriver                        0x000000010be382a8 chromedriver + 5190312
17  libsystem_pthread.dylib             0x00007fff208f48fc _pthread_start + 224
18  libsystem_pthread.dylib             0x00007fff208f0443 thread_start + 15</status>
</test>
<doc>validar funcionalidades ACCESO (NA_QC)</doc>
<status status="FAIL" starttime="20220118 20:57:31.628" endtime="20220118 20:57:46.458"/>
</suite>
<statistics>
<total>
<stat pass="0" fail="1" skip="0">All Tests</stat>
</total>
<tag>
</tag>
<suite>
<stat pass="0" fail="1" skip="0" id="s1" name="Tester">Tester</stat>
</suite>
</statistics>
<errors>
<msg timestamp="20220118 20:57:31.841" level="ERROR">Error in file '/Users/at/Desktop/AT-auto/robotFramework/auto_py/QC-WEB-MX/QC-WEB-MX/resources/common_functionalities/common_functionalities.robot' on line 6: Importing library '/Users/at/Desktop/AT-auto/robotFramework/auto_py/QC-WEB-MX/QC-WEB-MX/resources/charles_proxy/charles_library.py' failed: ModuleNotFoundError: No module named 'requests'
Traceback (most recent call last):
  File "/Users/at/Desktop/AT-auto/robotFramework/auto_py/QC-WEB-MX/QC-WEB-MX/resources/charles_proxy/charles_library.py", line 5, in &lt;module&gt;
    import requests
PYTHONPATH:
  /Users/at/Desktop/AT-auto/robotFramework/auto_py/QC-WEB-MX/venv/bin
  /usr/local/Cellar/python@3.9/3.9.9/Frameworks/Python.framework/Versions/3.9/lib/python39.zip
  /usr/local/Cellar/python@3.9/3.9.9/Frameworks/Python.framework/Versions/3.9/lib/python3.9
  /usr/local/Cellar/python@3.9/3.9.9/Frameworks/Python.framework/Versions/3.9/lib/python3.9/lib-dynload
  /Users/at/Desktop/AT-auto/robotFramework/auto_py/QC-WEB-MX/venv/lib/python3.9/site-packages</msg>
<msg timestamp="20220118 20:57:46.448" level="WARN">Keyword 'Capture Page Screenshot' could not be run on failure: Message: no such window: target window already closed
from unknown error: web view not found
  (Session info: chrome=97.0.4692.71)
Stacktrace:
0   chromedriver                        0x000000010be30e69 chromedriver + 5160553
1   chromedriver                        0x000000010bdbb593 chromedriver + 4679059
2   chromedriver                        0x000000010b96f2c8 chromedriver + 172744
3   chromedriver                        0x000000010b9500be chromedriver + 45246
4   chromedriver                        0x000000010b9c5c3c chromedriver + 527420
5   chromedriver                        0x000000010b9d470f chromedriver + 587535
6   chromedriver                        0x000000010b9c2623 chromedriver + 513571
7   chromedriver                        0x000000010b997dce chromedriver + 339406
8   chromedriver                        0x000000010b999105 chromedriver + 344325
9   chromedriver                        0x000000010bdec23e chromedriver + 4878910
10  chromedriver                        0x000000010be03d17 chromedriver + 4975895
11  chromedriver                        0x000000010be09a3f chromedriver + 4999743
12  chromedriver                        0x000000010be0461a chromedriver + 4978202
13  chromedriver                        0x000000010bde0bb1 chromedriver + 4832177
14  chromedriver                        0x000000010be20fd8 chromedriver + 5095384
15  chromedriver                        0x000000010be21161 chromedriver + 5095777
16  chromedriver                        0x000000010be382a8 chromedriver + 5190312
17  libsystem_pthread.dylib             0x00007fff208f48fc _pthread_start + 224
18  libsystem_pthread.dylib             0x00007fff208f0443 thread_start + 15
</msg>
<msg timestamp="20220118 20:57:46.455" level="WARN">Keyword 'Capture Page Screenshot' could not be run on failure: Message: no such window: target window already closed
from unknown error: web view not found
  (Session info: chrome=97.0.4692.71)
Stacktrace:
0   chromedriver                        0x000000010be30e69 chromedriver + 5160553
1   chromedriver                        0x000000010bdbb593 chromedriver + 4679059
2   chromedriver                        0x000000010b96f2c8 chromedriver + 172744
3   chromedriver                        0x000000010b9500be chromedriver + 45246
4   chromedriver                        0x000000010b9c5c3c chromedriver + 527420
5   chromedriver                        0x000000010b9d470f chromedriver + 587535
6   chromedriver                        0x000000010b9c2623 chromedriver + 513571
7   chromedriver                        0x000000010b997dce chromedriver + 339406
8   chromedriver                        0x000000010b999105 chromedriver + 344325
9   chromedriver                        0x000000010bdec23e chromedriver + 4878910
10  chromedriver                        0x000000010be03d17 chromedriver + 4975895
11  chromedriver                        0x000000010be09a3f chromedriver + 4999743
12  chromedriver                        0x000000010be0461a chromedriver + 4978202
13  chromedriver                        0x000000010bde0bb1 chromedriver + 4832177
14  chromedriver                        0x000000010be20fd8 chromedriver + 5095384
15  chromedriver                        0x000000010be21161 chromedriver + 5095777
16  chromedriver                        0x000000010be382a8 chromedriver + 5190312
17  libsystem_pthread.dylib             0x00007fff208f48fc _pthread_start + 224
18  libsystem_pthread.dylib             0x00007fff208f0443 thread_start + 15
</msg>
</errors>
</robot>
