<?xml version="1.0" encoding="UTF-8"?>
<robot generator="Robot 4.0.3 (Python 3.9.5 on darwin)" generated="20210831 18:39:24.746" rpa="false" schemaversion="2">
<suite id="s1" name="Suites">
<suite id="s1-s1" name="CV-MX-WEB-LOGIN PAGES" source="/Users/at/Desktop/AT-auto/robotFramework/auto_py/QC-WEB-MX/testCases/CV-MX-WEB-LOGIN_PAGES.robot">
<kw name="Iniciar configuracion suitetest" library="sharedkeywords" type="SETUP">
<kw name="run charles and record" library="sharedkeywords">
<kw name="Start Charles Proxy In Headless Mode" library="charles_library">
<status status="PASS" starttime="20210831 18:39:25.096" endtime="20210831 18:39:29.101"/>
</kw>
<kw name="Start Charles Proxy Session Recording" library="charles_library">
<status status="PASS" starttime="20210831 18:39:29.101" endtime="20210831 18:39:29.148"/>
</kw>
<status status="PASS" starttime="20210831 18:39:25.095" endtime="20210831 18:39:29.149"/>
</kw>
<status status="PASS" starttime="20210831 18:39:25.095" endtime="20210831 18:39:29.149"/>
</kw>
<test id="s1-s1-t1" name="CV-WEB-MX- VALIDAR ELEMENTOS Y TEXTOS LOGIN PAGE-EMAIL PAGE">
<kw name="Iniciar configuracion test" library="sharedkeywords" type="SETUP">
<kw name="Configurar Directorio screenshots" library="sharedkeywords">
<kw name="Set Screenshot Directory" library="SeleniumLibrary">
<arg>${screenshots}</arg>
<doc>Sets the directory for captured screenshots.</doc>
<status status="PASS" starttime="20210831 18:39:29.152" endtime="20210831 18:39:29.153"/>
</kw>
<status status="PASS" starttime="20210831 18:39:29.151" endtime="20210831 18:39:29.153"/>
</kw>
<status status="PASS" starttime="20210831 18:39:29.151" endtime="20210831 18:39:29.153"/>
</kw>
<kw name="Abrir login page" library="sharedkeywords">
<kw name="Open Browser" library="SeleniumLibrary">
<arg>https://www.clarovideo.com/mexico/login</arg>
<arg>${browser}</arg>
<doc>Opens a new browser instance to the optional ``url``.</doc>
<msg timestamp="20210831 18:39:29.155" level="INFO">Opening browser 'chrome' to base url 'https://www.clarovideo.com/mexico/login'.</msg>
<kw name="Capture Page Screenshot" library="SeleniumLibrary">
<doc>Takes a screenshot of the current page and embeds it into a log file.</doc>
<msg timestamp="20210831 18:39:32.014" level="INFO">Cannot capture screenshot because no browser is open.</msg>
<status status="PASS" starttime="20210831 18:39:32.013" endtime="20210831 18:39:32.015"/>
</kw>
<msg timestamp="20210831 18:39:32.018" level="FAIL">SessionNotCreatedException: Message: session not created: This version of ChromeDriver only supports Chrome version 91
Current browser version is 93.0.4577.63 with binary path /Applications/Google Chrome.app/Contents/MacOS/Google Chrome
</msg>
<status status="FAIL" starttime="20210831 18:39:29.154" endtime="20210831 18:39:32.018"/>
</kw>
<status status="FAIL" starttime="20210831 18:39:29.154" endtime="20210831 18:39:32.019"/>
</kw>
<kw name="Validar textos y elementos" library="sharedkeywords">
<arg>${elementos_login_email}</arg>
<arg>${textos_elementos_login_email}</arg>
<status status="NOT RUN" starttime="20210831 18:39:32.019" endtime="20210831 18:39:32.020"/>
</kw>
<kw name="Terminar configuracion test" library="sharedkeywords" type="TEARDOWN">
<kw name="Capture Page Screenshot" library="SeleniumLibrary">
<doc>Takes a screenshot of the current page and embeds it into a log file.</doc>
<msg timestamp="20210831 18:39:32.022" level="INFO">Cannot capture screenshot because no browser is open.</msg>
<status status="PASS" starttime="20210831 18:39:32.021" endtime="20210831 18:39:32.022"/>
</kw>
<kw name="Cerrar Browser" library="sharedkeywords">
<kw name="Close Browser" library="SeleniumLibrary">
<doc>Closes the current browser.</doc>
<status status="PASS" starttime="20210831 18:39:32.023" endtime="20210831 18:39:32.023"/>
</kw>
<status status="PASS" starttime="20210831 18:39:32.022" endtime="20210831 18:39:32.023"/>
</kw>
<status status="PASS" starttime="20210831 18:39:32.020" endtime="20210831 18:39:32.024"/>
</kw>
<status status="FAIL" starttime="20210831 18:39:29.150" endtime="20210831 18:39:32.024">SessionNotCreatedException: Message: session not created: This version of ChromeDriver only supports Chrome version 91
Current browser version is 93.0.4577.63 with binary path /Applications/Google Chrome.app/Contents/MacOS/Google Chrome
</status>
</test>
<test id="s1-s1-t2" name="CV-WEB-MX- VALIDAR ELEMENTOS Y TEXTOS LOGIN PAGE-PASSWORD PAGE">
<kw name="Iniciar configuracion test" library="sharedkeywords" type="SETUP">
<kw name="Configurar Directorio screenshots" library="sharedkeywords">
<kw name="Set Screenshot Directory" library="SeleniumLibrary">
<arg>${screenshots}</arg>
<doc>Sets the directory for captured screenshots.</doc>
<status status="PASS" starttime="20210831 18:39:32.028" endtime="20210831 18:39:32.029"/>
</kw>
<status status="PASS" starttime="20210831 18:39:32.027" endtime="20210831 18:39:32.029"/>
</kw>
<status status="PASS" starttime="20210831 18:39:32.026" endtime="20210831 18:39:32.029"/>
</kw>
<kw name="Abrir login page" library="sharedkeywords">
<kw name="Open Browser" library="SeleniumLibrary">
<arg>https://www.clarovideo.com/mexico/login</arg>
<arg>${browser}</arg>
<doc>Opens a new browser instance to the optional ``url``.</doc>
<msg timestamp="20210831 18:39:32.031" level="INFO">Opening browser 'chrome' to base url 'https://www.clarovideo.com/mexico/login'.</msg>
<kw name="Capture Page Screenshot" library="SeleniumLibrary">
<doc>Takes a screenshot of the current page and embeds it into a log file.</doc>
<msg timestamp="20210831 18:39:34.881" level="INFO">Cannot capture screenshot because no browser is open.</msg>
<status status="PASS" starttime="20210831 18:39:34.879" endtime="20210831 18:39:34.881"/>
</kw>
<msg timestamp="20210831 18:39:34.882" level="FAIL">SessionNotCreatedException: Message: session not created: This version of ChromeDriver only supports Chrome version 91
Current browser version is 93.0.4577.63 with binary path /Applications/Google Chrome.app/Contents/MacOS/Google Chrome
</msg>
<status status="FAIL" starttime="20210831 18:39:32.030" endtime="20210831 18:39:34.882"/>
</kw>
<status status="FAIL" starttime="20210831 18:39:32.030" endtime="20210831 18:39:34.883"/>
</kw>
<kw name="Ingresar email para login" library="sharedkeywords">
<arg>testqc01_990@gmail.com</arg>
<status status="NOT RUN" starttime="20210831 18:39:34.883" endtime="20210831 18:39:34.884"/>
</kw>
<kw name="Validar textos y elementos" library="sharedkeywords">
<arg>${elementos_login_pass}</arg>
<arg>${textos_elementos_login_pass}</arg>
<status status="NOT RUN" starttime="20210831 18:39:34.884" endtime="20210831 18:39:34.884"/>
</kw>
<kw name="Terminar configuracion test" library="sharedkeywords" type="TEARDOWN">
<kw name="Capture Page Screenshot" library="SeleniumLibrary">
<doc>Takes a screenshot of the current page and embeds it into a log file.</doc>
<msg timestamp="20210831 18:39:34.885" level="INFO">Cannot capture screenshot because no browser is open.</msg>
<status status="PASS" starttime="20210831 18:39:34.885" endtime="20210831 18:39:34.885"/>
</kw>
<kw name="Cerrar Browser" library="sharedkeywords">
<kw name="Close Browser" library="SeleniumLibrary">
<doc>Closes the current browser.</doc>
<status status="PASS" starttime="20210831 18:39:34.886" endtime="20210831 18:39:34.886"/>
</kw>
<status status="PASS" starttime="20210831 18:39:34.886" endtime="20210831 18:39:34.887"/>
</kw>
<status status="PASS" starttime="20210831 18:39:34.885" endtime="20210831 18:39:34.887"/>
</kw>
<status status="FAIL" starttime="20210831 18:39:32.025" endtime="20210831 18:39:34.887">SessionNotCreatedException: Message: session not created: This version of ChromeDriver only supports Chrome version 91
Current browser version is 93.0.4577.63 with binary path /Applications/Google Chrome.app/Contents/MacOS/Google Chrome
</status>
</test>
<test id="s1-s1-t3" name="CV-WEB-MX- VALIDAR FUNCION LOGIN">
<kw name="Iniciar configuracion test" library="sharedkeywords" type="SETUP">
<kw name="Configurar Directorio screenshots" library="sharedkeywords">
<kw name="Set Screenshot Directory" library="SeleniumLibrary">
<arg>${screenshots}</arg>
<doc>Sets the directory for captured screenshots.</doc>
<status status="PASS" starttime="20210831 18:39:34.890" endtime="20210831 18:39:34.890"/>
</kw>
<status status="PASS" starttime="20210831 18:39:34.889" endtime="20210831 18:39:34.891"/>
</kw>
<status status="PASS" starttime="20210831 18:39:34.889" endtime="20210831 18:39:34.891"/>
</kw>
<kw name="Abrir login page" library="sharedkeywords">
<kw name="Open Browser" library="SeleniumLibrary">
<arg>https://www.clarovideo.com/mexico/login</arg>
<arg>${browser}</arg>
<doc>Opens a new browser instance to the optional ``url``.</doc>
<msg timestamp="20210831 18:39:34.893" level="INFO">Opening browser 'chrome' to base url 'https://www.clarovideo.com/mexico/login'.</msg>
<kw name="Capture Page Screenshot" library="SeleniumLibrary">
<doc>Takes a screenshot of the current page and embeds it into a log file.</doc>
<msg timestamp="20210831 18:39:37.858" level="INFO">Cannot capture screenshot because no browser is open.</msg>
<status status="PASS" starttime="20210831 18:39:37.857" endtime="20210831 18:39:37.858"/>
</kw>
<msg timestamp="20210831 18:39:37.859" level="FAIL">SessionNotCreatedException: Message: session not created: This version of ChromeDriver only supports Chrome version 91
Current browser version is 93.0.4577.63 with binary path /Applications/Google Chrome.app/Contents/MacOS/Google Chrome
</msg>
<status status="FAIL" starttime="20210831 18:39:34.892" endtime="20210831 18:39:37.859"/>
</kw>
<status status="FAIL" starttime="20210831 18:39:34.892" endtime="20210831 18:39:37.860"/>
</kw>
<kw name="login CV mx" library="sharedkeywords">
<arg>testqc01_990@gmail.com</arg>
<arg>Claro123</arg>
<status status="NOT RUN" starttime="20210831 18:39:37.860" endtime="20210831 18:39:37.861"/>
</kw>
<kw name="click imagen perfil ir a Home page cv" library="sharedkeywords">
<status status="NOT RUN" starttime="20210831 18:39:37.861" endtime="20210831 18:39:37.861"/>
</kw>
<kw name="Terminar configuracion test" library="sharedkeywords" type="TEARDOWN">
<kw name="Capture Page Screenshot" library="SeleniumLibrary">
<doc>Takes a screenshot of the current page and embeds it into a log file.</doc>
<msg timestamp="20210831 18:39:37.863" level="INFO">Cannot capture screenshot because no browser is open.</msg>
<status status="PASS" starttime="20210831 18:39:37.863" endtime="20210831 18:39:37.863"/>
</kw>
<kw name="Cerrar Browser" library="sharedkeywords">
<kw name="Close Browser" library="SeleniumLibrary">
<doc>Closes the current browser.</doc>
<status status="PASS" starttime="20210831 18:39:37.864" endtime="20210831 18:39:37.865"/>
</kw>
<status status="PASS" starttime="20210831 18:39:37.863" endtime="20210831 18:39:37.865"/>
</kw>
<status status="PASS" starttime="20210831 18:39:37.862" endtime="20210831 18:39:37.865"/>
</kw>
<status status="FAIL" starttime="20210831 18:39:34.888" endtime="20210831 18:39:37.866">SessionNotCreatedException: Message: session not created: This version of ChromeDriver only supports Chrome version 91
Current browser version is 93.0.4577.63 with binary path /Applications/Google Chrome.app/Contents/MacOS/Google Chrome
</status>
</test>
<test id="s1-s1-t4" name="CV-WEB-MX- VALIDAR ELEMENTOS Y TEXTOS LOGIN PAGE-ANONYMOUS PAGE">
<kw name="Iniciar configuracion test" library="sharedkeywords" type="SETUP">
<kw name="Configurar Directorio screenshots" library="sharedkeywords">
<kw name="Set Screenshot Directory" library="SeleniumLibrary">
<arg>${screenshots}</arg>
<doc>Sets the directory for captured screenshots.</doc>
<status status="PASS" starttime="20210831 18:39:37.869" endtime="20210831 18:39:37.869"/>
</kw>
<status status="PASS" starttime="20210831 18:39:37.868" endtime="20210831 18:39:37.870"/>
</kw>
<status status="PASS" starttime="20210831 18:39:37.867" endtime="20210831 18:39:37.870"/>
</kw>
<kw name="Abrir landing page" library="sharedkeywords">
<kw name="Open Browser" library="SeleniumLibrary">
<arg>https://www.clarovideo.com/mexico/landing</arg>
<arg>${browser}</arg>
<doc>Opens a new browser instance to the optional ``url``.</doc>
<msg timestamp="20210831 18:39:37.871" level="INFO">Opening browser 'chrome' to base url 'https://www.clarovideo.com/mexico/landing'.</msg>
<kw name="Capture Page Screenshot" library="SeleniumLibrary">
<doc>Takes a screenshot of the current page and embeds it into a log file.</doc>
<msg timestamp="20210831 18:39:40.785" level="INFO">Cannot capture screenshot because no browser is open.</msg>
<status status="PASS" starttime="20210831 18:39:40.784" endtime="20210831 18:39:40.785"/>
</kw>
<msg timestamp="20210831 18:39:40.786" level="FAIL">SessionNotCreatedException: Message: session not created: This version of ChromeDriver only supports Chrome version 91
Current browser version is 93.0.4577.63 with binary path /Applications/Google Chrome.app/Contents/MacOS/Google Chrome
</msg>
<status status="FAIL" starttime="20210831 18:39:37.871" endtime="20210831 18:39:40.786"/>
</kw>
<status status="FAIL" starttime="20210831 18:39:37.870" endtime="20210831 18:39:40.787"/>
</kw>
<kw name="Validar textos y elementos" library="sharedkeywords">
<arg>${elementos_landing_anonimo}</arg>
<arg>${textos_landing_anonimo}</arg>
<status status="NOT RUN" starttime="20210831 18:39:40.787" endtime="20210831 18:39:40.788"/>
</kw>
<kw name="Terminar configuracion test" library="sharedkeywords" type="TEARDOWN">
<kw name="Capture Page Screenshot" library="SeleniumLibrary">
<doc>Takes a screenshot of the current page and embeds it into a log file.</doc>
<msg timestamp="20210831 18:39:40.790" level="INFO">Cannot capture screenshot because no browser is open.</msg>
<status status="PASS" starttime="20210831 18:39:40.789" endtime="20210831 18:39:40.790"/>
</kw>
<kw name="Cerrar Browser" library="sharedkeywords">
<kw name="Close Browser" library="SeleniumLibrary">
<doc>Closes the current browser.</doc>
<status status="PASS" starttime="20210831 18:39:40.791" endtime="20210831 18:39:40.791"/>
</kw>
<status status="PASS" starttime="20210831 18:39:40.790" endtime="20210831 18:39:40.792"/>
</kw>
<status status="PASS" starttime="20210831 18:39:40.788" endtime="20210831 18:39:40.792"/>
</kw>
<status status="FAIL" starttime="20210831 18:39:37.867" endtime="20210831 18:39:40.792">SessionNotCreatedException: Message: session not created: This version of ChromeDriver only supports Chrome version 91
Current browser version is 93.0.4577.63 with binary path /Applications/Google Chrome.app/Contents/MacOS/Google Chrome
</status>
</test>
<kw name="Terminar configuracion suitetest" library="sharedkeywords" type="TEARDOWN">
<kw name="download charles .chls and close it" library="sharedkeywords">
<kw name="Stop Charles Proxy Session Recording" library="charles_library">
<status status="PASS" starttime="20210831 18:39:40.796" endtime="20210831 18:39:40.815"/>
</kw>
<kw name="Download Charles Proxy Session Recording" library="charles_library">
<status status="PASS" starttime="20210831 18:39:40.816" endtime="20210831 18:39:40.836"/>
</kw>
<kw name="Terminate All Charles Proxy Sessions" library="charles_library">
<status status="PASS" starttime="20210831 18:39:40.836" endtime="20210831 18:39:41.057"/>
</kw>
<status status="PASS" starttime="20210831 18:39:40.795" endtime="20210831 18:39:41.058"/>
</kw>
<kw name="Cerrar todos los navegadores" library="sharedkeywords">
<kw name="Close All Browsers" library="SeleniumLibrary">
<doc>Closes all open browsers and resets the browser cache.</doc>
<status status="PASS" starttime="20210831 18:39:41.059" endtime="20210831 18:39:41.060"/>
</kw>
<status status="PASS" starttime="20210831 18:39:41.059" endtime="20210831 18:39:41.060"/>
</kw>
<status status="PASS" starttime="20210831 18:39:40.794" endtime="20210831 18:39:41.061"/>
</kw>
<doc>validar presencia de elementos y textos de cada elemento en LANDING PAGE, LOGIN PAGE, ANONYMOUS PAGE</doc>
<status status="FAIL" starttime="20210831 18:39:24.795" endtime="20210831 18:39:41.061"/>
</suite>
<status status="FAIL" starttime="20210831 18:39:24.755" endtime="20210831 18:39:41.067"/>
</suite>
<statistics>
<total>
<stat pass="0" fail="4" skip="0">All Tests</stat>
</total>
<tag>
</tag>
<suite>
<stat pass="0" fail="4" skip="0" id="s1" name="Suites">Suites</stat>
<stat pass="0" fail="4" skip="0" id="s1-s1" name="CV-MX-WEB-LOGIN PAGES">Suites.CV-MX-WEB-LOGIN PAGES</stat>
</suite>
</statistics>
<errors>
<msg timestamp="20210831 18:39:24.810" level="ERROR">Error in resource file '/Users/at/Desktop/AT-auto/robotFramework/auto_py/QC-WEB-MX/resources/keywords/sharedkeywords.robot': Creating keyword 'validador de texto con txt' failed: Invalid argument specification: Invalid argument syntax '${e1['${element}']'.</msg>
<msg timestamp="20210831 18:39:25.093" level="ERROR">Error in file '/Users/at/Desktop/AT-auto/robotFramework/auto_py/QC-WEB-MX/resources/keywords/sharedkeywords.robot' on line 25: Variable file '/Users/at/Desktop/AT-auto/robotFramework/auto_py/QC-WEB-MX/resources/CV-POM/EC-brf-6744/Licencia_usuario_final.py' does not exist.</msg>
<msg timestamp="20210831 18:39:25.093" level="ERROR">Error in file '/Users/at/Desktop/AT-auto/robotFramework/auto_py/QC-WEB-MX/resources/keywords/sharedkeywords.robot' on line 26: Variable file '/Users/at/Desktop/AT-auto/robotFramework/auto_py/QC-WEB-MX/resources/CV-POM/EC-brf-6744/politicas_de_privacidad.py' does not exist.</msg>
</errors>
</robot>
