<?xml version="1.0" encoding="UTF-8"?>
<robot generator="Robot 4.0.3 (Python 3.9.5 on darwin)" generated="20210831 18:25:22.305" rpa="false" schemaversion="2">
<suite id="s1" name="Suites">
<suite id="s1-s1" name="CV-MX-WEB-REGISTER &amp; PROMOS PAGES" source="/Users/at/Desktop/AT-auto/robotFramework/auto_py/QC-WEB-MX/testCases/CV-MX-WEB-REGISTER_&amp;_PROMOS_PAGES.robot">
<kw name="Iniciar configuracion suitetest" library="sharedkeywords" type="SETUP">
<kw name="run charles and record" library="sharedkeywords">
<kw name="Start Charles Proxy In Headless Mode" library="charles_library">
<status status="PASS" starttime="20210831 18:25:22.531" endtime="20210831 18:25:26.534"/>
</kw>
<kw name="Start Charles Proxy Session Recording" library="charles_library">
<status status="PASS" starttime="20210831 18:25:26.535" endtime="20210831 18:25:26.562"/>
</kw>
<status status="PASS" starttime="20210831 18:25:22.530" endtime="20210831 18:25:26.563"/>
</kw>
<status status="PASS" starttime="20210831 18:25:22.530" endtime="20210831 18:25:26.563"/>
</kw>
<test id="s1-s1-t1" name="CV-WEB-MX- VALIDAR ELEMENTOS Y TEXTOS REGISTER PAGE">
<kw name="Iniciar configuracion test" library="sharedkeywords" type="SETUP">
<kw name="Configurar Directorio screenshots" library="sharedkeywords">
<kw name="Set Screenshot Directory" library="SeleniumLibrary">
<arg>${screenshots}</arg>
<doc>Sets the directory for captured screenshots.</doc>
<status status="PASS" starttime="20210831 18:25:26.565" endtime="20210831 18:25:26.565"/>
</kw>
<status status="PASS" starttime="20210831 18:25:26.564" endtime="20210831 18:25:26.565"/>
</kw>
<status status="PASS" starttime="20210831 18:25:26.564" endtime="20210831 18:25:26.566"/>
</kw>
<kw name="Abrir register page" library="sharedkeywords">
<kw name="Open Browser" library="SeleniumLibrary">
<arg>https://www.clarovideo.com/mexico/register</arg>
<arg>${browser}</arg>
<doc>Opens a new browser instance to the optional ``url``.</doc>
<msg timestamp="20210831 18:25:26.567" level="INFO">Opening browser 'chrome' to base url 'https://www.clarovideo.com/mexico/register'.</msg>
<kw name="Capture Page Screenshot" library="SeleniumLibrary">
<doc>Takes a screenshot of the current page and embeds it into a log file.</doc>
<msg timestamp="20210831 18:25:28.892" level="INFO">Cannot capture screenshot because no browser is open.</msg>
<status status="PASS" starttime="20210831 18:25:28.889" endtime="20210831 18:25:28.893"/>
</kw>
<msg timestamp="20210831 18:25:28.896" level="FAIL">SessionNotCreatedException: Message: session not created: This version of ChromeDriver only supports Chrome version 91
Current browser version is 93.0.4577.63 with binary path /Applications/Google Chrome.app/Contents/MacOS/Google Chrome
</msg>
<status status="FAIL" starttime="20210831 18:25:26.566" endtime="20210831 18:25:28.896"/>
</kw>
<status status="FAIL" starttime="20210831 18:25:26.566" endtime="20210831 18:25:28.897"/>
</kw>
<kw name="Validar textos y elementos" library="sharedkeywords">
<arg>${elementos_register_page}</arg>
<arg>${textos_register_page}</arg>
<status status="NOT RUN" starttime="20210831 18:25:28.897" endtime="20210831 18:25:28.898"/>
</kw>
<kw name="Terminar configuracion test" library="sharedkeywords" type="TEARDOWN">
<kw name="Capture Page Screenshot" library="SeleniumLibrary">
<doc>Takes a screenshot of the current page and embeds it into a log file.</doc>
<msg timestamp="20210831 18:25:28.899" level="INFO">Cannot capture screenshot because no browser is open.</msg>
<status status="PASS" starttime="20210831 18:25:28.899" endtime="20210831 18:25:28.899"/>
</kw>
<kw name="Cerrar Browser" library="sharedkeywords">
<kw name="Close Browser" library="SeleniumLibrary">
<doc>Closes the current browser.</doc>
<status status="PASS" starttime="20210831 18:25:28.901" endtime="20210831 18:25:28.901"/>
</kw>
<status status="PASS" starttime="20210831 18:25:28.900" endtime="20210831 18:25:28.901"/>
</kw>
<status status="PASS" starttime="20210831 18:25:28.898" endtime="20210831 18:25:28.902"/>
</kw>
<status status="FAIL" starttime="20210831 18:25:26.563" endtime="20210831 18:25:28.902">SessionNotCreatedException: Message: session not created: This version of ChromeDriver only supports Chrome version 91
Current browser version is 93.0.4577.63 with binary path /Applications/Google Chrome.app/Contents/MacOS/Google Chrome
</status>
</test>
<test id="s1-s1-t2" name="CV-WEB-MX- VALIDAR ELEMENTOS Y TEXTOS REGISTER PAGE-T&amp;C FRAME">
<kw name="Iniciar configuracion test" library="sharedkeywords" type="SETUP">
<kw name="Configurar Directorio screenshots" library="sharedkeywords">
<kw name="Set Screenshot Directory" library="SeleniumLibrary">
<arg>${screenshots}</arg>
<doc>Sets the directory for captured screenshots.</doc>
<status status="PASS" starttime="20210831 18:25:28.905" endtime="20210831 18:25:28.906"/>
</kw>
<status status="PASS" starttime="20210831 18:25:28.905" endtime="20210831 18:25:28.906"/>
</kw>
<status status="PASS" starttime="20210831 18:25:28.904" endtime="20210831 18:25:28.907"/>
</kw>
<kw name="Abrir register page" library="sharedkeywords">
<kw name="Open Browser" library="SeleniumLibrary">
<arg>https://www.clarovideo.com/mexico/register</arg>
<arg>${browser}</arg>
<doc>Opens a new browser instance to the optional ``url``.</doc>
<msg timestamp="20210831 18:25:28.908" level="INFO">Opening browser 'chrome' to base url 'https://www.clarovideo.com/mexico/register'.</msg>
<kw name="Capture Page Screenshot" library="SeleniumLibrary">
<doc>Takes a screenshot of the current page and embeds it into a log file.</doc>
<msg timestamp="20210831 18:25:31.086" level="INFO">Cannot capture screenshot because no browser is open.</msg>
<status status="PASS" starttime="20210831 18:25:31.085" endtime="20210831 18:25:31.086"/>
</kw>
<msg timestamp="20210831 18:25:31.087" level="FAIL">SessionNotCreatedException: Message: session not created: This version of ChromeDriver only supports Chrome version 91
Current browser version is 93.0.4577.63 with binary path /Applications/Google Chrome.app/Contents/MacOS/Google Chrome
</msg>
<status status="FAIL" starttime="20210831 18:25:28.907" endtime="20210831 18:25:31.087"/>
</kw>
<status status="FAIL" starttime="20210831 18:25:28.907" endtime="20210831 18:25:31.087"/>
</kw>
<kw name="Click Element" library="SeleniumLibrary">
<arg>${elementos_register_page['reg_terms_link']}</arg>
<doc>Click the element identified by ``locator``.</doc>
<status status="NOT RUN" starttime="20210831 18:25:31.088" endtime="20210831 18:25:31.088"/>
</kw>
<kw name="Wait Until Element Is Visible" library="SeleniumLibrary">
<arg>${elementos_terminosycondiciones['texto_terminos']}</arg>
<doc>Waits until the element ``locator`` is visible.</doc>
<status status="NOT RUN" starttime="20210831 18:25:31.088" endtime="20210831 18:25:31.088"/>
</kw>
<kw name="Get Text" library="SeleniumLibrary">
<var>${textoterminos}</var>
<arg>${elementos_terminosycondiciones['texto_terminos']}</arg>
<doc>Returns the text value of the element identified by ``locator``.</doc>
<status status="NOT RUN" starttime="20210831 18:25:31.088" endtime="20210831 18:25:31.088"/>
</kw>
<kw name="Get File" library="OperatingSystem">
<var>${textoficialterminos}</var>
<arg>/Users/at/Desktop/AT-auto/robotFramework/auto_py/QC-WEB-MX/resources/CV-POM/terminosyCondicionesPage/terminosycondicionesMX2021.txt</arg>
<arg>encoding=UTF-8</arg>
<arg>encoding_errors=strict</arg>
<doc>Returns the contents of a specified file.</doc>
<status status="NOT RUN" starttime="20210831 18:25:31.089" endtime="20210831 18:25:31.089"/>
</kw>
<kw name="Should Be Equal As Strings" library="BuiltIn">
<arg>${textoterminos}</arg>
<arg>${textoficialterminos}</arg>
<doc>Fails if objects are unequal after converting them to strings.</doc>
<status status="NOT RUN" starttime="20210831 18:25:31.089" endtime="20210831 18:25:31.089"/>
</kw>
<kw name="Log" library="BuiltIn">
<arg>${textoterminos}</arg>
<doc>Logs the given message with the given level.</doc>
<status status="NOT RUN" starttime="20210831 18:25:31.089" endtime="20210831 18:25:31.089"/>
</kw>
<kw name="Log" library="BuiltIn">
<arg>${textoficialterminos}</arg>
<doc>Logs the given message with the given level.</doc>
<status status="NOT RUN" starttime="20210831 18:25:31.089" endtime="20210831 18:25:31.090"/>
</kw>
<kw name="Terminar configuracion test" library="sharedkeywords" type="TEARDOWN">
<kw name="Capture Page Screenshot" library="SeleniumLibrary">
<doc>Takes a screenshot of the current page and embeds it into a log file.</doc>
<msg timestamp="20210831 18:25:31.091" level="INFO">Cannot capture screenshot because no browser is open.</msg>
<status status="PASS" starttime="20210831 18:25:31.091" endtime="20210831 18:25:31.091"/>
</kw>
<kw name="Cerrar Browser" library="sharedkeywords">
<kw name="Close Browser" library="SeleniumLibrary">
<doc>Closes the current browser.</doc>
<status status="PASS" starttime="20210831 18:25:31.091" endtime="20210831 18:25:31.092"/>
</kw>
<status status="PASS" starttime="20210831 18:25:31.091" endtime="20210831 18:25:31.092"/>
</kw>
<status status="PASS" starttime="20210831 18:25:31.090" endtime="20210831 18:25:31.092"/>
</kw>
<status status="FAIL" starttime="20210831 18:25:28.903" endtime="20210831 18:25:31.092">SessionNotCreatedException: Message: session not created: This version of ChromeDriver only supports Chrome version 91
Current browser version is 93.0.4577.63 with binary path /Applications/Google Chrome.app/Contents/MacOS/Google Chrome
</status>
</test>
<test id="s1-s1-t3" name="CV-WEB-MX- VALIDAR ELEMENTOS Y TEXTOS REGISTER PAGE-TELMEX FRAME">
<kw name="Iniciar configuracion test" library="sharedkeywords" type="SETUP">
<kw name="Configurar Directorio screenshots" library="sharedkeywords">
<kw name="Set Screenshot Directory" library="SeleniumLibrary">
<arg>${screenshots}</arg>
<doc>Sets the directory for captured screenshots.</doc>
<status status="PASS" starttime="20210831 18:25:31.094" endtime="20210831 18:25:31.095"/>
</kw>
<status status="PASS" starttime="20210831 18:25:31.094" endtime="20210831 18:25:31.095"/>
</kw>
<status status="PASS" starttime="20210831 18:25:31.093" endtime="20210831 18:25:31.095"/>
</kw>
<kw name="Abrir register page" library="sharedkeywords">
<kw name="Open Browser" library="SeleniumLibrary">
<arg>https://www.clarovideo.com/mexico/register</arg>
<arg>${browser}</arg>
<doc>Opens a new browser instance to the optional ``url``.</doc>
<msg timestamp="20210831 18:25:31.096" level="INFO">Opening browser 'chrome' to base url 'https://www.clarovideo.com/mexico/register'.</msg>
<kw name="Capture Page Screenshot" library="SeleniumLibrary">
<doc>Takes a screenshot of the current page and embeds it into a log file.</doc>
<msg timestamp="20210831 18:25:33.263" level="INFO">Cannot capture screenshot because no browser is open.</msg>
<status status="PASS" starttime="20210831 18:25:33.262" endtime="20210831 18:25:33.264"/>
</kw>
<msg timestamp="20210831 18:25:33.264" level="FAIL">SessionNotCreatedException: Message: session not created: This version of ChromeDriver only supports Chrome version 91
Current browser version is 93.0.4577.63 with binary path /Applications/Google Chrome.app/Contents/MacOS/Google Chrome
</msg>
<status status="FAIL" starttime="20210831 18:25:31.095" endtime="20210831 18:25:33.265"/>
</kw>
<status status="FAIL" starttime="20210831 18:25:31.095" endtime="20210831 18:25:33.265"/>
</kw>
<kw name="Wait Until Element Is Visible" library="SeleniumLibrary">
<arg>${elementos_register_page['reg_terms_promo']}</arg>
<doc>Waits until the element ``locator`` is visible.</doc>
<status status="NOT RUN" starttime="20210831 18:25:33.266" endtime="20210831 18:25:33.266"/>
</kw>
<kw name="Click Element" library="SeleniumLibrary">
<arg>${elementos_register_page['reg_terms_promo']}</arg>
<doc>Click the element identified by ``locator``.</doc>
<status status="NOT RUN" starttime="20210831 18:25:33.266" endtime="20210831 18:25:33.267"/>
</kw>
<kw name="Wait Until Element Is Visible" library="SeleniumLibrary">
<arg>${elementos_conocePromos['telmex_texto_promos']}</arg>
<doc>Waits until the element ``locator`` is visible.</doc>
<status status="NOT RUN" starttime="20210831 18:25:33.267" endtime="20210831 18:25:33.267"/>
</kw>
<kw name="Get Text" library="SeleniumLibrary">
<var>${textotelmex_promos}</var>
<arg>${elementos_conocePromos['telmex_texto_promos']}</arg>
<doc>Returns the text value of the element identified by ``locator``.</doc>
<status status="NOT RUN" starttime="20210831 18:25:33.267" endtime="20210831 18:25:33.267"/>
</kw>
<kw name="Get File" library="OperatingSystem">
<var>${textooficialtelmex_promos}</var>
<arg>/Users/at/Desktop/AT-auto/robotFramework/auto_py/QC-WEB-MX/resources/CV-POM/conocelaspromocionesPage/textopromocionesTELMEX.txt</arg>
<arg>encoding=UTF-8</arg>
<arg>encoding_errors=strict</arg>
<doc>Returns the contents of a specified file.</doc>
<status status="NOT RUN" starttime="20210831 18:25:33.268" endtime="20210831 18:25:33.268"/>
</kw>
<kw name="Should Be Equal As Strings" library="BuiltIn">
<arg>${textotelmex_promos}</arg>
<arg>${textooficialtelmex_promos}</arg>
<doc>Fails if objects are unequal after converting them to strings.</doc>
<status status="NOT RUN" starttime="20210831 18:25:33.268" endtime="20210831 18:25:33.268"/>
</kw>
<kw name="Log" library="BuiltIn">
<arg>${textotelmex_promos}</arg>
<doc>Logs the given message with the given level.</doc>
<status status="NOT RUN" starttime="20210831 18:25:33.269" endtime="20210831 18:25:33.269"/>
</kw>
<kw name="Log" library="BuiltIn">
<arg>${textooficialtelmex_promos}</arg>
<doc>Logs the given message with the given level.</doc>
<status status="NOT RUN" starttime="20210831 18:25:33.269" endtime="20210831 18:25:33.269"/>
</kw>
<kw name="Terminar configuracion test" library="sharedkeywords" type="TEARDOWN">
<kw name="Capture Page Screenshot" library="SeleniumLibrary">
<doc>Takes a screenshot of the current page and embeds it into a log file.</doc>
<msg timestamp="20210831 18:25:33.271" level="INFO">Cannot capture screenshot because no browser is open.</msg>
<status status="PASS" starttime="20210831 18:25:33.270" endtime="20210831 18:25:33.271"/>
</kw>
<kw name="Cerrar Browser" library="sharedkeywords">
<kw name="Close Browser" library="SeleniumLibrary">
<doc>Closes the current browser.</doc>
<status status="PASS" starttime="20210831 18:25:33.273" endtime="20210831 18:25:33.273"/>
</kw>
<status status="PASS" starttime="20210831 18:25:33.271" endtime="20210831 18:25:33.273"/>
</kw>
<status status="PASS" starttime="20210831 18:25:33.270" endtime="20210831 18:25:33.274"/>
</kw>
<status status="FAIL" starttime="20210831 18:25:31.093" endtime="20210831 18:25:33.274">SessionNotCreatedException: Message: session not created: This version of ChromeDriver only supports Chrome version 91
Current browser version is 93.0.4577.63 with binary path /Applications/Google Chrome.app/Contents/MacOS/Google Chrome
</status>
</test>
<test id="s1-s1-t4" name="CV-WEB-MX- VALIDAR ELEMENTOS Y TEXTOS REGISTER PAGE-TELCEL FRAME">
<kw name="Iniciar configuracion test" library="sharedkeywords" type="SETUP">
<kw name="Configurar Directorio screenshots" library="sharedkeywords">
<kw name="Set Screenshot Directory" library="SeleniumLibrary">
<arg>${screenshots}</arg>
<doc>Sets the directory for captured screenshots.</doc>
<status status="PASS" starttime="20210831 18:25:33.277" endtime="20210831 18:25:33.278"/>
</kw>
<status status="PASS" starttime="20210831 18:25:33.276" endtime="20210831 18:25:33.278"/>
</kw>
<status status="PASS" starttime="20210831 18:25:33.276" endtime="20210831 18:25:33.278"/>
</kw>
<kw name="Abrir register page" library="sharedkeywords">
<kw name="Open Browser" library="SeleniumLibrary">
<arg>https://www.clarovideo.com/mexico/register</arg>
<arg>${browser}</arg>
<doc>Opens a new browser instance to the optional ``url``.</doc>
<msg timestamp="20210831 18:25:33.279" level="INFO">Opening browser 'chrome' to base url 'https://www.clarovideo.com/mexico/register'.</msg>
<kw name="Capture Page Screenshot" library="SeleniumLibrary">
<doc>Takes a screenshot of the current page and embeds it into a log file.</doc>
<msg timestamp="20210831 18:25:35.549" level="INFO">Cannot capture screenshot because no browser is open.</msg>
<status status="PASS" starttime="20210831 18:25:35.548" endtime="20210831 18:25:35.549"/>
</kw>
<msg timestamp="20210831 18:25:35.550" level="FAIL">SessionNotCreatedException: Message: session not created: This version of ChromeDriver only supports Chrome version 91
Current browser version is 93.0.4577.63 with binary path /Applications/Google Chrome.app/Contents/MacOS/Google Chrome
</msg>
<status status="FAIL" starttime="20210831 18:25:33.279" endtime="20210831 18:25:35.550"/>
</kw>
<status status="FAIL" starttime="20210831 18:25:33.278" endtime="20210831 18:25:35.550"/>
</kw>
<kw name="Wait Until Element Is Visible" library="SeleniumLibrary">
<arg>${elementos_register_page['reg_terms_promo']}</arg>
<doc>Waits until the element ``locator`` is visible.</doc>
<status status="NOT RUN" starttime="20210831 18:25:35.550" endtime="20210831 18:25:35.551"/>
</kw>
<kw name="Click Element" library="SeleniumLibrary">
<arg>${elementos_register_page['reg_terms_promo']}</arg>
<doc>Click the element identified by ``locator``.</doc>
<status status="NOT RUN" starttime="20210831 18:25:35.551" endtime="20210831 18:25:35.551"/>
</kw>
<kw name="Wait Until Element Is Visible" library="SeleniumLibrary">
<arg>${elementos_conocePromos['telcel_texto_promos']}</arg>
<doc>Waits until the element ``locator`` is visible.</doc>
<status status="NOT RUN" starttime="20210831 18:25:35.551" endtime="20210831 18:25:35.551"/>
</kw>
<kw name="Get Text" library="SeleniumLibrary">
<var>${textotelcel_promos}</var>
<arg>${elementos_conocePromos['telcel_texto_promos']}</arg>
<doc>Returns the text value of the element identified by ``locator``.</doc>
<status status="NOT RUN" starttime="20210831 18:25:35.552" endtime="20210831 18:25:35.552"/>
</kw>
<kw name="Get File" library="OperatingSystem">
<var>${textooficialtelcel_promos}</var>
<arg>/Users/at/Desktop/AT-auto/robotFramework/auto_py/QC-WEB-MX/resources/CV-POM/conocelaspromocionesPage/textopromocionesTELCEL.txt</arg>
<arg>encoding=UTF-8</arg>
<arg>encoding_errors=strict</arg>
<doc>Returns the contents of a specified file.</doc>
<status status="NOT RUN" starttime="20210831 18:25:35.552" endtime="20210831 18:25:35.552"/>
</kw>
<kw name="Should Be Equal As Strings" library="BuiltIn">
<arg>${textotelcel_promos}</arg>
<arg>${textooficialtelcel_promos}</arg>
<doc>Fails if objects are unequal after converting them to strings.</doc>
<status status="NOT RUN" starttime="20210831 18:25:35.552" endtime="20210831 18:25:35.552"/>
</kw>
<kw name="Log" library="BuiltIn">
<arg>${textotelcel_promos}</arg>
<doc>Logs the given message with the given level.</doc>
<status status="NOT RUN" starttime="20210831 18:25:35.552" endtime="20210831 18:25:35.553"/>
</kw>
<kw name="Log" library="BuiltIn">
<arg>${textooficialtelcel_promos}</arg>
<doc>Logs the given message with the given level.</doc>
<status status="NOT RUN" starttime="20210831 18:25:35.553" endtime="20210831 18:25:35.553"/>
</kw>
<kw name="Terminar configuracion test" library="sharedkeywords" type="TEARDOWN">
<kw name="Capture Page Screenshot" library="SeleniumLibrary">
<doc>Takes a screenshot of the current page and embeds it into a log file.</doc>
<msg timestamp="20210831 18:25:35.554" level="INFO">Cannot capture screenshot because no browser is open.</msg>
<status status="PASS" starttime="20210831 18:25:35.554" endtime="20210831 18:25:35.554"/>
</kw>
<kw name="Cerrar Browser" library="sharedkeywords">
<kw name="Close Browser" library="SeleniumLibrary">
<doc>Closes the current browser.</doc>
<status status="PASS" starttime="20210831 18:25:35.554" endtime="20210831 18:25:35.555"/>
</kw>
<status status="PASS" starttime="20210831 18:25:35.554" endtime="20210831 18:25:35.555"/>
</kw>
<status status="PASS" starttime="20210831 18:25:35.553" endtime="20210831 18:25:35.555"/>
</kw>
<status status="FAIL" starttime="20210831 18:25:33.275" endtime="20210831 18:25:35.555">SessionNotCreatedException: Message: session not created: This version of ChromeDriver only supports Chrome version 91
Current browser version is 93.0.4577.63 with binary path /Applications/Google Chrome.app/Contents/MacOS/Google Chrome
</status>
</test>
<kw name="Terminar configuracion suitetest" library="sharedkeywords" type="TEARDOWN">
<kw name="download charles .chls and close it" library="sharedkeywords">
<kw name="Stop Charles Proxy Session Recording" library="charles_library">
<msg timestamp="20210831 18:25:35.569" level="FAIL">ProxyError: HTTPConnectionPool(host='127.0.0.1', port=8888): Max retries exceeded with url: http://control.charles/recording/stop (Caused by ProxyError('Cannot connect to proxy.', RemoteDisconnected('Remote end closed connection without response')))</msg>
<status status="FAIL" starttime="20210831 18:25:35.557" endtime="20210831 18:25:35.569"/>
</kw>
<kw name="Download Charles Proxy Session Recording" library="charles_library">
<status status="PASS" starttime="20210831 18:25:35.569" endtime="20210831 18:25:35.579"/>
</kw>
<kw name="Terminate All Charles Proxy Sessions" library="charles_library">
<status status="PASS" starttime="20210831 18:25:35.579" endtime="20210831 18:25:35.705"/>
</kw>
<status status="FAIL" starttime="20210831 18:25:35.557" endtime="20210831 18:25:35.706"/>
</kw>
<kw name="Cerrar todos los navegadores" library="sharedkeywords">
<kw name="Close All Browsers" library="SeleniumLibrary">
<doc>Closes all open browsers and resets the browser cache.</doc>
<status status="PASS" starttime="20210831 18:25:35.707" endtime="20210831 18:25:35.707"/>
</kw>
<status status="PASS" starttime="20210831 18:25:35.706" endtime="20210831 18:25:35.707"/>
</kw>
<status status="FAIL" starttime="20210831 18:25:35.556" endtime="20210831 18:25:35.708">ProxyError: HTTPConnectionPool(host='127.0.0.1', port=8888): Max retries exceeded with url: http://control.charles/recording/stop (Caused by ProxyError('Cannot connect to proxy.', RemoteDisconnected('Remote end closed connection without response')))</status>
</kw>
<doc>validar presencia de elementos y textos de cada elemento en REGISTER PAGE, T&amp;C PAGE, PROMOTIONS_TELMEX, PROMOTIONS_TELCEL</doc>
<status status="FAIL" starttime="20210831 18:25:22.329" endtime="20210831 18:25:35.708">Suite teardown failed:
ProxyError: HTTPConnectionPool(host='127.0.0.1', port=8888): Max retries exceeded with url: http://control.charles/recording/stop (Caused by ProxyError('Cannot connect to proxy.', RemoteDisconnected('Remote end closed connection without response')))</status>
</suite>
<status status="FAIL" starttime="20210831 18:25:22.311" endtime="20210831 18:25:35.713"/>
</suite>
<statistics>
<total>
<stat pass="0" fail="4" skip="0">All Tests</stat>
</total>
<tag>
</tag>
<suite>
<stat pass="0" fail="4" skip="0" id="s1" name="Suites">Suites</stat>
<stat pass="0" fail="4" skip="0" id="s1-s1" name="CV-MX-WEB-REGISTER &amp; PROMOS PAGES">Suites.CV-MX-WEB-REGISTER &amp; PROMOS PAGES</stat>
</suite>
</statistics>
<errors>
<msg timestamp="20210831 18:25:22.336" level="ERROR">Error in resource file '/Users/at/Desktop/AT-auto/robotFramework/auto_py/QC-WEB-MX/resources/keywords/sharedkeywords.robot': Creating keyword 'validador de texto con txt' failed: Invalid argument specification: Invalid argument syntax '${e1['${element}']'.</msg>
<msg timestamp="20210831 18:25:22.528" level="ERROR">Error in file '/Users/at/Desktop/AT-auto/robotFramework/auto_py/QC-WEB-MX/resources/keywords/sharedkeywords.robot' on line 25: Variable file '/Users/at/Desktop/AT-auto/robotFramework/auto_py/QC-WEB-MX/resources/CV-POM/EC-brf-6744/Licencia_usuario_final.py' does not exist.</msg>
<msg timestamp="20210831 18:25:22.529" level="ERROR">Error in file '/Users/at/Desktop/AT-auto/robotFramework/auto_py/QC-WEB-MX/resources/keywords/sharedkeywords.robot' on line 26: Variable file '/Users/at/Desktop/AT-auto/robotFramework/auto_py/QC-WEB-MX/resources/CV-POM/EC-brf-6744/politicas_de_privacidad.py' does not exist.</msg>
</errors>
</robot>
