<?xml version="1.0" encoding="UTF-8"?>
<robot generator="Robot 4.0.3 (Python 3.9.5 on darwin)" generated="20210831 18:36:13.423" rpa="false" schemaversion="2">
<suite id="s1" name="Suites">
<suite id="s1-s1" name="CV-MX-WEB-LOGIN PAGES" source="/Users/at/Desktop/AT-auto/robotFramework/auto_py/QC-WEB-MX/testCases/CV-MX-WEB-LOGIN_PAGES.robot">
<kw name="Iniciar configuracion suitetest" library="sharedkeywords" type="SETUP">
<kw name="run charles and record" library="sharedkeywords">
<kw name="Start Charles Proxy In Headless Mode" library="charles_library">
<status status="PASS" starttime="20210831 18:36:13.632" endtime="20210831 18:36:17.637"/>
</kw>
<kw name="Start Charles Proxy Session Recording" library="charles_library">
<status status="PASS" starttime="20210831 18:36:17.638" endtime="20210831 18:36:17.666"/>
</kw>
<status status="PASS" starttime="20210831 18:36:13.632" endtime="20210831 18:36:17.667"/>
</kw>
<status status="PASS" starttime="20210831 18:36:13.632" endtime="20210831 18:36:17.667"/>
</kw>
<test id="s1-s1-t1" name="CV-WEB-MX- VALIDAR ELEMENTOS Y TEXTOS LOGIN PAGE-EMAIL PAGE">
<kw name="Iniciar configuracion test" library="sharedkeywords" type="SETUP">
<kw name="Configurar Directorio screenshots" library="sharedkeywords">
<kw name="Set Screenshot Directory" library="SeleniumLibrary">
<arg>${screenshots}</arg>
<doc>Sets the directory for captured screenshots.</doc>
<status status="PASS" starttime="20210831 18:36:17.669" endtime="20210831 18:36:17.669"/>
</kw>
<status status="PASS" starttime="20210831 18:36:17.668" endtime="20210831 18:36:17.669"/>
</kw>
<status status="PASS" starttime="20210831 18:36:17.668" endtime="20210831 18:36:17.670"/>
</kw>
<kw name="Abrir login page" library="sharedkeywords">
<kw name="Open Browser" library="SeleniumLibrary">
<arg>https://www.clarovideo.com/mexico/login</arg>
<arg>${browser}</arg>
<doc>Opens a new browser instance to the optional ``url``.</doc>
<msg timestamp="20210831 18:36:17.671" level="INFO">Opening browser 'chrome' to base url 'https://www.clarovideo.com/mexico/login'.</msg>
<kw name="Capture Page Screenshot" library="SeleniumLibrary">
<doc>Takes a screenshot of the current page and embeds it into a log file.</doc>
<msg timestamp="20210831 18:36:20.043" level="INFO">Cannot capture screenshot because no browser is open.</msg>
<status status="PASS" starttime="20210831 18:36:20.042" endtime="20210831 18:36:20.043"/>
</kw>
<msg timestamp="20210831 18:36:20.045" level="FAIL">SessionNotCreatedException: Message: session not created: This version of ChromeDriver only supports Chrome version 91
Current browser version is 93.0.4577.63 with binary path /Applications/Google Chrome.app/Contents/MacOS/Google Chrome
</msg>
<status status="FAIL" starttime="20210831 18:36:17.670" endtime="20210831 18:36:20.045"/>
</kw>
<status status="FAIL" starttime="20210831 18:36:17.670" endtime="20210831 18:36:20.046"/>
</kw>
<kw name="Validar textos y elementos" library="sharedkeywords">
<arg>${elementos_login_email}</arg>
<arg>${textos_elementos_login_email}</arg>
<status status="NOT RUN" starttime="20210831 18:36:20.046" endtime="20210831 18:36:20.046"/>
</kw>
<kw name="Terminar configuracion test" library="sharedkeywords" type="TEARDOWN">
<kw name="Capture Page Screenshot" library="SeleniumLibrary">
<doc>Takes a screenshot of the current page and embeds it into a log file.</doc>
<msg timestamp="20210831 18:36:20.047" level="INFO">Cannot capture screenshot because no browser is open.</msg>
<status status="PASS" starttime="20210831 18:36:20.047" endtime="20210831 18:36:20.047"/>
</kw>
<kw name="Cerrar Browser" library="sharedkeywords">
<kw name="Close Browser" library="SeleniumLibrary">
<doc>Closes the current browser.</doc>
<status status="PASS" starttime="20210831 18:36:20.048" endtime="20210831 18:36:20.048"/>
</kw>
<status status="PASS" starttime="20210831 18:36:20.047" endtime="20210831 18:36:20.049"/>
</kw>
<status status="PASS" starttime="20210831 18:36:20.047" endtime="20210831 18:36:20.049"/>
</kw>
<status status="FAIL" starttime="20210831 18:36:17.667" endtime="20210831 18:36:20.049">SessionNotCreatedException: Message: session not created: This version of ChromeDriver only supports Chrome version 91
Current browser version is 93.0.4577.63 with binary path /Applications/Google Chrome.app/Contents/MacOS/Google Chrome
</status>
</test>
<test id="s1-s1-t2" name="CV-WEB-MX- VALIDAR ELEMENTOS Y TEXTOS LOGIN PAGE-PASSWORD PAGE">
<kw name="Iniciar configuracion test" library="sharedkeywords" type="SETUP">
<kw name="Configurar Directorio screenshots" library="sharedkeywords">
<kw name="Set Screenshot Directory" library="SeleniumLibrary">
<arg>${screenshots}</arg>
<doc>Sets the directory for captured screenshots.</doc>
<status status="PASS" starttime="20210831 18:36:20.051" endtime="20210831 18:36:20.051"/>
</kw>
<status status="PASS" starttime="20210831 18:36:20.050" endtime="20210831 18:36:20.052"/>
</kw>
<status status="PASS" starttime="20210831 18:36:20.050" endtime="20210831 18:36:20.052"/>
</kw>
<kw name="Abrir login page" library="sharedkeywords">
<kw name="Open Browser" library="SeleniumLibrary">
<arg>https://www.clarovideo.com/mexico/login</arg>
<arg>${browser}</arg>
<doc>Opens a new browser instance to the optional ``url``.</doc>
<msg timestamp="20210831 18:36:20.053" level="INFO">Opening browser 'chrome' to base url 'https://www.clarovideo.com/mexico/login'.</msg>
<kw name="Capture Page Screenshot" library="SeleniumLibrary">
<doc>Takes a screenshot of the current page and embeds it into a log file.</doc>
<msg timestamp="20210831 18:36:22.342" level="INFO">Cannot capture screenshot because no browser is open.</msg>
<status status="PASS" starttime="20210831 18:36:22.341" endtime="20210831 18:36:22.342"/>
</kw>
<msg timestamp="20210831 18:36:22.342" level="FAIL">SessionNotCreatedException: Message: session not created: This version of ChromeDriver only supports Chrome version 91
Current browser version is 93.0.4577.63 with binary path /Applications/Google Chrome.app/Contents/MacOS/Google Chrome
</msg>
<status status="FAIL" starttime="20210831 18:36:20.052" endtime="20210831 18:36:22.342"/>
</kw>
<status status="FAIL" starttime="20210831 18:36:20.052" endtime="20210831 18:36:22.343"/>
</kw>
<kw name="Ingresar email para login" library="sharedkeywords">
<arg>testqc01_990@gmail.com</arg>
<status status="NOT RUN" starttime="20210831 18:36:22.343" endtime="20210831 18:36:22.343"/>
</kw>
<kw name="Validar textos y elementos" library="sharedkeywords">
<arg>${elementos_login_pass}</arg>
<arg>${textos_elementos_login_pass}</arg>
<status status="NOT RUN" starttime="20210831 18:36:22.343" endtime="20210831 18:36:22.343"/>
</kw>
<kw name="Terminar configuracion test" library="sharedkeywords" type="TEARDOWN">
<kw name="Capture Page Screenshot" library="SeleniumLibrary">
<doc>Takes a screenshot of the current page and embeds it into a log file.</doc>
<msg timestamp="20210831 18:36:22.344" level="INFO">Cannot capture screenshot because no browser is open.</msg>
<status status="PASS" starttime="20210831 18:36:22.344" endtime="20210831 18:36:22.344"/>
</kw>
<kw name="Cerrar Browser" library="sharedkeywords">
<kw name="Close Browser" library="SeleniumLibrary">
<doc>Closes the current browser.</doc>
<status status="PASS" starttime="20210831 18:36:22.345" endtime="20210831 18:36:22.345"/>
</kw>
<status status="PASS" starttime="20210831 18:36:22.345" endtime="20210831 18:36:22.345"/>
</kw>
<status status="PASS" starttime="20210831 18:36:22.344" endtime="20210831 18:36:22.345"/>
</kw>
<status status="FAIL" starttime="20210831 18:36:20.049" endtime="20210831 18:36:22.346">SessionNotCreatedException: Message: session not created: This version of ChromeDriver only supports Chrome version 91
Current browser version is 93.0.4577.63 with binary path /Applications/Google Chrome.app/Contents/MacOS/Google Chrome
</status>
</test>
<test id="s1-s1-t3" name="CV-WEB-MX- VALIDAR FUNCION LOGIN">
<kw name="Iniciar configuracion test" library="sharedkeywords" type="SETUP">
<kw name="Configurar Directorio screenshots" library="sharedkeywords">
<kw name="Set Screenshot Directory" library="SeleniumLibrary">
<arg>${screenshots}</arg>
<doc>Sets the directory for captured screenshots.</doc>
<status status="PASS" starttime="20210831 18:36:22.347" endtime="20210831 18:36:22.348"/>
</kw>
<status status="PASS" starttime="20210831 18:36:22.347" endtime="20210831 18:36:22.348"/>
</kw>
<status status="PASS" starttime="20210831 18:36:22.347" endtime="20210831 18:36:22.348"/>
</kw>
<kw name="Abrir login page" library="sharedkeywords">
<kw name="Open Browser" library="SeleniumLibrary">
<arg>https://www.clarovideo.com/mexico/login</arg>
<arg>${browser}</arg>
<doc>Opens a new browser instance to the optional ``url``.</doc>
<msg timestamp="20210831 18:36:22.349" level="INFO">Opening browser 'chrome' to base url 'https://www.clarovideo.com/mexico/login'.</msg>
<kw name="Capture Page Screenshot" library="SeleniumLibrary">
<doc>Takes a screenshot of the current page and embeds it into a log file.</doc>
<msg timestamp="20210831 18:36:24.614" level="INFO">Cannot capture screenshot because no browser is open.</msg>
<status status="PASS" starttime="20210831 18:36:24.614" endtime="20210831 18:36:24.614"/>
</kw>
<msg timestamp="20210831 18:36:24.616" level="FAIL">SessionNotCreatedException: Message: session not created: This version of ChromeDriver only supports Chrome version 91
Current browser version is 93.0.4577.63 with binary path /Applications/Google Chrome.app/Contents/MacOS/Google Chrome
</msg>
<status status="FAIL" starttime="20210831 18:36:22.349" endtime="20210831 18:36:24.616"/>
</kw>
<status status="FAIL" starttime="20210831 18:36:22.349" endtime="20210831 18:36:24.616"/>
</kw>
<kw name="login CV mx" library="sharedkeywords">
<arg>testqc01_990@gmail.com</arg>
<arg>Claro123</arg>
<status status="NOT RUN" starttime="20210831 18:36:24.617" endtime="20210831 18:36:24.617"/>
</kw>
<kw name="click imagen perfil ir a Home page cv" library="sharedkeywords">
<status status="NOT RUN" starttime="20210831 18:36:24.617" endtime="20210831 18:36:24.618"/>
</kw>
<kw name="Terminar configuracion test" library="sharedkeywords" type="TEARDOWN">
<kw name="Capture Page Screenshot" library="SeleniumLibrary">
<doc>Takes a screenshot of the current page and embeds it into a log file.</doc>
<msg timestamp="20210831 18:36:24.619" level="INFO">Cannot capture screenshot because no browser is open.</msg>
<status status="PASS" starttime="20210831 18:36:24.619" endtime="20210831 18:36:24.619"/>
</kw>
<kw name="Cerrar Browser" library="sharedkeywords">
<kw name="Close Browser" library="SeleniumLibrary">
<doc>Closes the current browser.</doc>
<status status="PASS" starttime="20210831 18:36:24.620" endtime="20210831 18:36:24.620"/>
</kw>
<status status="PASS" starttime="20210831 18:36:24.619" endtime="20210831 18:36:24.620"/>
</kw>
<status status="PASS" starttime="20210831 18:36:24.618" endtime="20210831 18:36:24.621"/>
</kw>
<status status="FAIL" starttime="20210831 18:36:22.346" endtime="20210831 18:36:24.621">SessionNotCreatedException: Message: session not created: This version of ChromeDriver only supports Chrome version 91
Current browser version is 93.0.4577.63 with binary path /Applications/Google Chrome.app/Contents/MacOS/Google Chrome
</status>
</test>
<test id="s1-s1-t4" name="CV-WEB-MX- VALIDAR ELEMENTOS Y TEXTOS LOGIN PAGE-ANONYMOUS PAGE">
<kw name="Iniciar configuracion test" library="sharedkeywords" type="SETUP">
<kw name="Configurar Directorio screenshots" library="sharedkeywords">
<kw name="Set Screenshot Directory" library="SeleniumLibrary">
<arg>${screenshots}</arg>
<doc>Sets the directory for captured screenshots.</doc>
<status status="PASS" starttime="20210831 18:36:24.623" endtime="20210831 18:36:24.623"/>
</kw>
<status status="PASS" starttime="20210831 18:36:24.622" endtime="20210831 18:36:24.623"/>
</kw>
<status status="PASS" starttime="20210831 18:36:24.622" endtime="20210831 18:36:24.624"/>
</kw>
<kw name="Abrir landing page" library="sharedkeywords">
<kw name="Open Browser" library="SeleniumLibrary">
<arg>https://www.clarovideo.com/mexico/landing</arg>
<arg>${browser}</arg>
<doc>Opens a new browser instance to the optional ``url``.</doc>
<msg timestamp="20210831 18:36:24.625" level="INFO">Opening browser 'chrome' to base url 'https://www.clarovideo.com/mexico/landing'.</msg>
<kw name="Capture Page Screenshot" library="SeleniumLibrary">
<doc>Takes a screenshot of the current page and embeds it into a log file.</doc>
<msg timestamp="20210831 18:36:26.913" level="INFO">Cannot capture screenshot because no browser is open.</msg>
<status status="PASS" starttime="20210831 18:36:26.912" endtime="20210831 18:36:26.913"/>
</kw>
<msg timestamp="20210831 18:36:26.913" level="FAIL">SessionNotCreatedException: Message: session not created: This version of ChromeDriver only supports Chrome version 91
Current browser version is 93.0.4577.63 with binary path /Applications/Google Chrome.app/Contents/MacOS/Google Chrome
</msg>
<status status="FAIL" starttime="20210831 18:36:24.624" endtime="20210831 18:36:26.913"/>
</kw>
<status status="FAIL" starttime="20210831 18:36:24.624" endtime="20210831 18:36:26.914"/>
</kw>
<kw name="Validar textos y elementos" library="sharedkeywords">
<arg>${elementos_landing_anonimo}</arg>
<arg>${textos_landing_anonimo}</arg>
<status status="NOT RUN" starttime="20210831 18:36:26.914" endtime="20210831 18:36:26.914"/>
</kw>
<kw name="Terminar configuracion test" library="sharedkeywords" type="TEARDOWN">
<kw name="Capture Page Screenshot" library="SeleniumLibrary">
<doc>Takes a screenshot of the current page and embeds it into a log file.</doc>
<msg timestamp="20210831 18:36:26.916" level="INFO">Cannot capture screenshot because no browser is open.</msg>
<status status="PASS" starttime="20210831 18:36:26.915" endtime="20210831 18:36:26.916"/>
</kw>
<kw name="Cerrar Browser" library="sharedkeywords">
<kw name="Close Browser" library="SeleniumLibrary">
<doc>Closes the current browser.</doc>
<status status="PASS" starttime="20210831 18:36:26.916" endtime="20210831 18:36:26.916"/>
</kw>
<status status="PASS" starttime="20210831 18:36:26.916" endtime="20210831 18:36:26.917"/>
</kw>
<status status="PASS" starttime="20210831 18:36:26.915" endtime="20210831 18:36:26.917"/>
</kw>
<status status="FAIL" starttime="20210831 18:36:24.621" endtime="20210831 18:36:26.917">SessionNotCreatedException: Message: session not created: This version of ChromeDriver only supports Chrome version 91
Current browser version is 93.0.4577.63 with binary path /Applications/Google Chrome.app/Contents/MacOS/Google Chrome
</status>
</test>
<kw name="Terminar configuracion suitetest" library="sharedkeywords" type="TEARDOWN">
<kw name="download charles .chls and close it" library="sharedkeywords">
<kw name="Stop Charles Proxy Session Recording" library="charles_library">
<status status="PASS" starttime="20210831 18:36:26.919" endtime="20210831 18:36:26.927"/>
</kw>
<kw name="Download Charles Proxy Session Recording" library="charles_library">
<status status="PASS" starttime="20210831 18:36:26.927" endtime="20210831 18:36:26.935"/>
</kw>
<kw name="Terminate All Charles Proxy Sessions" library="charles_library">
<status status="PASS" starttime="20210831 18:36:26.936" endtime="20210831 18:36:27.065"/>
</kw>
<status status="PASS" starttime="20210831 18:36:26.919" endtime="20210831 18:36:27.066"/>
</kw>
<kw name="Cerrar todos los navegadores" library="sharedkeywords">
<kw name="Close All Browsers" library="SeleniumLibrary">
<doc>Closes all open browsers and resets the browser cache.</doc>
<status status="PASS" starttime="20210831 18:36:27.066" endtime="20210831 18:36:27.067"/>
</kw>
<status status="PASS" starttime="20210831 18:36:27.066" endtime="20210831 18:36:27.067"/>
</kw>
<status status="PASS" starttime="20210831 18:36:26.918" endtime="20210831 18:36:27.067"/>
</kw>
<doc>validar presencia de elementos y textos de cada elemento en LANDING PAGE, LOGIN PAGE, ANONYMOUS PAGE</doc>
<status status="FAIL" starttime="20210831 18:36:13.453" endtime="20210831 18:36:27.068"/>
</suite>
<status status="FAIL" starttime="20210831 18:36:13.435" endtime="20210831 18:36:27.073"/>
</suite>
<statistics>
<total>
<stat pass="0" fail="4" skip="0">All Tests</stat>
</total>
<tag>
</tag>
<suite>
<stat pass="0" fail="4" skip="0" id="s1" name="Suites">Suites</stat>
<stat pass="0" fail="4" skip="0" id="s1-s1" name="CV-MX-WEB-LOGIN PAGES">Suites.CV-MX-WEB-LOGIN PAGES</stat>
</suite>
</statistics>
<errors>
<msg timestamp="20210831 18:36:13.461" level="ERROR">Error in resource file '/Users/at/Desktop/AT-auto/robotFramework/auto_py/QC-WEB-MX/resources/keywords/sharedkeywords.robot': Creating keyword 'validador de texto con txt' failed: Invalid argument specification: Invalid argument syntax '${e1['${element}']'.</msg>
<msg timestamp="20210831 18:36:13.631" level="ERROR">Error in file '/Users/at/Desktop/AT-auto/robotFramework/auto_py/QC-WEB-MX/resources/keywords/sharedkeywords.robot' on line 25: Variable file '/Users/at/Desktop/AT-auto/robotFramework/auto_py/QC-WEB-MX/resources/CV-POM/EC-brf-6744/Licencia_usuario_final.py' does not exist.</msg>
<msg timestamp="20210831 18:36:13.631" level="ERROR">Error in file '/Users/at/Desktop/AT-auto/robotFramework/auto_py/QC-WEB-MX/resources/keywords/sharedkeywords.robot' on line 26: Variable file '/Users/at/Desktop/AT-auto/robotFramework/auto_py/QC-WEB-MX/resources/CV-POM/EC-brf-6744/politicas_de_privacidad.py' does not exist.</msg>
</errors>
</robot>
