<?xml version="1.0" encoding="UTF-8"?>
<robot generator="Robot 4.1.3 (Python 3.9.10 on darwin)" generated="20220315 18:35:17.005" rpa="false" schemaversion="2">
<suite id="s1" name="Tester" source="/Users/at/Desktop/AT-auto/robotFramework/auto_py/QC-WEB-MX/QC-WEB-MX/testCases/tester.robot">
<kw name="-CONFIGURACIÓN INICIAL SUITETEST-" library="libraries_keywords" type="SETUP">
<kw name="-ABRIR CHARLES-" library="libraries_keywords">
<kw name="Start Charles Proxy In Headless Mode" library="charles_library">
<status status="PASS" starttime="20220315 18:35:17.402" endtime="20220315 18:35:21.407"/>
</kw>
<kw name="Sleep" library="BuiltIn">
<arg>4</arg>
<doc>Pauses the test executed for the given time.</doc>
<msg timestamp="20220315 18:35:25.409" level="INFO">Slept 4 seconds</msg>
<status status="PASS" starttime="20220315 18:35:21.408" endtime="20220315 18:35:25.410"/>
</kw>
<status status="PASS" starttime="20220315 18:35:17.402" endtime="20220315 18:35:25.410"/>
</kw>
<kw name="-INICIAR GRABACION CHARLES-" library="libraries_keywords">
<kw name="Start Charles Proxy Session Recording" library="charles_library">
<status status="PASS" starttime="20220315 18:35:25.411" endtime="20220315 18:35:25.446"/>
</kw>
<status status="PASS" starttime="20220315 18:35:25.410" endtime="20220315 18:35:25.446"/>
</kw>
<status status="PASS" starttime="20220315 18:35:17.401" endtime="20220315 18:35:25.446"/>
</kw>
<test id="s1-t1" name="CV-WEB-ACCESO-VALIDAR LOGOUT">
<kw name="-CONFIGURACIÓN TESTCASE-" library="libraries_keywords" type="SETUP">
<kw name="-CONFIGURAR DIRECTORIO SCREENSHOTS-" library="libraries_keywords">
<kw name="Set Screenshot Directory" library="Selenium2Library">
<arg>${screenshots-folder}</arg>
<doc>Sets the directory for captured screenshots.</doc>
<status status="PASS" starttime="20220315 18:35:25.448" endtime="20220315 18:35:25.448"/>
</kw>
<status status="PASS" starttime="20220315 18:35:25.447" endtime="20220315 18:35:25.449"/>
</kw>
<status status="PASS" starttime="20220315 18:35:25.447" endtime="20220315 18:35:25.449"/>
</kw>
<kw name="-LOGIN HOME CV-" library="tests_keywords">
<arg>${email_valido}</arg>
<arg>${pass_valido}</arg>
<kw name="-ABRIR LOGIN PAGE-" library="tests_keywords">
<kw name="Open Browser" library="Selenium2Library">
<arg>${url_login_page}</arg>
<arg>${browser}</arg>
<doc>Opens a new browser instance to the optional ``url``.</doc>
<msg timestamp="20220315 18:35:25.450" level="INFO">Opening browser 'chrome' to base url 'https://www.clarovideo.com/mexico/login'.</msg>
<status status="PASS" starttime="20220315 18:35:25.450" endtime="20220315 18:35:32.586"/>
</kw>
<status status="PASS" starttime="20220315 18:35:25.449" endtime="20220315 18:35:32.586"/>
</kw>
<kw name="-INGRESAR EMAIL PARA LOGIN-" library="tests_keywords">
<arg>${email}</arg>
<kw name="Wait Until Element Is Visible" library="Selenium2Library">
<arg>${elementos_login_email['reg_emailtextbox']}</arg>
<doc>Waits until the element ``locator`` is visible.</doc>
<status status="PASS" starttime="20220315 18:35:32.587" endtime="20220315 18:35:33.586"/>
</kw>
<kw name="Input Text" library="Selenium2Library">
<arg>${elementos_login_email['reg_emailtextbox']}</arg>
<arg>${email}</arg>
<doc>Types the given ``text`` into the text field identified by ``locator``.</doc>
<msg timestamp="20220315 18:35:33.588" level="INFO">Typing text 's_tamezaa@globalhitss.com' into text field 'xpath=//*[@id="emailLogin"]'.</msg>
<status status="PASS" starttime="20220315 18:35:33.586" endtime="20220315 18:35:33.796"/>
</kw>
<kw name="Click Button" library="Selenium2Library">
<arg>${elementos_login_email['log_siguiente']}</arg>
<doc>Clicks the button identified by ``locator``.</doc>
<msg timestamp="20220315 18:35:33.797" level="INFO">Clicking button 'xpath=/html/body/div[2]/div/div[1]/div/div[2]/div/div/div[3]/div/button'.</msg>
<status status="PASS" starttime="20220315 18:35:33.796" endtime="20220315 18:35:33.894"/>
</kw>
<status status="PASS" starttime="20220315 18:35:32.587" endtime="20220315 18:35:33.895"/>
</kw>
<kw name="-INGRESAR PASSWORD PARA LOGIN-" library="tests_keywords">
<arg>${password}</arg>
<kw name="Wait Until Element Is Visible" library="Selenium2Library">
<arg>${elementos_login_pass['reg_pass_passtextbox']}</arg>
<doc>Waits until the element ``locator`` is visible.</doc>
<status status="PASS" starttime="20220315 18:35:33.896" endtime="20220315 18:35:34.506"/>
</kw>
<kw name="Input Text" library="Selenium2Library">
<arg>${elementos_login_pass['reg_pass_passtextbox']}</arg>
<arg>${password}</arg>
<doc>Types the given ``text`` into the text field identified by ``locator``.</doc>
<msg timestamp="20220315 18:35:34.508" level="INFO">Typing text 'Claro123!' into text field 'xpath=//*[@id="password"]'.</msg>
<status status="PASS" starttime="20220315 18:35:34.507" endtime="20220315 18:35:34.581"/>
</kw>
<kw name="Click Button" library="Selenium2Library">
<arg>${elementos_login_pass['log_pass_siguiente']}</arg>
<doc>Clicks the button identified by ``locator``.</doc>
<msg timestamp="20220315 18:35:34.583" level="INFO">Clicking button 'xpath=/html/body/div[2]/div/div[1]/div/div[2]/div/div/div[4]/div/button'.</msg>
<status status="PASS" starttime="20220315 18:35:34.581" endtime="20220315 18:35:34.664"/>
</kw>
<status status="PASS" starttime="20220315 18:35:33.895" endtime="20220315 18:35:34.664"/>
</kw>
<kw name="Sleep" library="BuiltIn">
<arg>10</arg>
<doc>Pauses the test executed for the given time.</doc>
<msg timestamp="20220315 18:35:44.667" level="INFO">Slept 10 seconds</msg>
<status status="PASS" starttime="20220315 18:35:34.665" endtime="20220315 18:35:44.667"/>
</kw>
<kw name="-CLICK IMAGEN DE PERFIL-" library="tests_keywords">
<kw name="Sleep" library="BuiltIn">
<arg>7</arg>
<doc>Pauses the test executed for the given time.</doc>
<msg timestamp="20220315 18:35:51.669" level="INFO">Slept 7 seconds</msg>
<status status="PASS" starttime="20220315 18:35:44.668" endtime="20220315 18:35:51.669"/>
</kw>
<kw name="Wait Until Page Contains Element" library="Selenium2Library">
<arg>${elementos_profile_page['selectProfile_1_image']}</arg>
<doc>Waits until the element ``locator`` appears on the current page.</doc>
<status status="PASS" starttime="20220315 18:35:51.670" endtime="20220315 18:35:51.684"/>
</kw>
<kw name="Click Element" library="Selenium2Library">
<arg>${elementos_profile_page['selectProfile_1_image']}</arg>
<doc>Click the element identified by ``locator``.</doc>
<msg timestamp="20220315 18:35:51.686" level="INFO">Clicking element 'xpath=//div[@class='image-grid-container']//div[1]//div[1]//img[1]'.</msg>
<status status="PASS" starttime="20220315 18:35:51.685" endtime="20220315 18:35:51.749"/>
</kw>
<status status="PASS" starttime="20220315 18:35:44.668" endtime="20220315 18:35:51.749"/>
</kw>
<kw name="-VALIDAR CARGA HOME-" library="tests_keywords">
<kw name="Sleep" library="BuiltIn">
<arg>7</arg>
<doc>Pauses the test executed for the given time.</doc>
<msg timestamp="20220315 18:35:58.750" level="INFO">Slept 7 seconds</msg>
<status status="PASS" starttime="20220315 18:35:51.749" endtime="20220315 18:35:58.750"/>
</kw>
<kw name="Wait Until Page Contains Element" library="Selenium2Library">
<arg>${elementos_home_page['home_lupa']}</arg>
<doc>Waits until the element ``locator`` appears on the current page.</doc>
<status status="PASS" starttime="20220315 18:35:58.750" endtime="20220315 18:35:59.039"/>
</kw>
<status status="PASS" starttime="20220315 18:35:51.749" endtime="20220315 18:35:59.040"/>
</kw>
<status status="PASS" starttime="20220315 18:35:25.449" endtime="20220315 18:35:59.040"/>
</kw>
<kw name="-LOGOUT HOME CV-" library="tests_keywords">
<kw name="Mouse Down" library="Selenium2Library">
<arg>${profile_menu_page['close_session_inMenu']}</arg>
<doc>Simulates pressing the left mouse button on the element ``locator``.</doc>
<msg timestamp="20220315 18:35:59.042" level="INFO">Simulating Mouse Down on element 'xpath=//a[@class='dropdown-toggle dropdownUser menu_user custom-menu-user-style hidden-xs']//img[@class='menu_user--img']'.</msg>
<msg timestamp="20220315 18:35:59.406" level="INFO" html="true">&lt;/td&gt;&lt;/tr&gt;&lt;tr&gt;&lt;td colspan="3"&gt;&lt;a href="../screenshots/selenium-screenshot-18.png"&gt;&lt;img src="../screenshots/selenium-screenshot-18.png" width="800px"&gt;&lt;/a&gt;</msg>
<msg timestamp="20220315 18:35:59.424" level="FAIL">ElementNotInteractableException: Message: element not interactable: [object HTMLImageElement] has no size and location
  (Session info: chrome=99.0.4844.51)
Stacktrace:
0   chromedriver                        0x0000000101a6e159 chromedriver + 5120345
1   chromedriver                        0x00000001019fbb13 chromedriver + 4651795
2   chromedriver                        0x00000001015ebe68 chromedriver + 392808
3   chromedriver                        0x00000001015eef17 chromedriver + 405271
4   chromedriver                        0x00000001015eedc1 chromedriver + 404929
5   chromedriver                        0x00000001015ef07c chromedriver + 405628
6   chromedriver                        0x00000001016279eb chromedriver + 637419
7   chromedriver                        0x0000000101626ea6 chromedriver + 634534
8   chromedriver                        0x000000010165a7eb chromedriver + 845803
9   chromedriver                        0x000000010163eb42 chromedriver + 731970
10  chromedriver                        0x0000000101651637 chromedriver + 808503
11  chromedriver                        0x000000010163ea33 chromedriver + 731699
12  chromedriver                        0x00000001016145dd chromedriver + 558557
13  chromedriver                        0x00000001016154f5 chromedriver + 562421
14  chromedriver                        0x0000000101a2b38d chromedriver + 4846477
15  chromedriver                        0x0000000101a4521c chromedriver + 4952604
16  chromedriver                        0x0000000101a4aa12 chromedriver + 4975122
17  chromedriver                        0x0000000101a45b4a chromedriver + 4954954
18  chromedriver                        0x0000000101a205b0 chromedriver + 4801968
19  chromedriver                        0x0000000101a5ff78 chromedriver + 5062520
20  chromedriver                        0x0000000101a600ff chromedriver + 5062911
21  chromedriver                        0x0000000101a75545 chromedriver + 5150021
22  libsystem_pthread.dylib             0x00007fff203128fc _pthread_start + 224
23  libsystem_pthread.dylib             0x00007fff2030e443 thread_start + 15
</msg>
<status status="FAIL" starttime="20220315 18:35:59.040" endtime="20220315 18:35:59.425"/>
</kw>
<kw name="Click Element" library="Selenium2Library">
<arg>${profile_menu_page['close_session_button']}</arg>
<doc>Click the element identified by ``locator``.</doc>
<status status="NOT RUN" starttime="20220315 18:35:59.425" endtime="20220315 18:35:59.425"/>
</kw>
<status status="FAIL" starttime="20220315 18:35:59.040" endtime="20220315 18:35:59.426"/>
</kw>
<kw name="-TERMINAR CONFIGURACIÓN TESTCASE-" library="libraries_keywords" type="TEARDOWN">
<kw name="Capture Page Screenshot" library="Selenium2Library">
<doc>Takes a screenshot of the current page and embeds it into a log file.</doc>
<msg timestamp="20220315 18:36:00.228" level="INFO" html="true">&lt;/td&gt;&lt;/tr&gt;&lt;tr&gt;&lt;td colspan="3"&gt;&lt;a href="../screenshots/selenium-screenshot-19.png"&gt;&lt;img src="../screenshots/selenium-screenshot-19.png" width="800px"&gt;&lt;/a&gt;</msg>
<status status="PASS" starttime="20220315 18:35:59.427" endtime="20220315 18:36:00.228"/>
</kw>
<status status="PASS" starttime="20220315 18:35:59.426" endtime="20220315 18:36:00.228"/>
</kw>
<tag>test_funcional</tag>
<status status="FAIL" starttime="20220315 18:35:25.446" endtime="20220315 18:36:00.228">ElementNotInteractableException: Message: element not interactable: [object HTMLImageElement] has no size and location
  (Session info: chrome=99.0.4844.51)
Stacktrace:
0   chromedriver                        0x0000000101a6e159 chromedriver + 5120345
1   chromedriver                        0x00000001019fbb13 chromedriver + 4651795
2   chromedriver                        0x00000001015ebe68 chromedriver + 392808
3   chromedriver                        0x00000001015eef17 chromedriver + 405271
4   chromedriver                        0x00000001015eedc1 chromedriver + 404929
5   chromedriver                        0x00000001015ef07c chromedriver + 405628
6   chromedriver                        0x00000001016279eb chromedriver + 637419
7   chromedriver                        0x0000000101626ea6 chromedriver + 634534
    [ Message content over the limit has been removed. ]
...hromedriver                        0x00000001016154f5 chromedriver + 562421
14  chromedriver                        0x0000000101a2b38d chromedriver + 4846477
15  chromedriver                        0x0000000101a4521c chromedriver + 4952604
16  chromedriver                        0x0000000101a4aa12 chromedriver + 4975122
17  chromedriver                        0x0000000101a45b4a chromedriver + 4954954
18  chromedriver                        0x0000000101a205b0 chromedriver + 4801968
19  chromedriver                        0x0000000101a5ff78 chromedriver + 5062520
20  chromedriver                        0x0000000101a600ff chromedriver + 5062911
21  chromedriver                        0x0000000101a75545 chromedriver + 5150021
22  libsystem_pthread.dylib             0x00007fff203128fc _pthread_start + 224
23  libsystem_pthread.dylib             0x00007fff2030e443 thread_start + 15</status>
</test>
<kw name="-TERMINAR CONFIGURACIÓN SUITETEST-" library="libraries_keywords" type="TEARDOWN">
<kw name="-DESCARGAR SESION CHARLES-" library="libraries_keywords">
<kw name="Download Charles Proxy Session Recording" library="charles_library">
<status status="PASS" starttime="20220315 18:36:00.230" endtime="20220315 18:36:00.673"/>
</kw>
<status status="PASS" starttime="20220315 18:36:00.230" endtime="20220315 18:36:00.673"/>
</kw>
<kw name="-DETENER GRABACION CHARLES-" library="libraries_keywords">
<kw name="Stop Charles Proxy Session Recording" library="charles_library">
<status status="PASS" starttime="20220315 18:36:00.674" endtime="20220315 18:36:00.687"/>
</kw>
<status status="PASS" starttime="20220315 18:36:00.674" endtime="20220315 18:36:00.688"/>
</kw>
<kw name="-CERRAR TODOS LOS NAVEGADORES-" library="libraries_keywords">
<kw name="Close All Browsers" library="Selenium2Library">
<doc>Closes all open browsers and resets the browser cache.</doc>
<status status="PASS" starttime="20220315 18:36:00.688" endtime="20220315 18:36:00.796"/>
</kw>
<status status="PASS" starttime="20220315 18:36:00.688" endtime="20220315 18:36:00.796"/>
</kw>
<kw name="-CERRAR CHARLES-" library="libraries_keywords">
<kw name="Terminate All Charles Proxy Sessions" library="charles_library">
<status status="PASS" starttime="20220315 18:36:00.797" endtime="20220315 18:36:00.958"/>
</kw>
<status status="PASS" starttime="20220315 18:36:00.797" endtime="20220315 18:36:00.959"/>
</kw>
<status status="PASS" starttime="20220315 18:36:00.229" endtime="20220315 18:36:00.959"/>
</kw>
<doc>tester, archivo para probar cambios</doc>
<status status="FAIL" starttime="20220315 18:35:17.007" endtime="20220315 18:36:00.959"/>
</suite>
<statistics>
<total>
<stat pass="0" fail="1" skip="0">All Tests</stat>
</total>
<tag>
<stat pass="0" fail="1" skip="0">test_funcional</stat>
</tag>
<suite>
<stat pass="0" fail="1" skip="0" id="s1" name="Tester">Tester</stat>
</suite>
</statistics>
<errors>
</errors>
</robot>
