<?xml version="1.0" encoding="UTF-8"?>
<robot generator="Robot 4.0.3 (Python 3.9.5 on darwin)" generated="20210831 18:36:27.462" rpa="false" schemaversion="2">
<suite id="s1" name="Suites">
<suite id="s1-s1" name="CV-MX-WEB-REGISTER &amp; PROMOS PAGES" source="/Users/at/Desktop/AT-auto/robotFramework/auto_py/QC-WEB-MX/testCases/CV-MX-WEB-REGISTER_&amp;_PROMOS_PAGES.robot">
<kw name="Iniciar configuracion suitetest" library="sharedkeywords" type="SETUP">
<kw name="run charles and record" library="sharedkeywords">
<kw name="Start Charles Proxy In Headless Mode" library="charles_library">
<status status="PASS" starttime="20210831 18:36:27.676" endtime="20210831 18:36:31.680"/>
</kw>
<kw name="Start Charles Proxy Session Recording" library="charles_library">
<status status="PASS" starttime="20210831 18:36:31.680" endtime="20210831 18:36:31.708"/>
</kw>
<status status="PASS" starttime="20210831 18:36:27.675" endtime="20210831 18:36:31.708"/>
</kw>
<status status="PASS" starttime="20210831 18:36:27.675" endtime="20210831 18:36:31.708"/>
</kw>
<test id="s1-s1-t1" name="CV-WEB-MX- VALIDAR ELEMENTOS Y TEXTOS REGISTER PAGE">
<kw name="Iniciar configuracion test" library="sharedkeywords" type="SETUP">
<kw name="Configurar Directorio screenshots" library="sharedkeywords">
<kw name="Set Screenshot Directory" library="SeleniumLibrary">
<arg>${screenshots}</arg>
<doc>Sets the directory for captured screenshots.</doc>
<status status="PASS" starttime="20210831 18:36:31.710" endtime="20210831 18:36:31.710"/>
</kw>
<status status="PASS" starttime="20210831 18:36:31.709" endtime="20210831 18:36:31.711"/>
</kw>
<status status="PASS" starttime="20210831 18:36:31.709" endtime="20210831 18:36:31.711"/>
</kw>
<kw name="Abrir register page" library="sharedkeywords">
<kw name="Open Browser" library="SeleniumLibrary">
<arg>https://www.clarovideo.com/mexico/register</arg>
<arg>${browser}</arg>
<doc>Opens a new browser instance to the optional ``url``.</doc>
<msg timestamp="20210831 18:36:31.712" level="INFO">Opening browser 'chrome' to base url 'https://www.clarovideo.com/mexico/register'.</msg>
<kw name="Capture Page Screenshot" library="SeleniumLibrary">
<doc>Takes a screenshot of the current page and embeds it into a log file.</doc>
<msg timestamp="20210831 18:36:33.999" level="INFO">Cannot capture screenshot because no browser is open.</msg>
<status status="PASS" starttime="20210831 18:36:33.998" endtime="20210831 18:36:34.000"/>
</kw>
<msg timestamp="20210831 18:36:34.003" level="FAIL">SessionNotCreatedException: Message: session not created: This version of ChromeDriver only supports Chrome version 91
Current browser version is 93.0.4577.63 with binary path /Applications/Google Chrome.app/Contents/MacOS/Google Chrome
</msg>
<status status="FAIL" starttime="20210831 18:36:31.712" endtime="20210831 18:36:34.003"/>
</kw>
<status status="FAIL" starttime="20210831 18:36:31.711" endtime="20210831 18:36:34.004"/>
</kw>
<kw name="Validar textos y elementos" library="sharedkeywords">
<arg>${elementos_register_page}</arg>
<arg>${textos_register_page}</arg>
<status status="NOT RUN" starttime="20210831 18:36:34.005" endtime="20210831 18:36:34.005"/>
</kw>
<kw name="Terminar configuracion test" library="sharedkeywords" type="TEARDOWN">
<kw name="Capture Page Screenshot" library="SeleniumLibrary">
<doc>Takes a screenshot of the current page and embeds it into a log file.</doc>
<msg timestamp="20210831 18:36:34.007" level="INFO">Cannot capture screenshot because no browser is open.</msg>
<status status="PASS" starttime="20210831 18:36:34.006" endtime="20210831 18:36:34.007"/>
</kw>
<kw name="Cerrar Browser" library="sharedkeywords">
<kw name="Close Browser" library="SeleniumLibrary">
<doc>Closes the current browser.</doc>
<status status="PASS" starttime="20210831 18:36:34.008" endtime="20210831 18:36:34.008"/>
</kw>
<status status="PASS" starttime="20210831 18:36:34.007" endtime="20210831 18:36:34.008"/>
</kw>
<status status="PASS" starttime="20210831 18:36:34.005" endtime="20210831 18:36:34.009"/>
</kw>
<status status="FAIL" starttime="20210831 18:36:31.708" endtime="20210831 18:36:34.009">SessionNotCreatedException: Message: session not created: This version of ChromeDriver only supports Chrome version 91
Current browser version is 93.0.4577.63 with binary path /Applications/Google Chrome.app/Contents/MacOS/Google Chrome
</status>
</test>
<test id="s1-s1-t2" name="CV-WEB-MX- VALIDAR ELEMENTOS Y TEXTOS REGISTER PAGE-T&amp;C FRAME">
<kw name="Iniciar configuracion test" library="sharedkeywords" type="SETUP">
<kw name="Configurar Directorio screenshots" library="sharedkeywords">
<kw name="Set Screenshot Directory" library="SeleniumLibrary">
<arg>${screenshots}</arg>
<doc>Sets the directory for captured screenshots.</doc>
<status status="PASS" starttime="20210831 18:36:34.012" endtime="20210831 18:36:34.013"/>
</kw>
<status status="PASS" starttime="20210831 18:36:34.012" endtime="20210831 18:36:34.013"/>
</kw>
<status status="PASS" starttime="20210831 18:36:34.011" endtime="20210831 18:36:34.013"/>
</kw>
<kw name="Abrir register page" library="sharedkeywords">
<kw name="Open Browser" library="SeleniumLibrary">
<arg>https://www.clarovideo.com/mexico/register</arg>
<arg>${browser}</arg>
<doc>Opens a new browser instance to the optional ``url``.</doc>
<msg timestamp="20210831 18:36:34.015" level="INFO">Opening browser 'chrome' to base url 'https://www.clarovideo.com/mexico/register'.</msg>
<kw name="Capture Page Screenshot" library="SeleniumLibrary">
<doc>Takes a screenshot of the current page and embeds it into a log file.</doc>
<msg timestamp="20210831 18:36:36.245" level="INFO">Cannot capture screenshot because no browser is open.</msg>
<status status="PASS" starttime="20210831 18:36:36.245" endtime="20210831 18:36:36.246"/>
</kw>
<msg timestamp="20210831 18:36:36.246" level="FAIL">SessionNotCreatedException: Message: session not created: This version of ChromeDriver only supports Chrome version 91
Current browser version is 93.0.4577.63 with binary path /Applications/Google Chrome.app/Contents/MacOS/Google Chrome
</msg>
<status status="FAIL" starttime="20210831 18:36:34.014" endtime="20210831 18:36:36.246"/>
</kw>
<status status="FAIL" starttime="20210831 18:36:34.014" endtime="20210831 18:36:36.247"/>
</kw>
<kw name="Click Element" library="SeleniumLibrary">
<arg>${elementos_register_page['reg_terms_link']}</arg>
<doc>Click the element identified by ``locator``.</doc>
<status status="NOT RUN" starttime="20210831 18:36:36.247" endtime="20210831 18:36:36.247"/>
</kw>
<kw name="Wait Until Element Is Visible" library="SeleniumLibrary">
<arg>${elementos_terminosycondiciones['texto_terminos']}</arg>
<doc>Waits until the element ``locator`` is visible.</doc>
<status status="NOT RUN" starttime="20210831 18:36:36.247" endtime="20210831 18:36:36.247"/>
</kw>
<kw name="Get Text" library="SeleniumLibrary">
<var>${textoterminos}</var>
<arg>${elementos_terminosycondiciones['texto_terminos']}</arg>
<doc>Returns the text value of the element identified by ``locator``.</doc>
<status status="NOT RUN" starttime="20210831 18:36:36.248" endtime="20210831 18:36:36.248"/>
</kw>
<kw name="Get File" library="OperatingSystem">
<var>${textoficialterminos}</var>
<arg>/Users/at/Desktop/AT-auto/robotFramework/auto_py/QC-WEB-MX/resources/CV-POM/terminosyCondicionesPage/terminosycondicionesMX2021.txt</arg>
<arg>encoding=UTF-8</arg>
<arg>encoding_errors=strict</arg>
<doc>Returns the contents of a specified file.</doc>
<status status="NOT RUN" starttime="20210831 18:36:36.248" endtime="20210831 18:36:36.248"/>
</kw>
<kw name="Should Be Equal As Strings" library="BuiltIn">
<arg>${textoterminos}</arg>
<arg>${textoficialterminos}</arg>
<doc>Fails if objects are unequal after converting them to strings.</doc>
<status status="NOT RUN" starttime="20210831 18:36:36.248" endtime="20210831 18:36:36.248"/>
</kw>
<kw name="Log" library="BuiltIn">
<arg>${textoterminos}</arg>
<doc>Logs the given message with the given level.</doc>
<status status="NOT RUN" starttime="20210831 18:36:36.248" endtime="20210831 18:36:36.249"/>
</kw>
<kw name="Log" library="BuiltIn">
<arg>${textoficialterminos}</arg>
<doc>Logs the given message with the given level.</doc>
<status status="NOT RUN" starttime="20210831 18:36:36.249" endtime="20210831 18:36:36.249"/>
</kw>
<kw name="Terminar configuracion test" library="sharedkeywords" type="TEARDOWN">
<kw name="Capture Page Screenshot" library="SeleniumLibrary">
<doc>Takes a screenshot of the current page and embeds it into a log file.</doc>
<msg timestamp="20210831 18:36:36.250" level="INFO">Cannot capture screenshot because no browser is open.</msg>
<status status="PASS" starttime="20210831 18:36:36.250" endtime="20210831 18:36:36.250"/>
</kw>
<kw name="Cerrar Browser" library="sharedkeywords">
<kw name="Close Browser" library="SeleniumLibrary">
<doc>Closes the current browser.</doc>
<status status="PASS" starttime="20210831 18:36:36.251" endtime="20210831 18:36:36.251"/>
</kw>
<status status="PASS" starttime="20210831 18:36:36.250" endtime="20210831 18:36:36.251"/>
</kw>
<status status="PASS" starttime="20210831 18:36:36.249" endtime="20210831 18:36:36.251"/>
</kw>
<status status="FAIL" starttime="20210831 18:36:34.010" endtime="20210831 18:36:36.251">SessionNotCreatedException: Message: session not created: This version of ChromeDriver only supports Chrome version 91
Current browser version is 93.0.4577.63 with binary path /Applications/Google Chrome.app/Contents/MacOS/Google Chrome
</status>
</test>
<test id="s1-s1-t3" name="CV-WEB-MX- VALIDAR ELEMENTOS Y TEXTOS REGISTER PAGE-TELMEX FRAME">
<kw name="Iniciar configuracion test" library="sharedkeywords" type="SETUP">
<kw name="Configurar Directorio screenshots" library="sharedkeywords">
<kw name="Set Screenshot Directory" library="SeleniumLibrary">
<arg>${screenshots}</arg>
<doc>Sets the directory for captured screenshots.</doc>
<status status="PASS" starttime="20210831 18:36:36.253" endtime="20210831 18:36:36.254"/>
</kw>
<status status="PASS" starttime="20210831 18:36:36.253" endtime="20210831 18:36:36.254"/>
</kw>
<status status="PASS" starttime="20210831 18:36:36.252" endtime="20210831 18:36:36.254"/>
</kw>
<kw name="Abrir register page" library="sharedkeywords">
<kw name="Open Browser" library="SeleniumLibrary">
<arg>https://www.clarovideo.com/mexico/register</arg>
<arg>${browser}</arg>
<doc>Opens a new browser instance to the optional ``url``.</doc>
<msg timestamp="20210831 18:36:36.255" level="INFO">Opening browser 'chrome' to base url 'https://www.clarovideo.com/mexico/register'.</msg>
<kw name="Capture Page Screenshot" library="SeleniumLibrary">
<doc>Takes a screenshot of the current page and embeds it into a log file.</doc>
<msg timestamp="20210831 18:36:38.474" level="INFO">Cannot capture screenshot because no browser is open.</msg>
<status status="PASS" starttime="20210831 18:36:38.474" endtime="20210831 18:36:38.475"/>
</kw>
<msg timestamp="20210831 18:36:38.475" level="FAIL">SessionNotCreatedException: Message: session not created: This version of ChromeDriver only supports Chrome version 91
Current browser version is 93.0.4577.63 with binary path /Applications/Google Chrome.app/Contents/MacOS/Google Chrome
</msg>
<status status="FAIL" starttime="20210831 18:36:36.254" endtime="20210831 18:36:38.475"/>
</kw>
<status status="FAIL" starttime="20210831 18:36:36.254" endtime="20210831 18:36:38.476"/>
</kw>
<kw name="Wait Until Element Is Visible" library="SeleniumLibrary">
<arg>${elementos_register_page['reg_terms_promo']}</arg>
<doc>Waits until the element ``locator`` is visible.</doc>
<status status="NOT RUN" starttime="20210831 18:36:38.476" endtime="20210831 18:36:38.476"/>
</kw>
<kw name="Click Element" library="SeleniumLibrary">
<arg>${elementos_register_page['reg_terms_promo']}</arg>
<doc>Click the element identified by ``locator``.</doc>
<status status="NOT RUN" starttime="20210831 18:36:38.476" endtime="20210831 18:36:38.476"/>
</kw>
<kw name="Wait Until Element Is Visible" library="SeleniumLibrary">
<arg>${elementos_conocePromos['telmex_texto_promos']}</arg>
<doc>Waits until the element ``locator`` is visible.</doc>
<status status="NOT RUN" starttime="20210831 18:36:38.477" endtime="20210831 18:36:38.477"/>
</kw>
<kw name="Get Text" library="SeleniumLibrary">
<var>${textotelmex_promos}</var>
<arg>${elementos_conocePromos['telmex_texto_promos']}</arg>
<doc>Returns the text value of the element identified by ``locator``.</doc>
<status status="NOT RUN" starttime="20210831 18:36:38.477" endtime="20210831 18:36:38.477"/>
</kw>
<kw name="Get File" library="OperatingSystem">
<var>${textooficialtelmex_promos}</var>
<arg>/Users/at/Desktop/AT-auto/robotFramework/auto_py/QC-WEB-MX/resources/CV-POM/conocelaspromocionesPage/textopromocionesTELMEX.txt</arg>
<arg>encoding=UTF-8</arg>
<arg>encoding_errors=strict</arg>
<doc>Returns the contents of a specified file.</doc>
<status status="NOT RUN" starttime="20210831 18:36:38.477" endtime="20210831 18:36:38.477"/>
</kw>
<kw name="Should Be Equal As Strings" library="BuiltIn">
<arg>${textotelmex_promos}</arg>
<arg>${textooficialtelmex_promos}</arg>
<doc>Fails if objects are unequal after converting them to strings.</doc>
<status status="NOT RUN" starttime="20210831 18:36:38.477" endtime="20210831 18:36:38.478"/>
</kw>
<kw name="Log" library="BuiltIn">
<arg>${textotelmex_promos}</arg>
<doc>Logs the given message with the given level.</doc>
<status status="NOT RUN" starttime="20210831 18:36:38.478" endtime="20210831 18:36:38.478"/>
</kw>
<kw name="Log" library="BuiltIn">
<arg>${textooficialtelmex_promos}</arg>
<doc>Logs the given message with the given level.</doc>
<status status="NOT RUN" starttime="20210831 18:36:38.478" endtime="20210831 18:36:38.478"/>
</kw>
<kw name="Terminar configuracion test" library="sharedkeywords" type="TEARDOWN">
<kw name="Capture Page Screenshot" library="SeleniumLibrary">
<doc>Takes a screenshot of the current page and embeds it into a log file.</doc>
<msg timestamp="20210831 18:36:38.479" level="INFO">Cannot capture screenshot because no browser is open.</msg>
<status status="PASS" starttime="20210831 18:36:38.479" endtime="20210831 18:36:38.479"/>
</kw>
<kw name="Cerrar Browser" library="sharedkeywords">
<kw name="Close Browser" library="SeleniumLibrary">
<doc>Closes the current browser.</doc>
<status status="PASS" starttime="20210831 18:36:38.480" endtime="20210831 18:36:38.480"/>
</kw>
<status status="PASS" starttime="20210831 18:36:38.479" endtime="20210831 18:36:38.480"/>
</kw>
<status status="PASS" starttime="20210831 18:36:38.478" endtime="20210831 18:36:38.481"/>
</kw>
<status status="FAIL" starttime="20210831 18:36:36.252" endtime="20210831 18:36:38.481">SessionNotCreatedException: Message: session not created: This version of ChromeDriver only supports Chrome version 91
Current browser version is 93.0.4577.63 with binary path /Applications/Google Chrome.app/Contents/MacOS/Google Chrome
</status>
</test>
<test id="s1-s1-t4" name="CV-WEB-MX- VALIDAR ELEMENTOS Y TEXTOS REGISTER PAGE-TELCEL FRAME">
<kw name="Iniciar configuracion test" library="sharedkeywords" type="SETUP">
<kw name="Configurar Directorio screenshots" library="sharedkeywords">
<kw name="Set Screenshot Directory" library="SeleniumLibrary">
<arg>${screenshots}</arg>
<doc>Sets the directory for captured screenshots.</doc>
<status status="PASS" starttime="20210831 18:36:38.483" endtime="20210831 18:36:38.484"/>
</kw>
<status status="PASS" starttime="20210831 18:36:38.483" endtime="20210831 18:36:38.484"/>
</kw>
<status status="PASS" starttime="20210831 18:36:38.482" endtime="20210831 18:36:38.484"/>
</kw>
<kw name="Abrir register page" library="sharedkeywords">
<kw name="Open Browser" library="SeleniumLibrary">
<arg>https://www.clarovideo.com/mexico/register</arg>
<arg>${browser}</arg>
<doc>Opens a new browser instance to the optional ``url``.</doc>
<msg timestamp="20210831 18:36:38.485" level="INFO">Opening browser 'chrome' to base url 'https://www.clarovideo.com/mexico/register'.</msg>
<kw name="Capture Page Screenshot" library="SeleniumLibrary">
<doc>Takes a screenshot of the current page and embeds it into a log file.</doc>
<msg timestamp="20210831 18:36:40.735" level="INFO">Cannot capture screenshot because no browser is open.</msg>
<status status="PASS" starttime="20210831 18:36:40.734" endtime="20210831 18:36:40.735"/>
</kw>
<msg timestamp="20210831 18:36:40.736" level="FAIL">SessionNotCreatedException: Message: session not created: This version of ChromeDriver only supports Chrome version 91
Current browser version is 93.0.4577.63 with binary path /Applications/Google Chrome.app/Contents/MacOS/Google Chrome
</msg>
<status status="FAIL" starttime="20210831 18:36:38.485" endtime="20210831 18:36:40.736"/>
</kw>
<status status="FAIL" starttime="20210831 18:36:38.484" endtime="20210831 18:36:40.737"/>
</kw>
<kw name="Wait Until Element Is Visible" library="SeleniumLibrary">
<arg>${elementos_register_page['reg_terms_promo']}</arg>
<doc>Waits until the element ``locator`` is visible.</doc>
<status status="NOT RUN" starttime="20210831 18:36:40.737" endtime="20210831 18:36:40.737"/>
</kw>
<kw name="Click Element" library="SeleniumLibrary">
<arg>${elementos_register_page['reg_terms_promo']}</arg>
<doc>Click the element identified by ``locator``.</doc>
<status status="NOT RUN" starttime="20210831 18:36:40.738" endtime="20210831 18:36:40.738"/>
</kw>
<kw name="Wait Until Element Is Visible" library="SeleniumLibrary">
<arg>${elementos_conocePromos['telcel_texto_promos']}</arg>
<doc>Waits until the element ``locator`` is visible.</doc>
<status status="NOT RUN" starttime="20210831 18:36:40.738" endtime="20210831 18:36:40.738"/>
</kw>
<kw name="Get Text" library="SeleniumLibrary">
<var>${textotelcel_promos}</var>
<arg>${elementos_conocePromos['telcel_texto_promos']}</arg>
<doc>Returns the text value of the element identified by ``locator``.</doc>
<status status="NOT RUN" starttime="20210831 18:36:40.738" endtime="20210831 18:36:40.739"/>
</kw>
<kw name="Get File" library="OperatingSystem">
<var>${textooficialtelcel_promos}</var>
<arg>/Users/at/Desktop/AT-auto/robotFramework/auto_py/QC-WEB-MX/resources/CV-POM/conocelaspromocionesPage/textopromocionesTELCEL.txt</arg>
<arg>encoding=UTF-8</arg>
<arg>encoding_errors=strict</arg>
<doc>Returns the contents of a specified file.</doc>
<status status="NOT RUN" starttime="20210831 18:36:40.739" endtime="20210831 18:36:40.739"/>
</kw>
<kw name="Should Be Equal As Strings" library="BuiltIn">
<arg>${textotelcel_promos}</arg>
<arg>${textooficialtelcel_promos}</arg>
<doc>Fails if objects are unequal after converting them to strings.</doc>
<status status="NOT RUN" starttime="20210831 18:36:40.739" endtime="20210831 18:36:40.739"/>
</kw>
<kw name="Log" library="BuiltIn">
<arg>${textotelcel_promos}</arg>
<doc>Logs the given message with the given level.</doc>
<status status="NOT RUN" starttime="20210831 18:36:40.739" endtime="20210831 18:36:40.740"/>
</kw>
<kw name="Log" library="BuiltIn">
<arg>${textooficialtelcel_promos}</arg>
<doc>Logs the given message with the given level.</doc>
<status status="NOT RUN" starttime="20210831 18:36:40.740" endtime="20210831 18:36:40.740"/>
</kw>
<kw name="Terminar configuracion test" library="sharedkeywords" type="TEARDOWN">
<kw name="Capture Page Screenshot" library="SeleniumLibrary">
<doc>Takes a screenshot of the current page and embeds it into a log file.</doc>
<msg timestamp="20210831 18:36:40.741" level="INFO">Cannot capture screenshot because no browser is open.</msg>
<status status="PASS" starttime="20210831 18:36:40.741" endtime="20210831 18:36:40.741"/>
</kw>
<kw name="Cerrar Browser" library="sharedkeywords">
<kw name="Close Browser" library="SeleniumLibrary">
<doc>Closes the current browser.</doc>
<status status="PASS" starttime="20210831 18:36:40.742" endtime="20210831 18:36:40.742"/>
</kw>
<status status="PASS" starttime="20210831 18:36:40.741" endtime="20210831 18:36:40.742"/>
</kw>
<status status="PASS" starttime="20210831 18:36:40.740" endtime="20210831 18:36:40.743"/>
</kw>
<status status="FAIL" starttime="20210831 18:36:38.482" endtime="20210831 18:36:40.743">SessionNotCreatedException: Message: session not created: This version of ChromeDriver only supports Chrome version 91
Current browser version is 93.0.4577.63 with binary path /Applications/Google Chrome.app/Contents/MacOS/Google Chrome
</status>
</test>
<kw name="Terminar configuracion suitetest" library="sharedkeywords" type="TEARDOWN">
<kw name="download charles .chls and close it" library="sharedkeywords">
<kw name="Stop Charles Proxy Session Recording" library="charles_library">
<status status="PASS" starttime="20210831 18:36:40.746" endtime="20210831 18:36:40.755"/>
</kw>
<kw name="Download Charles Proxy Session Recording" library="charles_library">
<status status="PASS" starttime="20210831 18:36:40.755" endtime="20210831 18:36:40.765"/>
</kw>
<kw name="Terminate All Charles Proxy Sessions" library="charles_library">
<status status="PASS" starttime="20210831 18:36:40.765" endtime="20210831 18:36:40.892"/>
</kw>
<status status="PASS" starttime="20210831 18:36:40.745" endtime="20210831 18:36:40.892"/>
</kw>
<kw name="Cerrar todos los navegadores" library="sharedkeywords">
<kw name="Close All Browsers" library="SeleniumLibrary">
<doc>Closes all open browsers and resets the browser cache.</doc>
<status status="PASS" starttime="20210831 18:36:40.893" endtime="20210831 18:36:40.893"/>
</kw>
<status status="PASS" starttime="20210831 18:36:40.892" endtime="20210831 18:36:40.893"/>
</kw>
<status status="PASS" starttime="20210831 18:36:40.745" endtime="20210831 18:36:40.894"/>
</kw>
<doc>validar presencia de elementos y textos de cada elemento en REGISTER PAGE, T&amp;C PAGE, PROMOTIONS_TELMEX, PROMOTIONS_TELCEL</doc>
<status status="FAIL" starttime="20210831 18:36:27.495" endtime="20210831 18:36:40.894"/>
</suite>
<status status="FAIL" starttime="20210831 18:36:27.473" endtime="20210831 18:36:40.900"/>
</suite>
<statistics>
<total>
<stat pass="0" fail="4" skip="0">All Tests</stat>
</total>
<tag>
</tag>
<suite>
<stat pass="0" fail="4" skip="0" id="s1" name="Suites">Suites</stat>
<stat pass="0" fail="4" skip="0" id="s1-s1" name="CV-MX-WEB-REGISTER &amp; PROMOS PAGES">Suites.CV-MX-WEB-REGISTER &amp; PROMOS PAGES</stat>
</suite>
</statistics>
<errors>
<msg timestamp="20210831 18:36:27.503" level="ERROR">Error in resource file '/Users/at/Desktop/AT-auto/robotFramework/auto_py/QC-WEB-MX/resources/keywords/sharedkeywords.robot': Creating keyword 'validador de texto con txt' failed: Invalid argument specification: Invalid argument syntax '${e1['${element}']'.</msg>
<msg timestamp="20210831 18:36:27.674" level="ERROR">Error in file '/Users/at/Desktop/AT-auto/robotFramework/auto_py/QC-WEB-MX/resources/keywords/sharedkeywords.robot' on line 25: Variable file '/Users/at/Desktop/AT-auto/robotFramework/auto_py/QC-WEB-MX/resources/CV-POM/EC-brf-6744/Licencia_usuario_final.py' does not exist.</msg>
<msg timestamp="20210831 18:36:27.674" level="ERROR">Error in file '/Users/at/Desktop/AT-auto/robotFramework/auto_py/QC-WEB-MX/resources/keywords/sharedkeywords.robot' on line 26: Variable file '/Users/at/Desktop/AT-auto/robotFramework/auto_py/QC-WEB-MX/resources/CV-POM/EC-brf-6744/politicas_de_privacidad.py' does not exist.</msg>
</errors>
</robot>
